#
# There is insufficient memory for the Java Runtime Environment to continue.
# Native memory allocation (malloc) failed to allocate 450048 bytes. Error detail: Chunk::new
# Possible reasons:
#   The system is out of physical RAM or swap space
#   This process is running with CompressedOops enabled, and the Java Heap may be blocking the growth of the native heap
# Possible solutions:
#   Reduce memory load on the system
#   Increase physical memory or swap space
#   Check if swap backing store is full
#   Decrease Java heap size (-Xmx/-Xms)
#   Decrease number of Java threads
#   Decrease Java thread stack sizes (-Xss)
#   Set larger code cache with -XX:ReservedCodeCacheSize=
#   JVM is running with Unscaled Compressed Oops mode in which the Java heap is
#     placed in the first 4GB address space. The Java Heap base address is the
#     maximum limit for the native heap growth. Please use -XX:HeapBaseMinAddress
#     to set the Java Heap base and to place the Java Heap above 4GB virtual address.
# This output file may be truncated or incomplete.
#
#  Out of Memory Error (arena.cpp:150), pid=36836, tid=9116
#
# JRE version: Java(TM) SE Runtime Environment (22.0.2+9) (build 22.0.2+9-70)
# Java VM: Java HotSpot(TM) 64-Bit Server VM (22.0.2+9-70, mixed mode, sharing, tiered, compressed oops, compressed class ptrs, g1 gc, windows-amd64)
# No core dump will be written. Minidumps are not enabled by default on client versions of Windows
#

---------------  S U M M A R Y ------------

Command Line: --add-opens=java.base/java.lang=ALL-UNNAMED --add-opens=java.base/java.lang.invoke=ALL-UNNAMED --add-opens=java.base/java.util=ALL-UNNAMED --add-opens=java.prefs/java.util.prefs=ALL-UNNAMED --add-exports=jdk.compiler/com.sun.tools.javac.api=ALL-UNNAMED --add-exports=jdk.compiler/com.sun.tools.javac.util=ALL-UNNAMED --add-opens=java.base/java.util=ALL-UNNAMED --add-opens=java.prefs/java.util.prefs=ALL-UNNAMED --add-opens=java.base/java.nio.charset=ALL-UNNAMED --add-opens=java.base/java.net=ALL-UNNAMED --add-opens=java.base/java.util.concurrent.atomic=ALL-UNNAMED --add-opens=java.xml/javax.xml.namespace=ALL-UNNAMED -Xmx2048m -Dfile.encoding=UTF-8 -Duser.country=ID -Duser.language=en -Duser.variant -javaagent:C:\Users\Asus\.gradle\wrapper\dists\gradle-8.13-bin\5xuhj0ry160q40clulazy9h7d\gradle-8.13\lib\agents\gradle-instrumentation-agent-8.13.jar org.gradle.launcher.daemon.bootstrap.GradleDaemon 8.13

Host: AMD Ryzen 7 5800HS with Radeon Graphics        , 16 cores, 15G,  Windows 11 , 64 bit Build 26100 (10.0.26100.6725)
Time: Sun Nov  2 01:19:26 2025 SE Asia Standard Time elapsed time: 1.788323 seconds (0d 0h 0m 1s)

---------------  T H R E A D  ---------------

Current thread (0x000002019eacf9c0):  JavaThread "C2 CompilerThread2" daemon [_thread_in_native, id=9116, stack(0x0000007cfc400000,0x0000007cfc500000) (1024K)]


Current CompileTask:
C2:1788 2624       4       org.gradle.internal.logging.text.AbstractLineChoppingStyledTextOutput::doAppend (43 bytes)

Stack: [0x0000007cfc400000,0x0000007cfc500000]
Native frames: (J=compiled Java code, j=interpreted, Vv=VM code, C=native code)
V  [jvm.dll+0x6e26e9]  (no source info available)
V  [jvm.dll+0x875753]  (no source info available)
V  [jvm.dll+0x877b7e]  (no source info available)
V  [jvm.dll+0x878253]  (no source info available)
V  [jvm.dll+0x27fc86]  (no source info available)
V  [jvm.dll+0xc3d0f]  (no source info available)
V  [jvm.dll+0xc3f6b]  (no source info available)
V  [jvm.dll+0x3bb47c]  (no source info available)
V  [jvm.dll+0x387d4b]  (no source info available)
V  [jvm.dll+0x3871ba]  (no source info available)
V  [jvm.dll+0x2477f8]  (no source info available)
V  [jvm.dll+0x246e9f]  (no source info available)
V  [jvm.dll+0x1c4e80]  (no source info available)
V  [jvm.dll+0x2568f3]  (no source info available)
V  [jvm.dll+0x254baa]  (no source info available)
V  [jvm.dll+0x3f57a6]  (no source info available)
V  [jvm.dll+0x81dc0b]  (no source info available)
V  [jvm.dll+0x6e0d85]  (no source info available)
C  [ucrtbase.dll+0x37b0]  (no source info available)
C  [KERNEL32.DLL+0x2e8d7]  (no source info available)
C  [ntdll.dll+0x8c53c]  (no source info available)


---------------  P R O C E S S  ---------------

Threads class SMR info:
_java_thread_list=0x000002019eb84010, length=26, elements={
0x00000201380e7580, 0x0000020157573be0, 0x0000020157575360, 0x00000201575774f0,
0x000002015757b320, 0x000002015757d8f0, 0x0000020157586360, 0x000002015785aeb0,
0x000002015785c290, 0x0000020157972ac0, 0x0000020157a82000, 0x0000020157a84fd0,
0x0000020157b3e960, 0x0000020157bae690, 0x000002019dee68b0, 0x000002019e950010,
0x000002019e9dd480, 0x000002019eacf9c0, 0x000002019ea7e4b0, 0x000002019eadea00,
0x000002019eaf4860, 0x000002019ebe1de0, 0x000002019ec23c10, 0x000002019ec214b0,
0x000002019ec22ef0, 0x000002019ec20e20
}

Java Threads: ( => current thread )
  0x00000201380e7580 JavaThread "main"                              [_thread_blocked, id=36196, stack(0x0000007cfa400000,0x0000007cfa500000) (1024K)]
  0x0000020157573be0 JavaThread "Reference Handler"          daemon [_thread_blocked, id=28240, stack(0x0000007cfac00000,0x0000007cfad00000) (1024K)]
  0x0000020157575360 JavaThread "Finalizer"                  daemon [_thread_blocked, id=35824, stack(0x0000007cfad00000,0x0000007cfae00000) (1024K)]
  0x00000201575774f0 JavaThread "Signal Dispatcher"          daemon [_thread_blocked, id=36320, stack(0x0000007cfae00000,0x0000007cfaf00000) (1024K)]
  0x000002015757b320 JavaThread "Attach Listener"            daemon [_thread_blocked, id=31968, stack(0x0000007cfaf00000,0x0000007cfb000000) (1024K)]
  0x000002015757d8f0 JavaThread "Service Thread"             daemon [_thread_blocked, id=36152, stack(0x0000007cfb000000,0x0000007cfb100000) (1024K)]
  0x0000020157586360 JavaThread "Monitor Deflation Thread"   daemon [_thread_blocked, id=31340, stack(0x0000007cfb100000,0x0000007cfb200000) (1024K)]
  0x000002015785aeb0 JavaThread "C2 CompilerThread0"         daemon [_thread_in_native, id=16892, stack(0x0000007cfb200000,0x0000007cfb300000) (1024K)]
  0x000002015785c290 JavaThread "C1 CompilerThread0"         daemon [_thread_in_native, id=30432, stack(0x0000007cfb300000,0x0000007cfb400000) (1024K)]
  0x0000020157972ac0 JavaThread "C1 CompilerThread1"         daemon [_thread_in_vm, id=33096, stack(0x0000007cfb400000,0x0000007cfb500000) (1024K)]
  0x0000020157a82000 JavaThread "Common-Cleaner"             daemon [_thread_blocked, id=20500, stack(0x0000007cfb500000,0x0000007cfb600000) (1024K)]
  0x0000020157a84fd0 JavaThread "C1 CompilerThread2"         daemon [_thread_blocked, id=33832, stack(0x0000007cfb600000,0x0000007cfb700000) (1024K)]
  0x0000020157b3e960 JavaThread "Notification Thread"        daemon [_thread_blocked, id=25660, stack(0x0000007cfb700000,0x0000007cfb800000) (1024K)]
  0x0000020157bae690 JavaThread "C2 CompilerThread1"         daemon [_thread_in_native, id=34416, stack(0x0000007cfb800000,0x0000007cfb900000) (1024K)]
  0x000002019dee68b0 JavaThread "C1 CompilerThread3"         daemon [_thread_in_native, id=35688, stack(0x0000007cfbf00000,0x0000007cfc000000) (1024K)]
  0x000002019e950010 JavaThread "Daemon health stats"               [_thread_blocked, id=24376, stack(0x0000007cfb900000,0x0000007cfba00000) (1024K)]
  0x000002019e9dd480 JavaThread "Incoming local TCP Connector on port 61961"        [_thread_in_native, id=33228, stack(0x0000007cfc300000,0x0000007cfc400000) (1024K)]
=>0x000002019eacf9c0 JavaThread "C2 CompilerThread2"         daemon [_thread_in_native, id=9116, stack(0x0000007cfc400000,0x0000007cfc500000) (1024K)]
  0x000002019ea7e4b0 JavaThread "Daemon periodic checks"            [_thread_blocked, id=36780, stack(0x0000007cfc500000,0x0000007cfc600000) (1024K)]
  0x000002019eadea00 JavaThread "Daemon"                            [_thread_blocked, id=34388, stack(0x0000007cfc600000,0x0000007cfc700000) (1024K)]
  0x000002019eaf4860 JavaThread "Handler for socket connection from /127.0.0.1:61961 to /127.0.0.1:61962"        [_thread_in_native, id=33204, stack(0x0000007cfc700000,0x0000007cfc800000) (1024K)]
  0x000002019ebe1de0 JavaThread "Cancel handler"                    [_thread_blocked, id=36844, stack(0x0000007cfc800000,0x0000007cfc900000) (1024K)]
  0x000002019ec23c10 JavaThread "Daemon worker"                     [_thread_in_vm, id=36300, stack(0x0000007cfc900000,0x0000007cfca00000) (1024K)]
  0x000002019ec214b0 JavaThread "Asynchronous log dispatcher for DefaultDaemonConnection: socket connection from /127.0.0.1:61961 to /127.0.0.1:61962"        [_thread_blocked, id=10460, stack(0x0000007cfca00000,0x0000007cfcb00000) (1024K)]
  0x000002019ec22ef0 JavaThread "Stdin handler"                     [_thread_blocked, id=8120, stack(0x0000007cfcb00000,0x0000007cfcc00000) (1024K)]
  0x000002019ec20e20 JavaThread "Daemon client event forwarder"        [_thread_blocked, id=35060, stack(0x0000007cfcc00000,0x0000007cfcd00000) (1024K)]
Total: 26

Other Threads:
  0x0000020157556790 VMThread "VM Thread"                           [id=30584, stack(0x0000007cfab00000,0x0000007cfac00000) (1024K)]
  0x0000020157541de0 WatcherThread "VM Periodic Task Thread"        [id=33840, stack(0x0000007cfaa00000,0x0000007cfab00000) (1024K)]
  0x000002013a473480 WorkerThread "GC Thread#0"                     [id=35896, stack(0x0000007cfa500000,0x0000007cfa600000) (1024K)]
  0x000002019d0cdc30 WorkerThread "GC Thread#1"                     [id=35232, stack(0x0000007cfbb00000,0x0000007cfbc00000) (1024K)]
  0x000002019d62cc50 WorkerThread "GC Thread#2"                     [id=15288, stack(0x0000007cfbc00000,0x0000007cfbd00000) (1024K)]
  0x000002019d0608d0 WorkerThread "GC Thread#3"                     [id=36316, stack(0x0000007cfbd00000,0x0000007cfbe00000) (1024K)]
  0x000002019d61c3f0 WorkerThread "GC Thread#4"                     [id=12252, stack(0x0000007cfbe00000,0x0000007cfbf00000) (1024K)]
  0x000002019e9e2a90 WorkerThread "GC Thread#5"                     [id=33712, stack(0x0000007cfba00000,0x0000007cfbb00000) (1024K)]
  0x000002019e9e6300 WorkerThread "GC Thread#6"                     [id=34860, stack(0x0000007cfc000000,0x0000007cfc100000) (1024K)]
  0x000002019e9e66b0 WorkerThread "GC Thread#7"                     [id=34180, stack(0x0000007cfc100000,0x0000007cfc200000) (1024K)]
  0x000002019e9e7270 WorkerThread "GC Thread#8"                     [id=34240, stack(0x0000007cfc200000,0x0000007cfc300000) (1024K)]
  0x000002013a485370 ConcurrentGCThread "G1 Main Marker"            [id=35644, stack(0x0000007cfa600000,0x0000007cfa700000) (1024K)]
  0x000002013a486530 WorkerThread "G1 Conc#0"                       [id=36444, stack(0x0000007cfa700000,0x0000007cfa800000) (1024K)]
  0x0000020157493900 ConcurrentGCThread "G1 Refine#0"               [id=36076, stack(0x0000007cfa800000,0x0000007cfa900000) (1024K)]
  0x0000020157494390 ConcurrentGCThread "G1 Service"                [id=35084, stack(0x0000007cfa900000,0x0000007cfaa00000) (1024K)]
Total: 15

Threads with active compile tasks:
C2 CompilerThread0  1891 2717       4       java.lang.String::startsWith (7 bytes)
C2 CompilerThread1  1891 2715   !   4       java.util.zip.InflaterInputStream::read (129 bytes)
C2 CompilerThread2  1891 2624       4       org.gradle.internal.logging.text.AbstractLineChoppingStyledTextOutput::doAppend (43 bytes)
Total: 3

VM state: not at safepoint (normal execution)

VM Mutex/Monitor currently owned by a thread: None

Heap address: 0x0000000080000000, size: 2048 MB, Compressed Oops mode: 32-bit

CDS archive(s) mapped at: [0x0000020158000000-0x0000020158c60000-0x0000020158c60000), size 12976128, SharedBaseAddress: 0x0000020158000000, ArchiveRelocationMode: 1.
Compressed class space mapped at: 0x0000020159000000-0x0000020199000000, reserved size: 1073741824
Narrow klass base: 0x0000020158000000, Narrow klass shift: 0, Narrow klass range: 0x41000000

GC Precious Log:
 CardTable entry size: 512
 Card Set container configuration: InlinePtr #cards 5 size 8 Array Of Cards #cards 12 size 40 Howl #buckets 4 coarsen threshold 1843 Howl Bitmap #cards 512 size 80 coarsen threshold 460 Card regions per heap region 1 cards per card region 2048
 CPUs: 16 total, 16 available
 Memory: 15775M
 Large Page Support: Disabled
 NUMA Support: Disabled
 Compressed Oops: Enabled (32-bit)
 Heap Region Size: 1M
 Heap Min Capacity: 8M
 Heap Initial Capacity: 248M
 Heap Max Capacity: 2G
 Pre-touch: Disabled
 Parallel Workers: 13
 Concurrent Workers: 3
 Concurrent Refinement Workers: 13
 Periodic GC: Disabled

Heap:
 garbage-first heap   total reserved 2097152K, committed 253952K, used 44150K [0x0000000080000000, 0x0000000100000000)
  region size 1024K, 33 young (33792K), 6 survivors (6144K)
 Metaspace       used 12798K, committed 13120K, reserved 1114112K
  class space    used 1727K, committed 1856K, reserved 1048576K

Heap Regions: E=young(eden), S=young(survivor), O=old, HS=humongous(starts), HC=humongous(continues), CS=collection set, F=free, TAMS=top-at-mark-start, PB=parsable bottom
|   0|0x0000000080000000, 0x0000000080100000, 0x0000000080100000|100%|HS|  |TAMS 0x0000000080000000| PB 0x0000000080000000| Complete |  0
|   1|0x0000000080100000, 0x0000000080200000, 0x0000000080200000|100%|HC|  |TAMS 0x0000000080100000| PB 0x0000000080100000| Complete |  0
|   2|0x0000000080200000, 0x0000000080300000, 0x0000000080300000|100%|HC|  |TAMS 0x0000000080200000| PB 0x0000000080200000| Complete |  0
|   3|0x0000000080300000, 0x0000000080400000, 0x0000000080400000|100%| O|  |TAMS 0x0000000080300000| PB 0x0000000080300000| Untracked |  0
|   4|0x0000000080400000, 0x0000000080500000, 0x0000000080500000|100%| O|  |TAMS 0x0000000080400000| PB 0x0000000080400000| Untracked |  0
|   5|0x0000000080500000, 0x0000000080600000, 0x0000000080600000|100%| O|  |TAMS 0x0000000080500000| PB 0x0000000080500000| Untracked |  0
|   6|0x0000000080600000, 0x0000000080700000, 0x0000000080700000|100%|HS|  |TAMS 0x0000000080600000| PB 0x0000000080600000| Complete |  0
|   7|0x0000000080700000, 0x0000000080700000, 0x0000000080800000|  0%| F|  |TAMS 0x0000000080700000| PB 0x0000000080700000| Untracked |  0
|   8|0x0000000080800000, 0x0000000080900000, 0x0000000080900000|100%| O|  |TAMS 0x0000000080800000| PB 0x0000000080800000| Untracked |  0
|   9|0x0000000080900000, 0x0000000080a00000, 0x0000000080a00000|100%| O|  |TAMS 0x0000000080900000| PB 0x0000000080900000| Untracked |  0
|  10|0x0000000080a00000, 0x0000000080b00000, 0x0000000080b00000|100%| O|  |TAMS 0x0000000080a00000| PB 0x0000000080a00000| Untracked |  0
|  11|0x0000000080b00000, 0x0000000080c00000, 0x0000000080c00000|100%| O|  |TAMS 0x0000000080b00000| PB 0x0000000080b00000| Untracked |  0
|  12|0x0000000080c00000, 0x0000000080d00000, 0x0000000080d00000|100%| O|  |TAMS 0x0000000080c00000| PB 0x0000000080c00000| Untracked |  0
|  13|0x0000000080d00000, 0x0000000080d1d840, 0x0000000080e00000| 11%| O|  |TAMS 0x0000000080d00000| PB 0x0000000080d00000| Untracked |  0
|  14|0x0000000080e00000, 0x0000000080e00000, 0x0000000080f00000|  0%| F|  |TAMS 0x0000000080e00000| PB 0x0000000080e00000| Untracked |  0
|  15|0x0000000080f00000, 0x0000000080f00000, 0x0000000081000000|  0%| F|  |TAMS 0x0000000080f00000| PB 0x0000000080f00000| Untracked |  0
|  16|0x0000000081000000, 0x0000000081000000, 0x0000000081100000|  0%| F|  |TAMS 0x0000000081000000| PB 0x0000000081000000| Untracked |  0
|  17|0x0000000081100000, 0x0000000081100000, 0x0000000081200000|  0%| F|  |TAMS 0x0000000081100000| PB 0x0000000081100000| Untracked |  0
|  18|0x0000000081200000, 0x0000000081200000, 0x0000000081300000|  0%| F|  |TAMS 0x0000000081200000| PB 0x0000000081200000| Untracked |  0
|  19|0x0000000081300000, 0x0000000081300000, 0x0000000081400000|  0%| F|  |TAMS 0x0000000081300000| PB 0x0000000081300000| Untracked |  0
|  20|0x0000000081400000, 0x0000000081400000, 0x0000000081500000|  0%| F|  |TAMS 0x0000000081400000| PB 0x0000000081400000| Untracked |  0
|  21|0x0000000081500000, 0x0000000081500000, 0x0000000081600000|  0%| F|  |TAMS 0x0000000081500000| PB 0x0000000081500000| Untracked |  0
|  22|0x0000000081600000, 0x0000000081600000, 0x0000000081700000|  0%| F|  |TAMS 0x0000000081600000| PB 0x0000000081600000| Untracked |  0
|  23|0x0000000081700000, 0x0000000081700000, 0x0000000081800000|  0%| F|  |TAMS 0x0000000081700000| PB 0x0000000081700000| Untracked |  0
|  24|0x0000000081800000, 0x0000000081800000, 0x0000000081900000|  0%| F|  |TAMS 0x0000000081800000| PB 0x0000000081800000| Untracked |  0
|  25|0x0000000081900000, 0x0000000081900000, 0x0000000081a00000|  0%| F|  |TAMS 0x0000000081900000| PB 0x0000000081900000| Untracked |  0
|  26|0x0000000081a00000, 0x0000000081a00000, 0x0000000081b00000|  0%| F|  |TAMS 0x0000000081a00000| PB 0x0000000081a00000| Untracked |  0
|  27|0x0000000081b00000, 0x0000000081b00000, 0x0000000081c00000|  0%| F|  |TAMS 0x0000000081b00000| PB 0x0000000081b00000| Untracked |  0
|  28|0x0000000081c00000, 0x0000000081c00000, 0x0000000081d00000|  0%| F|  |TAMS 0x0000000081c00000| PB 0x0000000081c00000| Untracked |  0
|  29|0x0000000081d00000, 0x0000000081d00000, 0x0000000081e00000|  0%| F|  |TAMS 0x0000000081d00000| PB 0x0000000081d00000| Untracked |  0
|  30|0x0000000081e00000, 0x0000000081e00000, 0x0000000081f00000|  0%| F|  |TAMS 0x0000000081e00000| PB 0x0000000081e00000| Untracked |  0
|  31|0x0000000081f00000, 0x0000000081f00000, 0x0000000082000000|  0%| F|  |TAMS 0x0000000081f00000| PB 0x0000000081f00000| Untracked |  0
|  32|0x0000000082000000, 0x0000000082000000, 0x0000000082100000|  0%| F|  |TAMS 0x0000000082000000| PB 0x0000000082000000| Untracked |  0
|  33|0x0000000082100000, 0x0000000082100000, 0x0000000082200000|  0%| F|  |TAMS 0x0000000082100000| PB 0x0000000082100000| Untracked |  0
|  34|0x0000000082200000, 0x0000000082200000, 0x0000000082300000|  0%| F|  |TAMS 0x0000000082200000| PB 0x0000000082200000| Untracked |  0
|  35|0x0000000082300000, 0x0000000082300000, 0x0000000082400000|  0%| F|  |TAMS 0x0000000082300000| PB 0x0000000082300000| Untracked |  0
|  36|0x0000000082400000, 0x0000000082400000, 0x0000000082500000|  0%| F|  |TAMS 0x0000000082400000| PB 0x0000000082400000| Untracked |  0
|  37|0x0000000082500000, 0x0000000082500000, 0x0000000082600000|  0%| F|  |TAMS 0x0000000082500000| PB 0x0000000082500000| Untracked |  0
|  38|0x0000000082600000, 0x0000000082600000, 0x0000000082700000|  0%| F|  |TAMS 0x0000000082600000| PB 0x0000000082600000| Untracked |  0
|  39|0x0000000082700000, 0x0000000082700000, 0x0000000082800000|  0%| F|  |TAMS 0x0000000082700000| PB 0x0000000082700000| Untracked |  0
|  40|0x0000000082800000, 0x0000000082800000, 0x0000000082900000|  0%| F|  |TAMS 0x0000000082800000| PB 0x0000000082800000| Untracked |  0
|  41|0x0000000082900000, 0x0000000082900000, 0x0000000082a00000|  0%| F|  |TAMS 0x0000000082900000| PB 0x0000000082900000| Untracked |  0
|  42|0x0000000082a00000, 0x0000000082a00000, 0x0000000082b00000|  0%| F|  |TAMS 0x0000000082a00000| PB 0x0000000082a00000| Untracked |  0
|  43|0x0000000082b00000, 0x0000000082b00000, 0x0000000082c00000|  0%| F|  |TAMS 0x0000000082b00000| PB 0x0000000082b00000| Untracked |  0
|  44|0x0000000082c00000, 0x0000000082c00000, 0x0000000082d00000|  0%| F|  |TAMS 0x0000000082c00000| PB 0x0000000082c00000| Untracked |  0
|  45|0x0000000082d00000, 0x0000000082d00000, 0x0000000082e00000|  0%| F|  |TAMS 0x0000000082d00000| PB 0x0000000082d00000| Untracked |  0
|  46|0x0000000082e00000, 0x0000000082e00000, 0x0000000082f00000|  0%| F|  |TAMS 0x0000000082e00000| PB 0x0000000082e00000| Untracked |  0
|  47|0x0000000082f00000, 0x0000000082f00000, 0x0000000083000000|  0%| F|  |TAMS 0x0000000082f00000| PB 0x0000000082f00000| Untracked |  0
|  48|0x0000000083000000, 0x0000000083000000, 0x0000000083100000|  0%| F|  |TAMS 0x0000000083000000| PB 0x0000000083000000| Untracked |  0
|  49|0x0000000083100000, 0x0000000083100000, 0x0000000083200000|  0%| F|  |TAMS 0x0000000083100000| PB 0x0000000083100000| Untracked |  0
|  50|0x0000000083200000, 0x0000000083200000, 0x0000000083300000|  0%| F|  |TAMS 0x0000000083200000| PB 0x0000000083200000| Untracked |  0
|  51|0x0000000083300000, 0x0000000083300000, 0x0000000083400000|  0%| F|  |TAMS 0x0000000083300000| PB 0x0000000083300000| Untracked |  0
|  52|0x0000000083400000, 0x0000000083400000, 0x0000000083500000|  0%| F|  |TAMS 0x0000000083400000| PB 0x0000000083400000| Untracked |  0
|  53|0x0000000083500000, 0x0000000083500000, 0x0000000083600000|  0%| F|  |TAMS 0x0000000083500000| PB 0x0000000083500000| Untracked |  0
|  54|0x0000000083600000, 0x0000000083600000, 0x0000000083700000|  0%| F|  |TAMS 0x0000000083600000| PB 0x0000000083600000| Untracked |  0
|  55|0x0000000083700000, 0x0000000083700000, 0x0000000083800000|  0%| F|  |TAMS 0x0000000083700000| PB 0x0000000083700000| Untracked |  0
|  56|0x0000000083800000, 0x0000000083800000, 0x0000000083900000|  0%| F|  |TAMS 0x0000000083800000| PB 0x0000000083800000| Untracked |  0
|  57|0x0000000083900000, 0x0000000083900000, 0x0000000083a00000|  0%| F|  |TAMS 0x0000000083900000| PB 0x0000000083900000| Untracked |  0
|  58|0x0000000083a00000, 0x0000000083a00000, 0x0000000083b00000|  0%| F|  |TAMS 0x0000000083a00000| PB 0x0000000083a00000| Untracked |  0
|  59|0x0000000083b00000, 0x0000000083b00000, 0x0000000083c00000|  0%| F|  |TAMS 0x0000000083b00000| PB 0x0000000083b00000| Untracked |  0
|  60|0x0000000083c00000, 0x0000000083c00000, 0x0000000083d00000|  0%| F|  |TAMS 0x0000000083c00000| PB 0x0000000083c00000| Untracked |  0
|  61|0x0000000083d00000, 0x0000000083d00000, 0x0000000083e00000|  0%| F|  |TAMS 0x0000000083d00000| PB 0x0000000083d00000| Untracked |  0
|  62|0x0000000083e00000, 0x0000000083e00000, 0x0000000083f00000|  0%| F|  |TAMS 0x0000000083e00000| PB 0x0000000083e00000| Untracked |  0
|  63|0x0000000083f00000, 0x0000000083f00000, 0x0000000084000000|  0%| F|  |TAMS 0x0000000083f00000| PB 0x0000000083f00000| Untracked |  0
|  64|0x0000000084000000, 0x0000000084000000, 0x0000000084100000|  0%| F|  |TAMS 0x0000000084000000| PB 0x0000000084000000| Untracked |  0
|  65|0x0000000084100000, 0x0000000084100000, 0x0000000084200000|  0%| F|  |TAMS 0x0000000084100000| PB 0x0000000084100000| Untracked |  0
|  66|0x0000000084200000, 0x0000000084200000, 0x0000000084300000|  0%| F|  |TAMS 0x0000000084200000| PB 0x0000000084200000| Untracked |  0
|  67|0x0000000084300000, 0x0000000084300000, 0x0000000084400000|  0%| F|  |TAMS 0x0000000084300000| PB 0x0000000084300000| Untracked |  0
|  68|0x0000000084400000, 0x0000000084400000, 0x0000000084500000|  0%| F|  |TAMS 0x0000000084400000| PB 0x0000000084400000| Untracked |  0
|  69|0x0000000084500000, 0x0000000084500000, 0x0000000084600000|  0%| F|  |TAMS 0x0000000084500000| PB 0x0000000084500000| Untracked |  0
|  70|0x0000000084600000, 0x0000000084600000, 0x0000000084700000|  0%| F|  |TAMS 0x0000000084600000| PB 0x0000000084600000| Untracked |  0
|  71|0x0000000084700000, 0x0000000084700000, 0x0000000084800000|  0%| F|  |TAMS 0x0000000084700000| PB 0x0000000084700000| Untracked |  0
|  72|0x0000000084800000, 0x0000000084800000, 0x0000000084900000|  0%| F|  |TAMS 0x0000000084800000| PB 0x0000000084800000| Untracked |  0
|  73|0x0000000084900000, 0x0000000084900000, 0x0000000084a00000|  0%| F|  |TAMS 0x0000000084900000| PB 0x0000000084900000| Untracked |  0
|  74|0x0000000084a00000, 0x0000000084a00000, 0x0000000084b00000|  0%| F|  |TAMS 0x0000000084a00000| PB 0x0000000084a00000| Untracked |  0
|  75|0x0000000084b00000, 0x0000000084b00000, 0x0000000084c00000|  0%| F|  |TAMS 0x0000000084b00000| PB 0x0000000084b00000| Untracked |  0
|  76|0x0000000084c00000, 0x0000000084c00000, 0x0000000084d00000|  0%| F|  |TAMS 0x0000000084c00000| PB 0x0000000084c00000| Untracked |  0
|  77|0x0000000084d00000, 0x0000000084d00000, 0x0000000084e00000|  0%| F|  |TAMS 0x0000000084d00000| PB 0x0000000084d00000| Untracked |  0
|  78|0x0000000084e00000, 0x0000000084e00000, 0x0000000084f00000|  0%| F|  |TAMS 0x0000000084e00000| PB 0x0000000084e00000| Untracked |  0
|  79|0x0000000084f00000, 0x0000000084f00000, 0x0000000085000000|  0%| F|  |TAMS 0x0000000084f00000| PB 0x0000000084f00000| Untracked |  0
|  80|0x0000000085000000, 0x0000000085000000, 0x0000000085100000|  0%| F|  |TAMS 0x0000000085000000| PB 0x0000000085000000| Untracked |  0
|  81|0x0000000085100000, 0x0000000085100000, 0x0000000085200000|  0%| F|  |TAMS 0x0000000085100000| PB 0x0000000085100000| Untracked |  0
|  82|0x0000000085200000, 0x0000000085200000, 0x0000000085300000|  0%| F|  |TAMS 0x0000000085200000| PB 0x0000000085200000| Untracked |  0
|  83|0x0000000085300000, 0x0000000085300000, 0x0000000085400000|  0%| F|  |TAMS 0x0000000085300000| PB 0x0000000085300000| Untracked |  0
|  84|0x0000000085400000, 0x0000000085400000, 0x0000000085500000|  0%| F|  |TAMS 0x0000000085400000| PB 0x0000000085400000| Untracked |  0
|  85|0x0000000085500000, 0x0000000085500000, 0x0000000085600000|  0%| F|  |TAMS 0x0000000085500000| PB 0x0000000085500000| Untracked |  0
|  86|0x0000000085600000, 0x0000000085600000, 0x0000000085700000|  0%| F|  |TAMS 0x0000000085600000| PB 0x0000000085600000| Untracked |  0
|  87|0x0000000085700000, 0x0000000085700000, 0x0000000085800000|  0%| F|  |TAMS 0x0000000085700000| PB 0x0000000085700000| Untracked |  0
|  88|0x0000000085800000, 0x0000000085800000, 0x0000000085900000|  0%| F|  |TAMS 0x0000000085800000| PB 0x0000000085800000| Untracked |  0
|  89|0x0000000085900000, 0x0000000085900000, 0x0000000085a00000|  0%| F|  |TAMS 0x0000000085900000| PB 0x0000000085900000| Untracked |  0
|  90|0x0000000085a00000, 0x0000000085a00000, 0x0000000085b00000|  0%| F|  |TAMS 0x0000000085a00000| PB 0x0000000085a00000| Untracked |  0
|  91|0x0000000085b00000, 0x0000000085b00000, 0x0000000085c00000|  0%| F|  |TAMS 0x0000000085b00000| PB 0x0000000085b00000| Untracked |  0
|  92|0x0000000085c00000, 0x0000000085c00000, 0x0000000085d00000|  0%| F|  |TAMS 0x0000000085c00000| PB 0x0000000085c00000| Untracked |  0
|  93|0x0000000085d00000, 0x0000000085d00000, 0x0000000085e00000|  0%| F|  |TAMS 0x0000000085d00000| PB 0x0000000085d00000| Untracked |  0
|  94|0x0000000085e00000, 0x0000000085e00000, 0x0000000085f00000|  0%| F|  |TAMS 0x0000000085e00000| PB 0x0000000085e00000| Untracked |  0
|  95|0x0000000085f00000, 0x0000000085f00000, 0x0000000086000000|  0%| F|  |TAMS 0x0000000085f00000| PB 0x0000000085f00000| Untracked |  0
|  96|0x0000000086000000, 0x0000000086000000, 0x0000000086100000|  0%| F|  |TAMS 0x0000000086000000| PB 0x0000000086000000| Untracked |  0
|  97|0x0000000086100000, 0x0000000086100000, 0x0000000086200000|  0%| F|  |TAMS 0x0000000086100000| PB 0x0000000086100000| Untracked |  0
|  98|0x0000000086200000, 0x0000000086200000, 0x0000000086300000|  0%| F|  |TAMS 0x0000000086200000| PB 0x0000000086200000| Untracked |  0
|  99|0x0000000086300000, 0x0000000086300000, 0x0000000086400000|  0%| F|  |TAMS 0x0000000086300000| PB 0x0000000086300000| Untracked |  0
| 100|0x0000000086400000, 0x0000000086400000, 0x0000000086500000|  0%| F|  |TAMS 0x0000000086400000| PB 0x0000000086400000| Untracked |  0
| 101|0x0000000086500000, 0x0000000086500000, 0x0000000086600000|  0%| F|  |TAMS 0x0000000086500000| PB 0x0000000086500000| Untracked |  0
| 102|0x0000000086600000, 0x0000000086600000, 0x0000000086700000|  0%| F|  |TAMS 0x0000000086600000| PB 0x0000000086600000| Untracked |  0
| 103|0x0000000086700000, 0x0000000086700000, 0x0000000086800000|  0%| F|  |TAMS 0x0000000086700000| PB 0x0000000086700000| Untracked |  0
| 104|0x0000000086800000, 0x0000000086800000, 0x0000000086900000|  0%| F|  |TAMS 0x0000000086800000| PB 0x0000000086800000| Untracked |  0
| 105|0x0000000086900000, 0x0000000086900000, 0x0000000086a00000|  0%| F|  |TAMS 0x0000000086900000| PB 0x0000000086900000| Untracked |  0
| 106|0x0000000086a00000, 0x0000000086a00000, 0x0000000086b00000|  0%| F|  |TAMS 0x0000000086a00000| PB 0x0000000086a00000| Untracked |  0
| 107|0x0000000086b00000, 0x0000000086b00000, 0x0000000086c00000|  0%| F|  |TAMS 0x0000000086b00000| PB 0x0000000086b00000| Untracked |  0
| 108|0x0000000086c00000, 0x0000000086c00000, 0x0000000086d00000|  0%| F|  |TAMS 0x0000000086c00000| PB 0x0000000086c00000| Untracked |  0
| 109|0x0000000086d00000, 0x0000000086d00000, 0x0000000086e00000|  0%| F|  |TAMS 0x0000000086d00000| PB 0x0000000086d00000| Untracked |  0
| 110|0x0000000086e00000, 0x0000000086e00000, 0x0000000086f00000|  0%| F|  |TAMS 0x0000000086e00000| PB 0x0000000086e00000| Untracked |  0
| 111|0x0000000086f00000, 0x0000000086f00000, 0x0000000087000000|  0%| F|  |TAMS 0x0000000086f00000| PB 0x0000000086f00000| Untracked |  0
| 112|0x0000000087000000, 0x0000000087000000, 0x0000000087100000|  0%| F|  |TAMS 0x0000000087000000| PB 0x0000000087000000| Untracked |  0
| 113|0x0000000087100000, 0x0000000087100000, 0x0000000087200000|  0%| F|  |TAMS 0x0000000087100000| PB 0x0000000087100000| Untracked |  0
| 114|0x0000000087200000, 0x0000000087200000, 0x0000000087300000|  0%| F|  |TAMS 0x0000000087200000| PB 0x0000000087200000| Untracked |  0
| 115|0x0000000087300000, 0x0000000087300000, 0x0000000087400000|  0%| F|  |TAMS 0x0000000087300000| PB 0x0000000087300000| Untracked |  0
| 116|0x0000000087400000, 0x0000000087400000, 0x0000000087500000|  0%| F|  |TAMS 0x0000000087400000| PB 0x0000000087400000| Untracked |  0
| 117|0x0000000087500000, 0x0000000087500000, 0x0000000087600000|  0%| F|  |TAMS 0x0000000087500000| PB 0x0000000087500000| Untracked |  0
| 118|0x0000000087600000, 0x0000000087600000, 0x0000000087700000|  0%| F|  |TAMS 0x0000000087600000| PB 0x0000000087600000| Untracked |  0
| 119|0x0000000087700000, 0x0000000087700000, 0x0000000087800000|  0%| F|  |TAMS 0x0000000087700000| PB 0x0000000087700000| Untracked |  0
| 120|0x0000000087800000, 0x0000000087800000, 0x0000000087900000|  0%| F|  |TAMS 0x0000000087800000| PB 0x0000000087800000| Untracked |  0
| 121|0x0000000087900000, 0x0000000087900000, 0x0000000087a00000|  0%| F|  |TAMS 0x0000000087900000| PB 0x0000000087900000| Untracked |  0
| 122|0x0000000087a00000, 0x0000000087a00000, 0x0000000087b00000|  0%| F|  |TAMS 0x0000000087a00000| PB 0x0000000087a00000| Untracked |  0
| 123|0x0000000087b00000, 0x0000000087b00000, 0x0000000087c00000|  0%| F|  |TAMS 0x0000000087b00000| PB 0x0000000087b00000| Untracked |  0
| 124|0x0000000087c00000, 0x0000000087c00000, 0x0000000087d00000|  0%| F|  |TAMS 0x0000000087c00000| PB 0x0000000087c00000| Untracked |  0
| 125|0x0000000087d00000, 0x0000000087d00000, 0x0000000087e00000|  0%| F|  |TAMS 0x0000000087d00000| PB 0x0000000087d00000| Untracked |  0
| 126|0x0000000087e00000, 0x0000000087e00000, 0x0000000087f00000|  0%| F|  |TAMS 0x0000000087e00000| PB 0x0000000087e00000| Untracked |  0
| 127|0x0000000087f00000, 0x0000000087f00000, 0x0000000088000000|  0%| F|  |TAMS 0x0000000087f00000| PB 0x0000000087f00000| Untracked |  0
| 128|0x0000000088000000, 0x0000000088000000, 0x0000000088100000|  0%| F|  |TAMS 0x0000000088000000| PB 0x0000000088000000| Untracked |  0
| 129|0x0000000088100000, 0x0000000088100000, 0x0000000088200000|  0%| F|  |TAMS 0x0000000088100000| PB 0x0000000088100000| Untracked |  0
| 130|0x0000000088200000, 0x0000000088200000, 0x0000000088300000|  0%| F|  |TAMS 0x0000000088200000| PB 0x0000000088200000| Untracked |  0
| 131|0x0000000088300000, 0x0000000088300000, 0x0000000088400000|  0%| F|  |TAMS 0x0000000088300000| PB 0x0000000088300000| Untracked |  0
| 132|0x0000000088400000, 0x0000000088400000, 0x0000000088500000|  0%| F|  |TAMS 0x0000000088400000| PB 0x0000000088400000| Untracked |  0
| 133|0x0000000088500000, 0x0000000088500000, 0x0000000088600000|  0%| F|  |TAMS 0x0000000088500000| PB 0x0000000088500000| Untracked |  0
| 134|0x0000000088600000, 0x0000000088600000, 0x0000000088700000|  0%| F|  |TAMS 0x0000000088600000| PB 0x0000000088600000| Untracked |  0
| 135|0x0000000088700000, 0x0000000088700000, 0x0000000088800000|  0%| F|  |TAMS 0x0000000088700000| PB 0x0000000088700000| Untracked |  0
| 136|0x0000000088800000, 0x0000000088800000, 0x0000000088900000|  0%| F|  |TAMS 0x0000000088800000| PB 0x0000000088800000| Untracked |  0
| 137|0x0000000088900000, 0x0000000088900000, 0x0000000088a00000|  0%| F|  |TAMS 0x0000000088900000| PB 0x0000000088900000| Untracked |  0
| 138|0x0000000088a00000, 0x0000000088a00000, 0x0000000088b00000|  0%| F|  |TAMS 0x0000000088a00000| PB 0x0000000088a00000| Untracked |  0
| 139|0x0000000088b00000, 0x0000000088b00000, 0x0000000088c00000|  0%| F|  |TAMS 0x0000000088b00000| PB 0x0000000088b00000| Untracked |  0
| 140|0x0000000088c00000, 0x0000000088c00000, 0x0000000088d00000|  0%| F|  |TAMS 0x0000000088c00000| PB 0x0000000088c00000| Untracked |  0
| 141|0x0000000088d00000, 0x0000000088d00000, 0x0000000088e00000|  0%| F|  |TAMS 0x0000000088d00000| PB 0x0000000088d00000| Untracked |  0
| 142|0x0000000088e00000, 0x0000000088e00000, 0x0000000088f00000|  0%| F|  |TAMS 0x0000000088e00000| PB 0x0000000088e00000| Untracked |  0
| 143|0x0000000088f00000, 0x0000000088f00000, 0x0000000089000000|  0%| F|  |TAMS 0x0000000088f00000| PB 0x0000000088f00000| Untracked |  0
| 144|0x0000000089000000, 0x0000000089000000, 0x0000000089100000|  0%| F|  |TAMS 0x0000000089000000| PB 0x0000000089000000| Untracked |  0
| 145|0x0000000089100000, 0x0000000089100000, 0x0000000089200000|  0%| F|  |TAMS 0x0000000089100000| PB 0x0000000089100000| Untracked |  0
| 146|0x0000000089200000, 0x0000000089200000, 0x0000000089300000|  0%| F|  |TAMS 0x0000000089200000| PB 0x0000000089200000| Untracked |  0
| 147|0x0000000089300000, 0x0000000089300000, 0x0000000089400000|  0%| F|  |TAMS 0x0000000089300000| PB 0x0000000089300000| Untracked |  0
| 148|0x0000000089400000, 0x0000000089400000, 0x0000000089500000|  0%| F|  |TAMS 0x0000000089400000| PB 0x0000000089400000| Untracked |  0
| 149|0x0000000089500000, 0x0000000089500000, 0x0000000089600000|  0%| F|  |TAMS 0x0000000089500000| PB 0x0000000089500000| Untracked |  0
| 150|0x0000000089600000, 0x0000000089600000, 0x0000000089700000|  0%| F|  |TAMS 0x0000000089600000| PB 0x0000000089600000| Untracked |  0
| 151|0x0000000089700000, 0x0000000089700000, 0x0000000089800000|  0%| F|  |TAMS 0x0000000089700000| PB 0x0000000089700000| Untracked |  0
| 152|0x0000000089800000, 0x0000000089800000, 0x0000000089900000|  0%| F|  |TAMS 0x0000000089800000| PB 0x0000000089800000| Untracked |  0
| 153|0x0000000089900000, 0x0000000089900000, 0x0000000089a00000|  0%| F|  |TAMS 0x0000000089900000| PB 0x0000000089900000| Untracked |  0
| 154|0x0000000089a00000, 0x0000000089a00000, 0x0000000089b00000|  0%| F|  |TAMS 0x0000000089a00000| PB 0x0000000089a00000| Untracked |  0
| 155|0x0000000089b00000, 0x0000000089b00000, 0x0000000089c00000|  0%| F|  |TAMS 0x0000000089b00000| PB 0x0000000089b00000| Untracked |  0
| 156|0x0000000089c00000, 0x0000000089c00000, 0x0000000089d00000|  0%| F|  |TAMS 0x0000000089c00000| PB 0x0000000089c00000| Untracked |  0
| 157|0x0000000089d00000, 0x0000000089d00000, 0x0000000089e00000|  0%| F|  |TAMS 0x0000000089d00000| PB 0x0000000089d00000| Untracked |  0
| 158|0x0000000089e00000, 0x0000000089e00000, 0x0000000089f00000|  0%| F|  |TAMS 0x0000000089e00000| PB 0x0000000089e00000| Untracked |  0
| 159|0x0000000089f00000, 0x0000000089f00000, 0x000000008a000000|  0%| F|  |TAMS 0x0000000089f00000| PB 0x0000000089f00000| Untracked |  0
| 160|0x000000008a000000, 0x000000008a000000, 0x000000008a100000|  0%| F|  |TAMS 0x000000008a000000| PB 0x000000008a000000| Untracked |  0
| 161|0x000000008a100000, 0x000000008a100000, 0x000000008a200000|  0%| F|  |TAMS 0x000000008a100000| PB 0x000000008a100000| Untracked |  0
| 162|0x000000008a200000, 0x000000008a200000, 0x000000008a300000|  0%| F|  |TAMS 0x000000008a200000| PB 0x000000008a200000| Untracked |  0
| 163|0x000000008a300000, 0x000000008a300000, 0x000000008a400000|  0%| F|  |TAMS 0x000000008a300000| PB 0x000000008a300000| Untracked |  0
| 164|0x000000008a400000, 0x000000008a400000, 0x000000008a500000|  0%| F|  |TAMS 0x000000008a400000| PB 0x000000008a400000| Untracked |  0
| 165|0x000000008a500000, 0x000000008a500000, 0x000000008a600000|  0%| F|  |TAMS 0x000000008a500000| PB 0x000000008a500000| Untracked |  0
| 166|0x000000008a600000, 0x000000008a600000, 0x000000008a700000|  0%| F|  |TAMS 0x000000008a600000| PB 0x000000008a600000| Untracked |  0
| 167|0x000000008a700000, 0x000000008a700000, 0x000000008a800000|  0%| F|  |TAMS 0x000000008a700000| PB 0x000000008a700000| Untracked |  0
| 168|0x000000008a800000, 0x000000008a800000, 0x000000008a900000|  0%| F|  |TAMS 0x000000008a800000| PB 0x000000008a800000| Untracked |  0
| 169|0x000000008a900000, 0x000000008a900000, 0x000000008aa00000|  0%| F|  |TAMS 0x000000008a900000| PB 0x000000008a900000| Untracked |  0
| 170|0x000000008aa00000, 0x000000008aa00000, 0x000000008ab00000|  0%| F|  |TAMS 0x000000008aa00000| PB 0x000000008aa00000| Untracked |  0
| 171|0x000000008ab00000, 0x000000008ab00000, 0x000000008ac00000|  0%| F|  |TAMS 0x000000008ab00000| PB 0x000000008ab00000| Untracked |  0
| 172|0x000000008ac00000, 0x000000008ac00000, 0x000000008ad00000|  0%| F|  |TAMS 0x000000008ac00000| PB 0x000000008ac00000| Untracked |  0
| 173|0x000000008ad00000, 0x000000008ad00000, 0x000000008ae00000|  0%| F|  |TAMS 0x000000008ad00000| PB 0x000000008ad00000| Untracked |  0
| 174|0x000000008ae00000, 0x000000008ae00000, 0x000000008af00000|  0%| F|  |TAMS 0x000000008ae00000| PB 0x000000008ae00000| Untracked |  0
| 175|0x000000008af00000, 0x000000008af00000, 0x000000008b000000|  0%| F|  |TAMS 0x000000008af00000| PB 0x000000008af00000| Untracked |  0
| 176|0x000000008b000000, 0x000000008b000000, 0x000000008b100000|  0%| F|  |TAMS 0x000000008b000000| PB 0x000000008b000000| Untracked |  0
| 177|0x000000008b100000, 0x000000008b100000, 0x000000008b200000|  0%| F|  |TAMS 0x000000008b100000| PB 0x000000008b100000| Untracked |  0
| 178|0x000000008b200000, 0x000000008b200000, 0x000000008b300000|  0%| F|  |TAMS 0x000000008b200000| PB 0x000000008b200000| Untracked |  0
| 179|0x000000008b300000, 0x000000008b300000, 0x000000008b400000|  0%| F|  |TAMS 0x000000008b300000| PB 0x000000008b300000| Untracked |  0
| 180|0x000000008b400000, 0x000000008b400000, 0x000000008b500000|  0%| F|  |TAMS 0x000000008b400000| PB 0x000000008b400000| Untracked |  0
| 181|0x000000008b500000, 0x000000008b500000, 0x000000008b600000|  0%| F|  |TAMS 0x000000008b500000| PB 0x000000008b500000| Untracked |  0
| 182|0x000000008b600000, 0x000000008b600000, 0x000000008b700000|  0%| F|  |TAMS 0x000000008b600000| PB 0x000000008b600000| Untracked |  0
| 183|0x000000008b700000, 0x000000008b700000, 0x000000008b800000|  0%| F|  |TAMS 0x000000008b700000| PB 0x000000008b700000| Untracked |  0
| 184|0x000000008b800000, 0x000000008b800000, 0x000000008b900000|  0%| F|  |TAMS 0x000000008b800000| PB 0x000000008b800000| Untracked |  0
| 185|0x000000008b900000, 0x000000008b900000, 0x000000008ba00000|  0%| F|  |TAMS 0x000000008b900000| PB 0x000000008b900000| Untracked |  0
| 186|0x000000008ba00000, 0x000000008ba00000, 0x000000008bb00000|  0%| F|  |TAMS 0x000000008ba00000| PB 0x000000008ba00000| Untracked |  0
| 187|0x000000008bb00000, 0x000000008bb00000, 0x000000008bc00000|  0%| F|  |TAMS 0x000000008bb00000| PB 0x000000008bb00000| Untracked |  0
| 188|0x000000008bc00000, 0x000000008bd00000, 0x000000008bd00000|100%| S|CS|TAMS 0x000000008bc00000| PB 0x000000008bc00000| Complete |  0
| 189|0x000000008bd00000, 0x000000008be00000, 0x000000008be00000|100%| S|CS|TAMS 0x000000008bd00000| PB 0x000000008bd00000| Complete |  0
| 190|0x000000008be00000, 0x000000008bf00000, 0x000000008bf00000|100%| S|CS|TAMS 0x000000008be00000| PB 0x000000008be00000| Complete |  0
| 191|0x000000008bf00000, 0x000000008c000000, 0x000000008c000000|100%| S|CS|TAMS 0x000000008bf00000| PB 0x000000008bf00000| Complete |  0
| 192|0x000000008c000000, 0x000000008c100000, 0x000000008c100000|100%| S|CS|TAMS 0x000000008c000000| PB 0x000000008c000000| Complete |  0
| 193|0x000000008c100000, 0x000000008c200000, 0x000000008c200000|100%| S|CS|TAMS 0x000000008c100000| PB 0x000000008c100000| Complete |  0
| 194|0x000000008c200000, 0x000000008c200000, 0x000000008c300000|  0%| F|  |TAMS 0x000000008c200000| PB 0x000000008c200000| Untracked |  0
| 195|0x000000008c300000, 0x000000008c300000, 0x000000008c400000|  0%| F|  |TAMS 0x000000008c300000| PB 0x000000008c300000| Untracked |  0
| 196|0x000000008c400000, 0x000000008c400000, 0x000000008c500000|  0%| F|  |TAMS 0x000000008c400000| PB 0x000000008c400000| Untracked |  0
| 197|0x000000008c500000, 0x000000008c500000, 0x000000008c600000|  0%| F|  |TAMS 0x000000008c500000| PB 0x000000008c500000| Untracked |  0
| 198|0x000000008c600000, 0x000000008c600000, 0x000000008c700000|  0%| F|  |TAMS 0x000000008c600000| PB 0x000000008c600000| Untracked |  0
| 199|0x000000008c700000, 0x000000008c700000, 0x000000008c800000|  0%| F|  |TAMS 0x000000008c700000| PB 0x000000008c700000| Untracked |  0
| 200|0x000000008c800000, 0x000000008c800000, 0x000000008c900000|  0%| F|  |TAMS 0x000000008c800000| PB 0x000000008c800000| Untracked |  0
| 201|0x000000008c900000, 0x000000008c900000, 0x000000008ca00000|  0%| F|  |TAMS 0x000000008c900000| PB 0x000000008c900000| Untracked |  0
| 202|0x000000008ca00000, 0x000000008ca00000, 0x000000008cb00000|  0%| F|  |TAMS 0x000000008ca00000| PB 0x000000008ca00000| Untracked |  0
| 203|0x000000008cb00000, 0x000000008cb00000, 0x000000008cc00000|  0%| F|  |TAMS 0x000000008cb00000| PB 0x000000008cb00000| Untracked |  0
| 204|0x000000008cc00000, 0x000000008cc00000, 0x000000008cd00000|  0%| F|  |TAMS 0x000000008cc00000| PB 0x000000008cc00000| Untracked |  0
| 205|0x000000008cd00000, 0x000000008cd00000, 0x000000008ce00000|  0%| F|  |TAMS 0x000000008cd00000| PB 0x000000008cd00000| Untracked |  0
| 206|0x000000008ce00000, 0x000000008ce00000, 0x000000008cf00000|  0%| F|  |TAMS 0x000000008ce00000| PB 0x000000008ce00000| Untracked |  0
| 207|0x000000008cf00000, 0x000000008cf00000, 0x000000008d000000|  0%| F|  |TAMS 0x000000008cf00000| PB 0x000000008cf00000| Untracked |  0
| 208|0x000000008d000000, 0x000000008d000000, 0x000000008d100000|  0%| F|  |TAMS 0x000000008d000000| PB 0x000000008d000000| Untracked |  0
| 209|0x000000008d100000, 0x000000008d100000, 0x000000008d200000|  0%| F|  |TAMS 0x000000008d100000| PB 0x000000008d100000| Untracked |  0
| 210|0x000000008d200000, 0x000000008d200000, 0x000000008d300000|  0%| F|  |TAMS 0x000000008d200000| PB 0x000000008d200000| Untracked |  0
| 211|0x000000008d300000, 0x000000008d300000, 0x000000008d400000|  0%| F|  |TAMS 0x000000008d300000| PB 0x000000008d300000| Untracked |  0
| 212|0x000000008d400000, 0x000000008d400000, 0x000000008d500000|  0%| F|  |TAMS 0x000000008d400000| PB 0x000000008d400000| Untracked |  0
| 213|0x000000008d500000, 0x000000008d500000, 0x000000008d600000|  0%| F|  |TAMS 0x000000008d500000| PB 0x000000008d500000| Untracked |  0
| 214|0x000000008d600000, 0x000000008d600000, 0x000000008d700000|  0%| F|  |TAMS 0x000000008d600000| PB 0x000000008d600000| Untracked |  0
| 215|0x000000008d700000, 0x000000008d700000, 0x000000008d800000|  0%| F|  |TAMS 0x000000008d700000| PB 0x000000008d700000| Untracked |  0
| 216|0x000000008d800000, 0x000000008d800000, 0x000000008d900000|  0%| F|  |TAMS 0x000000008d800000| PB 0x000000008d800000| Untracked |  0
| 217|0x000000008d900000, 0x000000008d900000, 0x000000008da00000|  0%| F|  |TAMS 0x000000008d900000| PB 0x000000008d900000| Untracked |  0
| 218|0x000000008da00000, 0x000000008da00000, 0x000000008db00000|  0%| F|  |TAMS 0x000000008da00000| PB 0x000000008da00000| Untracked |  0
| 219|0x000000008db00000, 0x000000008db00000, 0x000000008dc00000|  0%| F|  |TAMS 0x000000008db00000| PB 0x000000008db00000| Untracked |  0
| 220|0x000000008dc00000, 0x000000008dc00000, 0x000000008dd00000|  0%| F|  |TAMS 0x000000008dc00000| PB 0x000000008dc00000| Untracked |  0
| 221|0x000000008dd00000, 0x000000008ddf2648, 0x000000008de00000| 94%| E|  |TAMS 0x000000008dd00000| PB 0x000000008dd00000| Complete |  0
| 222|0x000000008de00000, 0x000000008df00000, 0x000000008df00000|100%| E|CS|TAMS 0x000000008de00000| PB 0x000000008de00000| Complete |  0
| 223|0x000000008df00000, 0x000000008e000000, 0x000000008e000000|100%| E|CS|TAMS 0x000000008df00000| PB 0x000000008df00000| Complete |  0
| 224|0x000000008e000000, 0x000000008e100000, 0x000000008e100000|100%| E|CS|TAMS 0x000000008e000000| PB 0x000000008e000000| Complete |  0
| 225|0x000000008e100000, 0x000000008e200000, 0x000000008e200000|100%| E|CS|TAMS 0x000000008e100000| PB 0x000000008e100000| Complete |  0
| 226|0x000000008e200000, 0x000000008e300000, 0x000000008e300000|100%| E|CS|TAMS 0x000000008e200000| PB 0x000000008e200000| Complete |  0
| 227|0x000000008e300000, 0x000000008e400000, 0x000000008e400000|100%| E|CS|TAMS 0x000000008e300000| PB 0x000000008e300000| Complete |  0
| 228|0x000000008e400000, 0x000000008e500000, 0x000000008e500000|100%| E|CS|TAMS 0x000000008e400000| PB 0x000000008e400000| Complete |  0
| 229|0x000000008e500000, 0x000000008e600000, 0x000000008e600000|100%| E|  |TAMS 0x000000008e500000| PB 0x000000008e500000| Complete |  0
| 230|0x000000008e600000, 0x000000008e700000, 0x000000008e700000|100%| E|CS|TAMS 0x000000008e600000| PB 0x000000008e600000| Complete |  0
| 231|0x000000008e700000, 0x000000008e800000, 0x000000008e800000|100%| E|CS|TAMS 0x000000008e700000| PB 0x000000008e700000| Complete |  0
| 232|0x000000008e800000, 0x000000008e900000, 0x000000008e900000|100%| E|CS|TAMS 0x000000008e800000| PB 0x000000008e800000| Complete |  0
| 233|0x000000008e900000, 0x000000008ea00000, 0x000000008ea00000|100%| E|CS|TAMS 0x000000008e900000| PB 0x000000008e900000| Complete |  0
| 234|0x000000008ea00000, 0x000000008eb00000, 0x000000008eb00000|100%| E|CS|TAMS 0x000000008ea00000| PB 0x000000008ea00000| Complete |  0
| 235|0x000000008eb00000, 0x000000008ec00000, 0x000000008ec00000|100%| E|CS|TAMS 0x000000008eb00000| PB 0x000000008eb00000| Complete |  0
| 236|0x000000008ec00000, 0x000000008ed00000, 0x000000008ed00000|100%| E|CS|TAMS 0x000000008ec00000| PB 0x000000008ec00000| Complete |  0
| 237|0x000000008ed00000, 0x000000008ee00000, 0x000000008ee00000|100%| E|CS|TAMS 0x000000008ed00000| PB 0x000000008ed00000| Complete |  0
| 238|0x000000008ee00000, 0x000000008ef00000, 0x000000008ef00000|100%| E|CS|TAMS 0x000000008ee00000| PB 0x000000008ee00000| Complete |  0
| 239|0x000000008ef00000, 0x000000008f000000, 0x000000008f000000|100%| E|CS|TAMS 0x000000008ef00000| PB 0x000000008ef00000| Complete |  0
| 240|0x000000008f000000, 0x000000008f100000, 0x000000008f100000|100%| E|CS|TAMS 0x000000008f000000| PB 0x000000008f000000| Complete |  0
| 241|0x000000008f100000, 0x000000008f200000, 0x000000008f200000|100%| E|CS|TAMS 0x000000008f100000| PB 0x000000008f100000| Complete |  0
| 242|0x000000008f200000, 0x000000008f300000, 0x000000008f300000|100%| E|CS|TAMS 0x000000008f200000| PB 0x000000008f200000| Complete |  0
| 243|0x000000008f300000, 0x000000008f400000, 0x000000008f400000|100%| E|CS|TAMS 0x000000008f300000| PB 0x000000008f300000| Complete |  0
| 244|0x000000008f400000, 0x000000008f500000, 0x000000008f500000|100%| E|CS|TAMS 0x000000008f400000| PB 0x000000008f400000| Complete |  0
| 245|0x000000008f500000, 0x000000008f600000, 0x000000008f600000|100%| E|CS|TAMS 0x000000008f500000| PB 0x000000008f500000| Complete |  0
| 246|0x000000008f600000, 0x000000008f700000, 0x000000008f700000|100%| E|CS|TAMS 0x000000008f600000| PB 0x000000008f600000| Complete |  0
| 247|0x000000008f700000, 0x000000008f800000, 0x000000008f800000|100%| E|CS|TAMS 0x000000008f700000| PB 0x000000008f700000| Complete |  0

Card table byte_map: [0x00000201523d0000,0x00000201527d0000] _byte_map_base: 0x0000020151fd0000

Marking Bits: (CMBitMap*) 0x000002013a473aa0
 Bits: [0x00000201527d0000, 0x00000201547d0000)

Polling page: 0x0000020138090000

Metaspace:

Usage:
  Non-class:     10.93 MB used.
      Class:      1.70 MB used.
       Both:     12.63 MB used.

Virtual space:
  Non-class space:       64.00 MB reserved,      11.12 MB ( 17%) committed,  1 nodes.
      Class space:        1.00 GB reserved,       1.88 MB ( <1%) committed,  1 nodes.
             Both:        1.06 GB reserved,      13.00 MB (  1%) committed. 

Chunk freelists:
   Non-Class:  4.83 MB
       Class:  14.19 MB
        Both:  19.01 MB

MaxMetaspaceSize: unlimited
CompressedClassSpaceSize: 1.00 GB
Initial GC threshold: 21.00 MB
Current GC threshold: 21.00 MB
CDS: on
 - commit_granule_bytes: 65536.
 - commit_granule_words: 8192.
 - virtual_space_node_default_size: 8388608.
 - enlarge_chunks_in_place: 1.
 - use_allocation_guard: 0.


Internal statistics:

num_allocs_failed_limit: 0.
num_arena_births: 400.
num_arena_deaths: 0.
num_vsnodes_births: 2.
num_vsnodes_deaths: 0.
num_space_committed: 208.
num_space_uncommitted: 0.
num_chunks_returned_to_freelist: 0.
num_chunks_taken_from_freelist: 782.
num_chunk_merges: 0.
num_chunk_splits: 506.
num_chunks_enlarged: 359.
num_inconsistent_stats: 0.

CodeHeap 'non-profiled nmethods': size=119168Kb used=1177Kb max_used=1177Kb free=117990Kb
 bounds [0x000002014a2f0000, 0x000002014a560000, 0x0000020151750000]
CodeHeap 'profiled nmethods': size=119104Kb used=5426Kb max_used=5426Kb free=113677Kb
 bounds [0x0000020142750000, 0x0000020142ca0000, 0x0000020149ba0000]
CodeHeap 'non-nmethods': size=7488Kb used=3158Kb max_used=3171Kb free=4330Kb
 bounds [0x0000020149ba0000, 0x0000020149ec0000, 0x000002014a2f0000]
 total_blobs=3284 nmethods=2730 adapters=455
 compilation: enabled
              stopped_count=0, restarted_count=0
 full_count=0

Compilation events (20 events):
Event: 1.767 Thread 0x0000020157a84fd0 2623       3       java.lang.ProcessEnvironment::validateName (54 bytes)
Event: 1.768 Thread 0x0000020157a84fd0 nmethod 2623 0x0000020142c5c010 code [0x0000020142c5c280, 0x0000020142c5ca88]
Event: 1.769 Thread 0x000002019eacf9c0 2624       4       org.gradle.internal.logging.text.AbstractLineChoppingStyledTextOutput::doAppend (43 bytes)
Event: 1.771 Thread 0x000002015785aeb0 2625       4       java.lang.StringCoding::implEncodeAsciiArray (47 bytes)
Event: 1.771 Thread 0x0000020157972ac0 2626       3       jdk.internal.org.objectweb.asm.ClassWriter::visit (160 bytes)
Event: 1.771 Thread 0x000002019dee68b0 2627       3       jdk.internal.org.objectweb.asm.SymbolTable::setMajorVersionAndClassName (19 bytes)
Event: 1.771 Thread 0x000002019dee68b0 nmethod 2627 0x0000020142c5cd90 code [0x0000020142c5cf40, 0x0000020142c5d150]
Event: 1.772 Thread 0x0000020157972ac0 nmethod 2626 0x0000020142c5d290 code [0x0000020142c5d4c0, 0x0000020142c5dca0]
Event: 1.772 Thread 0x0000020157bae690 nmethod 2597 0x000002014a409210 code [0x000002014a409440, 0x000002014a409db0]
Event: 1.774 Thread 0x0000020157972ac0 2628       3       java.text.SimpleDateFormat::format (171 bytes)
Event: 1.775 Thread 0x0000020157972ac0 nmethod 2628 0x0000020142c5e110 code [0x0000020142c5e380, 0x0000020142c5f0b0]
Event: 1.775 Thread 0x000002015785aeb0 nmethod 2625 0x000002014a40a410 code [0x000002014a40a5a0, 0x000002014a40a7f8]
Event: 1.777 Thread 0x0000020157972ac0 2629       3       jdk.internal.org.objectweb.asm.Frame::getConcreteOutputType (111 bytes)
Event: 1.777 Thread 0x0000020157972ac0 nmethod 2629 0x0000020142c5f610 code [0x0000020142c5f7c0, 0x0000020142c5fb50]
Event: 1.780 Thread 0x000002015785aeb0 2630       4       java.lang.ref.SoftReference::get (29 bytes)
Event: 1.780 Thread 0x0000020157bae690 2631       4       java.lang.ClassLoader::getClassLoadingLock (35 bytes)
Event: 1.781 Thread 0x000002015785aeb0 nmethod 2630 0x000002014a40a910 code [0x000002014a40aaa0, 0x000002014a40abb0]
Event: 1.782 Thread 0x0000020157bae690 nmethod 2631 0x000002014a40ac90 code [0x000002014a40ae20, 0x000002014a40af80]
Event: 1.782 Thread 0x0000020157a84fd0 2632       1       org.gradle.internal.service.ServiceAccess$1::contains (2 bytes)
Event: 1.782 Thread 0x0000020157a84fd0 nmethod 2632 0x000002014a40b090 code [0x000002014a40b220, 0x000002014a40b2e8]

GC Heap History (6 events):
Event: 0.411 GC heap before
{Heap before GC invocations=0 (full 0):
 garbage-first heap   total reserved 2097152K, committed 253952K, used 23552K [0x0000000080000000, 0x0000000100000000)
  region size 1024K, 24 young (24576K), 0 survivors (0K)
 Metaspace       used 1086K, committed 1216K, reserved 1114112K
  class space    used 77K, committed 128K, reserved 1048576K
}
Event: 0.413 GC heap after
{Heap after GC invocations=1 (full 0):
 garbage-first heap   total reserved 2097152K, committed 253952K, used 2879K [0x0000000080000000, 0x0000000100000000)
  region size 1024K, 3 young (3072K), 3 survivors (3072K)
 Metaspace       used 1086K, committed 1216K, reserved 1114112K
  class space    used 77K, committed 128K, reserved 1048576K
}
Event: 0.970 GC heap before
{Heap before GC invocations=1 (full 0):
 garbage-first heap   total reserved 2097152K, committed 253952K, used 41791K [0x0000000080000000, 0x0000000100000000)
  region size 1024K, 39 young (39936K), 3 survivors (3072K)
 Metaspace       used 4403K, committed 4608K, reserved 1114112K
  class space    used 548K, committed 640K, reserved 1048576K
}
Event: 0.973 GC heap after
{Heap after GC invocations=2 (full 0):
 garbage-first heap   total reserved 2097152K, committed 253952K, used 10803K [0x0000000080000000, 0x0000000100000000)
  region size 1024K, 5 young (5120K), 5 survivors (5120K)
 Metaspace       used 4403K, committed 4608K, reserved 1114112K
  class space    used 548K, committed 640K, reserved 1048576K
}
Event: 1.479 GC heap before
{Heap before GC invocations=2 (full 0):
 garbage-first heap   total reserved 2097152K, committed 253952K, used 63027K [0x0000000080000000, 0x0000000100000000)
  region size 1024K, 54 young (55296K), 5 survivors (5120K)
 Metaspace       used 6927K, committed 7168K, reserved 1114112K
  class space    used 920K, committed 1024K, reserved 1048576K
}
Event: 1.484 GC heap after
{Heap after GC invocations=3 (full 0):
 garbage-first heap   total reserved 2097152K, committed 253952K, used 18550K [0x0000000080000000, 0x0000000100000000)
  region size 1024K, 6 young (6144K), 6 survivors (6144K)
 Metaspace       used 6927K, committed 7168K, reserved 1114112K
  class space    used 920K, committed 1024K, reserved 1048576K
}

Dll operation events (15 events):
Event: 0.012 Loaded shared library C:\Program Files\Java\jdk-22\bin\java.dll
Event: 0.036 Loaded shared library C:\Program Files\Java\jdk-22\bin\jsvml.dll
Event: 0.067 Loaded shared library C:\Program Files\Java\jdk-22\bin\zip.dll
Event: 0.071 Loaded shared library C:\Program Files\Java\jdk-22\bin\instrument.dll
Event: 0.074 Loaded shared library C:\Program Files\Java\jdk-22\bin\net.dll
Event: 0.076 Loaded shared library C:\Program Files\Java\jdk-22\bin\nio.dll
Event: 0.078 Loaded shared library C:\Program Files\Java\jdk-22\bin\zip.dll
Event: 0.344 Loaded shared library C:\Program Files\Java\jdk-22\bin\jimage.dll
Event: 0.484 Loaded shared library C:\Program Files\Java\jdk-22\bin\verify.dll
Event: 0.554 Loaded shared library C:\Users\Asus\.gradle\native\1def1411415f61bf3af743bc5b6707747c0891f09f0c88961ee8f79bc544acac\windows-amd64\native-platform.dll
Event: 0.563 Loaded shared library C:\Users\Asus\.gradle\native\0.2.7\x86_64-windows-gnu\gradle-fileevents.dll
Event: 1.438 Loaded shared library C:\Program Files\Java\jdk-22\bin\management.dll
Event: 1.440 Loaded shared library C:\Program Files\Java\jdk-22\bin\management_ext.dll
Event: 1.540 Loaded shared library C:\Program Files\Java\jdk-22\bin\extnet.dll
Event: 1.683 Loaded shared library C:\Program Files\Java\jdk-22\bin\sunmscapi.dll

Deoptimization events (20 events):
Event: 1.719 Thread 0x000002019eaf4860 Uncommon trap: trap_request=0xffffffde fr.pc=0x000002014a3bd5e4 relative=0x0000000000000304
Event: 1.719 Thread 0x000002019eaf4860 Uncommon trap: reason=class_check action=maybe_recompile pc=0x000002014a3bd5e4 method=java.util.regex.Pattern$BmpCharPropertyGreedy.match(Ljava/util/regex/Matcher;ILjava/lang/CharSequence;)Z @ 26 c2
Event: 1.719 Thread 0x000002019eaf4860 DEOPT PACKING pc=0x000002014a3bd5e4 sp=0x0000007cfc7fd670
Event: 1.719 Thread 0x000002019eaf4860 DEOPT UNPACKING pc=0x0000020149bf46a2 sp=0x0000007cfc7fd608 mode 2
Event: 1.742 Thread 0x000002019eaf4860 Uncommon trap: trap_request=0xffffffc6 fr.pc=0x000002014a3f39c4 relative=0x00000000000014c4
Event: 1.742 Thread 0x000002019eaf4860 Uncommon trap: reason=bimorphic_or_optimized_type_check action=maybe_recompile pc=0x000002014a3f39c4 method=java.io.DataInputStream.readFully([BII)V @ 30 c2
Event: 1.742 Thread 0x000002019eaf4860 DEOPT PACKING pc=0x000002014a3f39c4 sp=0x0000007cfc7fe120
Event: 1.742 Thread 0x000002019eaf4860 DEOPT UNPACKING pc=0x0000020149bf46a2 sp=0x0000007cfc7fe128 mode 2
Event: 1.745 Thread 0x000002019eaf4860 Uncommon trap: trap_request=0xffffffc6 fr.pc=0x000002014a3f39c4 relative=0x00000000000014c4
Event: 1.745 Thread 0x000002019eaf4860 Uncommon trap: reason=bimorphic_or_optimized_type_check action=maybe_recompile pc=0x000002014a3f39c4 method=java.io.DataInputStream.readFully([BII)V @ 30 c2
Event: 1.745 Thread 0x000002019eaf4860 DEOPT PACKING pc=0x000002014a3f39c4 sp=0x0000007cfc7fd770
Event: 1.745 Thread 0x000002019eaf4860 DEOPT UNPACKING pc=0x0000020149bf46a2 sp=0x0000007cfc7fd778 mode 2
Event: 1.746 Thread 0x000002019eaf4860 Uncommon trap: trap_request=0xffffffc6 fr.pc=0x000002014a3f39c4 relative=0x00000000000014c4
Event: 1.746 Thread 0x000002019eaf4860 Uncommon trap: reason=bimorphic_or_optimized_type_check action=maybe_recompile pc=0x000002014a3f39c4 method=java.io.DataInputStream.readFully([BII)V @ 30 c2
Event: 1.746 Thread 0x000002019eaf4860 DEOPT PACKING pc=0x000002014a3f39c4 sp=0x0000007cfc7fd770
Event: 1.746 Thread 0x000002019eaf4860 DEOPT UNPACKING pc=0x0000020149bf46a2 sp=0x0000007cfc7fd778 mode 2
Event: 1.764 Thread 0x000002019ec23c10 Uncommon trap: trap_request=0xffffff6e fr.pc=0x000002014a3b0eac relative=0x00000000000003ec
Event: 1.764 Thread 0x000002019ec23c10 Uncommon trap: reason=loop_limit_check action=maybe_recompile pc=0x000002014a3b0eac method=java.lang.StringLatin1.indexOf([BI[BII)I @ 37 c2
Event: 1.764 Thread 0x000002019ec23c10 DEOPT PACKING pc=0x000002014a3b0eac sp=0x0000007cfc9ff030
Event: 1.764 Thread 0x000002019ec23c10 DEOPT UNPACKING pc=0x0000020149bf46a2 sp=0x0000007cfc9fef90 mode 2

Classes loaded (20 events):
Event: 1.745 Loading class java/util/function/UnaryOperator
Event: 1.745 Loading class java/util/function/UnaryOperator done
Event: 1.747 Loading class java/io/ObjectStreamClass$ExceptionInfo
Event: 1.747 Loading class java/io/ObjectStreamClass$ExceptionInfo done
Event: 1.762 Loading class java/util/Collections$UnmodifiableMap$UnmodifiableEntrySet
Event: 1.763 Loading class java/util/Collections$UnmodifiableMap$UnmodifiableEntrySet done
Event: 1.763 Loading class java/util/Collections$UnmodifiableMap$UnmodifiableEntrySet$1
Event: 1.763 Loading class java/util/Collections$UnmodifiableMap$UnmodifiableEntrySet$1 done
Event: 1.763 Loading class java/util/Collections$UnmodifiableMap$UnmodifiableEntrySet$UnmodifiableEntry
Event: 1.763 Loading class java/util/Collections$UnmodifiableMap$UnmodifiableEntrySet$UnmodifiableEntry done
Event: 1.768 Loading class java/util/concurrent/CountDownLatch$Sync
Event: 1.768 Loading class java/util/concurrent/CountDownLatch$Sync done
Event: 1.769 Loading class jdk/internal/event/ThreadSleepEvent
Event: 1.769 Loading class jdk/internal/event/ThreadSleepEvent done
Event: 1.769 Loading class java/math/MathContext
Event: 1.769 Loading class java/math/MathContext done
Event: 1.770 Loading class java/math/BigDecimal
Event: 1.770 Loading class java/math/BigDecimal done
Event: 1.782 Loading class sun/reflect/generics/tree/VoidDescriptor
Event: 1.782 Loading class sun/reflect/generics/tree/VoidDescriptor done

Classes unloaded (0 events):
No events

Classes redefined (0 events):
No events

Internal exceptions (20 events):
Event: 1.456 Thread 0x00000201380e7580 Exception <a 'java/lang/NoSuchMethodError'{0x000000008c32b8d0}: 'java.lang.Object java.lang.invoke.Invokers$Holder.invokeExact_MT(java.lang.Object, java.lang.Object, java.lang.Object, java.lang.Object, java.lang.Object, java.lang.Object)'> (0x000000008c32b8d0) 
thrown [s\open\src\hotspot\share\interpreter\linkResolver.cpp, line 774]
Event: 1.467 Thread 0x00000201380e7580 Exception <a 'java/lang/NoSuchMethodError'{0x000000008c3c0b18}: 'java.lang.Object java.lang.invoke.DelegatingMethodHandle$Holder.reinvoke_L(java.lang.Object, java.lang.Object, java.lang.Object, java.lang.Object, java.lang.Object, java.lang.Object, java.lang.Object, java.lang.Object, java.lang.Object, java.lang.Object, java.lang.Object, java.lang.Object, java.lang.Object, java.lang.Object)'> (0x000000008c3c0b18) 
thrown [s\open\src\hotspot\share\interpreter\linkResolver.cpp, line 774]
Event: 1.471 Thread 0x00000201380e7580 Exception <a 'java/lang/NoSuchMethodError'{0x000000008c240348}: 'java.lang.Object java.lang.invoke.DirectMethodHandle$Holder.invokeStatic(java.lang.Object, java.lang.Object, java.lang.Object, java.lang.Object, java.lang.Object, java.lang.Object, java.lang.Object, java.lang.Object, java.lang.Object, java.lang.Object, java.lang.Object, java.lang.Object, java.lang.Object)'> (0x000000008c240348) 
thrown [s\open\src\hotspot\share\interpreter\linkResolver.cpp, line 774]
Event: 1.472 Thread 0x00000201380e7580 Exception <a 'java/lang/NoSuchMethodError'{0x000000008c25f920}: 'java.lang.Object java.lang.invoke.DirectMethodHandle$Holder.invokeStatic(java.lang.Object, java.lang.Object, java.lang.Object, java.lang.Object, java.lang.Object, java.lang.Object, java.lang.Object, java.lang.Object, java.lang.Object, java.lang.Object, java.lang.Object, java.lang.Object, java.lang.Object, java.lang.Object)'> (0x000000008c25f920) 
thrown [s\open\src\hotspot\share\interpreter\linkResolver.cpp, line 774]
Event: 1.473 Thread 0x00000201380e7580 Exception <a 'java/lang/NoSuchMethodError'{0x000000008c27fec0}: 'java.lang.Object java.lang.invoke.DirectMethodHandle$Holder.invokeStatic(java.lang.Object, java.lang.Object, java.lang.Object, java.lang.Object, java.lang.Object, java.lang.Object, java.lang.Object, java.lang.Object, java.lang.Object, java.lang.Object, java.lang.Object, java.lang.Object, java.lang.Object, java.lang.Object, java.lang.Object)'> (0x000000008c27fec0) 
thrown [s\open\src\hotspot\share\interpreter\linkResolver.cpp, line 774]
Event: 1.474 Thread 0x00000201380e7580 Exception <a 'java/lang/NoSuchMethodError'{0x000000008c2a2a60}: 'java.lang.Object java.lang.invoke.DirectMethodHandle$Holder.invokeStatic(java.lang.Object, java.lang.Object, java.lang.Object, java.lang.Object, java.lang.Object, java.lang.Object, java.lang.Object, java.lang.Object, java.lang.Object, java.lang.Object, java.lang.Object, java.lang.Object, java.lang.Object, java.lang.Object, java.lang.Object, java.lang.Object)'> (0x000000008c2a2a60) 
thrown [s\open\src\hotspot\share\interpreter\linkResolver.cpp
Event: 1.550 Thread 0x00000201380e7580 Exception <a 'java/lang/NoSuchMethodError'{0x000000008f4675f0}: 'java.lang.Object java.lang.invoke.DirectMethodHandle$Holder.invokeVirtual(java.lang.Object, java.lang.Object, java.lang.Object, java.lang.Object, java.lang.Object, java.lang.Object, java.lang.Object)'> (0x000000008f4675f0) 
thrown [s\open\src\hotspot\share\interpreter\linkResolver.cpp, line 774]
Event: 1.557 Thread 0x00000201380e7580 Exception <a 'java/lang/NoSuchMethodError'{0x000000008f4f6c68}: 'java.lang.Object java.lang.invoke.DirectMethodHandle$Holder.invokeVirtual(java.lang.Object, java.lang.Object, java.lang.Object, java.lang.Object, java.lang.Object, java.lang.Object, java.lang.Object, java.lang.Object, java.lang.Object)'> (0x000000008f4f6c68) 
thrown [s\open\src\hotspot\share\interpreter\linkResolver.cpp, line 774]
Event: 1.591 Thread 0x00000201380e7580 Exception <a 'java/lang/NoSuchMethodError'{0x000000008f2967d8}: 'java.lang.Object java.lang.invoke.DirectMethodHandle$Holder.invokeStaticInit(java.lang.Object, int, int, int, int)'> (0x000000008f2967d8) 
thrown [s\open\src\hotspot\share\interpreter\linkResolver.cpp, line 774]
Event: 1.608 Thread 0x00000201380e7580 Exception <a 'java/lang/NoSuchMethodError'{0x000000008f15eca8}: 'java.lang.Object java.lang.invoke.DirectMethodHandle$Holder.invokeStaticInit(java.lang.Object, java.lang.Object, int, int, int, int)'> (0x000000008f15eca8) 
thrown [s\open\src\hotspot\share\interpreter\linkResolver.cpp, line 774]
Event: 1.657 Thread 0x00000201380e7580 Exception <a 'java/io/IOException'{0x000000008ee9d970}> (0x000000008ee9d970) 
thrown [s\open\src\hotspot\share\prims\jni.cpp, line 520]
Event: 1.662 Thread 0x00000201380e7580 Implicit null exception at 0x000002014a33e324 to 0x000002014a33e96c
Event: 1.666 Thread 0x00000201380e7580 Exception <a 'java/lang/NoSuchMethodError'{0x000000008ed0f208}: 'java.lang.Object java.lang.invoke.DirectMethodHandle$Holder.newInvokeSpecial(java.lang.Object, java.lang.Object, java.lang.Object, java.lang.Object, java.lang.Object)'> (0x000000008ed0f208) 
thrown [s\open\src\hotspot\share\interpreter\linkResolver.cpp, line 774]
Event: 1.739 Thread 0x000002019eaf4860 Exception <a 'java/lang/NoSuchMethodError'{0x000000008e9c0ec0}: 'long java.lang.invoke.DirectMethodHandle$Holder.invokeSpecial(java.lang.Object, java.lang.Object)'> (0x000000008e9c0ec0) 
thrown [s\open\src\hotspot\share\interpreter\linkResolver.cpp, line 774]
Event: 1.739 Thread 0x000002019eaf4860 Exception <a 'java/lang/NoSuchMethodError'{0x000000008e9c42e8}: 'long java.lang.invoke.Invokers$Holder.invokeExact_MT(java.lang.Object, java.lang.Object)'> (0x000000008e9c42e8) 
thrown [s\open\src\hotspot\share\interpreter\linkResolver.cpp, line 774]
Event: 1.741 Thread 0x000002019eaf4860 Exception <a 'java/lang/NoSuchMethodError'{0x000000008e9da1a0}: 'void java.lang.invoke.DirectMethodHandle$Holder.invokeSpecial(java.lang.Object, java.lang.Object, java.lang.Object)'> (0x000000008e9da1a0) 
thrown [s\open\src\hotspot\share\interpreter\linkResolver.cpp, line 774]
Event: 1.744 Thread 0x000002019eaf4860 Exception <a 'java/lang/NoSuchMethodError'{0x000000008e9faf70}: static Lorg/gradle/tooling/internal/provider/serialization/ClassLoaderDetails;.<clinit>()V> (0x000000008e9faf70) 
thrown [s\open\src\hotspot\share\prims\jni.cpp, line 1111]
Event: 1.745 Thread 0x000002019eaf4860 Exception <a 'java/lang/NoSuchMethodError'{0x000000008e80f858}: static Lorg/gradle/internal/classloader/ClassLoaderSpec;.<clinit>()V> (0x000000008e80f858) 
thrown [s\open\src\hotspot\share\prims\jni.cpp, line 1111]
Event: 1.746 Thread 0x000002019eaf4860 Exception <a 'java/lang/NoSuchMethodError'{0x000000008e8164c8}: static Lorg/gradle/tooling/internal/provider/serialization/WellKnownClassLoaderRegistry$KnownClassLoaderSpec;.<clinit>()V> (0x000000008e8164c8) 
thrown [s\open\src\hotspot\share\prims\jni.cpp, line 1111]
Event: 1.747 Thread 0x000002019eaf4860 Exception <a 'java/lang/NoSuchMethodError'{0x000000008e826f70}: static Lorg/gradle/tooling/internal/provider/serialization/ClientOwnedClassLoaderSpec;.<clinit>()V> (0x000000008e826f70) 
thrown [s\open\src\hotspot\share\prims\jni.cpp, line 1111]

ZGC Phase Switch (0 events):
No events

VM Operations (20 events):
Event: 1.451 Executing VM operation: HandshakeAllThreads (Deoptimize)
Event: 1.451 Executing VM operation: HandshakeAllThreads (Deoptimize) done
Event: 1.460 Executing VM operation: HandshakeAllThreads (Deoptimize)
Event: 1.460 Executing VM operation: HandshakeAllThreads (Deoptimize) done
Event: 1.463 Executing VM operation: HandshakeAllThreads (Deoptimize)
Event: 1.463 Executing VM operation: HandshakeAllThreads (Deoptimize) done
Event: 1.463 Executing VM operation: HandshakeAllThreads (Deoptimize)
Event: 1.463 Executing VM operation: HandshakeAllThreads (Deoptimize) done
Event: 1.479 Executing VM operation: G1CollectForAllocation (G1 Evacuation Pause)
Event: 1.484 Executing VM operation: G1CollectForAllocation (G1 Evacuation Pause) done
Event: 1.491 Executing VM operation: HandshakeAllThreads (Deoptimize)
Event: 1.491 Executing VM operation: HandshakeAllThreads (Deoptimize) done
Event: 1.549 Executing VM operation: HandshakeAllThreads (Deoptimize)
Event: 1.549 Executing VM operation: HandshakeAllThreads (Deoptimize) done
Event: 1.570 Executing VM operation: HandshakeAllThreads (Deoptimize)
Event: 1.570 Executing VM operation: HandshakeAllThreads (Deoptimize) done
Event: 1.601 Executing VM operation: HandshakeAllThreads (Deoptimize)
Event: 1.601 Executing VM operation: HandshakeAllThreads (Deoptimize) done
Event: 1.670 Executing VM operation: HandshakeAllThreads (Deoptimize)
Event: 1.670 Executing VM operation: HandshakeAllThreads (Deoptimize) done

Memory protections (0 events):
No events

Nmethod flushes (0 events):
No events

Events (20 events):
Event: 0.049 Thread 0x00000201380e7580 Thread added: 0x0000020157a82000
Event: 0.055 Thread 0x000002015785c290 Thread added: 0x0000020157a84fd0
Event: 0.089 Thread 0x00000201380e7580 Thread added: 0x0000020157b3e960
Event: 0.340 Thread 0x0000020157972ac0 Thread added: 0x0000020157bae690
Event: 0.341 Thread 0x0000020157972ac0 Thread added: 0x000002019d0419b0
Event: 0.344 Thread 0x000002015785c290 Thread added: 0x000002019d042070
Event: 0.648 Thread 0x0000020157a84fd0 Thread added: 0x000002019dee68b0
Event: 1.075 Thread 0x000002019d042070 Thread exited: 0x000002019d042070
Event: 1.141 Thread 0x000002019d0419b0 Thread exited: 0x000002019d0419b0
Event: 1.463 Thread 0x00000201380e7580 Thread added: 0x000002019e950010
Event: 1.618 Thread 0x00000201380e7580 Thread added: 0x000002019e9dd480
Event: 1.624 Thread 0x000002019dee68b0 Thread added: 0x000002019eacf9c0
Event: 1.669 Thread 0x00000201380e7580 Thread added: 0x000002019ea7e4b0
Event: 1.702 Thread 0x000002019e9dd480 Thread added: 0x000002019eadea00
Event: 1.705 Thread 0x000002019eadea00 Thread added: 0x000002019eaf4860
Event: 1.756 Thread 0x000002019eadea00 Thread added: 0x000002019ebe1de0
Event: 1.761 Thread 0x000002019eadea00 Thread added: 0x000002019ec23c10
Event: 1.769 Thread 0x000002019ec23c10 Thread added: 0x000002019ec214b0
Event: 1.773 Thread 0x000002019ec23c10 Thread added: 0x000002019ec22ef0
Event: 1.775 Thread 0x000002019ec23c10 Thread added: 0x000002019ec20e20


Dynamic libraries:
0x00007ff67e980000 - 0x00007ff67e990000 	C:\Program Files\Java\jdk-22\bin\java.exe
0x00007ffb27480000 - 0x00007ffb276e8000 	C:\WINDOWS\SYSTEM32\ntdll.dll
0x00007ffaf59d0000 - 0x00007ffaf59f0000 	C:\Program Files\Avast Software\Avast\aswhook.dll
0x00007ffb257b0000 - 0x00007ffb25879000 	C:\WINDOWS\System32\KERNEL32.DLL
0x00007ffb24700000 - 0x00007ffb24af2000 	C:\WINDOWS\System32\KERNELBASE.dll
0x00007ffb21190000 - 0x00007ffb2122f000 	C:\WINDOWS\SYSTEM32\apphelp.dll
0x00007ffb25100000 - 0x00007ffb2524b000 	C:\WINDOWS\System32\ucrtbase.dll
0x00007ffb034a0000 - 0x00007ffb034bb000 	C:\Program Files\Java\jdk-22\bin\VCRUNTIME140.dll
0x00007ffaf35b0000 - 0x00007ffaf35c7000 	C:\Program Files\Java\jdk-22\bin\jli.dll
0x00007ffb26b10000 - 0x00007ffb26cd5000 	C:\WINDOWS\System32\USER32.dll
0x00007ffb246d0000 - 0x00007ffb246f7000 	C:\WINDOWS\System32\win32u.dll
0x00007ffb126e0000 - 0x00007ffb12973000 	C:\WINDOWS\WinSxS\amd64_microsoft.windows.common-controls_6595b64144ccf1df_6.0.26100.6899_none_3e0efeeae32e88c1\COMCTL32.dll
0x00007ffb25880000 - 0x00007ffb258ab000 	C:\WINDOWS\System32\GDI32.dll
0x00007ffb258b0000 - 0x00007ffb25959000 	C:\WINDOWS\System32\msvcrt.dll
0x00007ffb24ba0000 - 0x00007ffb24ccd000 	C:\WINDOWS\System32\gdi32full.dll
0x00007ffb25050000 - 0x00007ffb250f3000 	C:\WINDOWS\System32\msvcp_win.dll
0x00007ffb26630000 - 0x00007ffb2665f000 	C:\WINDOWS\System32\IMM32.DLL
0x00007ffb160a0000 - 0x00007ffb160ac000 	C:\Program Files\Java\jdk-22\bin\vcruntime140_1.dll
0x00007ffac9ca0000 - 0x00007ffac9d2e000 	C:\Program Files\Java\jdk-22\bin\msvcp140.dll
0x00007ff9fdd30000 - 0x00007ff9fea79000 	C:\Program Files\Java\jdk-22\bin\server\jvm.dll
0x00007ffb26e70000 - 0x00007ffb26f24000 	C:\WINDOWS\System32\ADVAPI32.dll
0x00007ffb25380000 - 0x00007ffb25426000 	C:\WINDOWS\System32\sechost.dll
0x00007ffb26430000 - 0x00007ffb26548000 	C:\WINDOWS\System32\RPCRT4.dll
0x00007ffb26140000 - 0x00007ffb261b4000 	C:\WINDOWS\System32\WS2_32.dll
0x00007ffb24470000 - 0x00007ffb244ce000 	C:\WINDOWS\SYSTEM32\POWRPROF.dll
0x00007ffb1d700000 - 0x00007ffb1d70b000 	C:\WINDOWS\SYSTEM32\VERSION.dll
0x00007ffb1d660000 - 0x00007ffb1d695000 	C:\WINDOWS\SYSTEM32\WINMM.dll
0x00007ffb24450000 - 0x00007ffb24464000 	C:\WINDOWS\SYSTEM32\UMPDC.dll
0x00007ffb233e0000 - 0x00007ffb233fb000 	C:\WINDOWS\SYSTEM32\kernel.appcore.dll
0x00007ffb149c0000 - 0x00007ffb149ca000 	C:\Program Files\Java\jdk-22\bin\jimage.dll
0x00007ffb21c20000 - 0x00007ffb21e62000 	C:\WINDOWS\SYSTEM32\DBGHELP.DLL
0x00007ffb25430000 - 0x00007ffb257ab000 	C:\WINDOWS\System32\combase.dll
0x00007ffb26550000 - 0x00007ffb26627000 	C:\WINDOWS\System32\OLEAUT32.dll
0x00007ffb13c80000 - 0x00007ffb13cbc000 	C:\WINDOWS\SYSTEM32\dbgcore.DLL
0x00007ffb24b00000 - 0x00007ffb24b98000 	C:\WINDOWS\System32\bcryptPrimitives.dll
0x00007ffb130c0000 - 0x00007ffb130cf000 	C:\Program Files\Java\jdk-22\bin\instrument.dll
0x00007ffaeffc0000 - 0x00007ffaeffde000 	C:\Program Files\Java\jdk-22\bin\java.dll
0x00007ffb25960000 - 0x00007ffb260ad000 	C:\WINDOWS\System32\SHELL32.dll
0x00007ffb24d60000 - 0x00007ffb24ecb000 	C:\WINDOWS\System32\wintypes.dll
0x00007ffb27110000 - 0x00007ffb272a8000 	C:\WINDOWS\System32\ole32.dll
0x00007ffb22280000 - 0x00007ffb22add000 	C:\WINDOWS\SYSTEM32\windows.storage.dll
0x00007ffb26320000 - 0x00007ffb26412000 	C:\WINDOWS\System32\SHCORE.dll
0x00007ffb260c0000 - 0x00007ffb26122000 	C:\WINDOWS\System32\shlwapi.dll
0x00007ffb24530000 - 0x00007ffb24559000 	C:\WINDOWS\SYSTEM32\profapi.dll
0x00007ffaa2bf0000 - 0x00007ffaa2cc7000 	C:\Program Files\Java\jdk-22\bin\jsvml.dll
0x00007ffae5390000 - 0x00007ffae53a7000 	C:\Program Files\Java\jdk-22\bin\zip.dll
0x00007ffb087f0000 - 0x00007ffb08800000 	C:\Program Files\Java\jdk-22\bin\net.dll
0x00007ffb23950000 - 0x00007ffb239bb000 	C:\WINDOWS\system32\mswsock.dll
0x00007ffae52a0000 - 0x00007ffae52b6000 	C:\Program Files\Java\jdk-22\bin\nio.dll
0x00007ffb01540000 - 0x00007ffb01550000 	C:\Program Files\Java\jdk-22\bin\verify.dll
0x00007ffaf4470000 - 0x00007ffaf4497000 	C:\Users\Asus\.gradle\native\1def1411415f61bf3af743bc5b6707747c0891f09f0c88961ee8f79bc544acac\windows-amd64\native-platform.dll
0x00007ffab7320000 - 0x00007ffab7398000 	C:\Users\Asus\.gradle\native\0.2.7\x86_64-windows-gnu\gradle-fileevents.dll
0x00007ffaf7f70000 - 0x00007ffaf7f7a000 	C:\Program Files\Java\jdk-22\bin\management.dll
0x00007ffaf7e20000 - 0x00007ffaf7e2b000 	C:\Program Files\Java\jdk-22\bin\management_ext.dll
0x00007ffb26b00000 - 0x00007ffb26b08000 	C:\WINDOWS\System32\PSAPI.DLL
0x00007ffb22f50000 - 0x00007ffb22f84000 	C:\WINDOWS\SYSTEM32\IPHLPAPI.DLL
0x00007ffb26420000 - 0x00007ffb2642a000 	C:\WINDOWS\System32\NSI.dll
0x00007ffaf4460000 - 0x00007ffaf4469000 	C:\Program Files\Java\jdk-22\bin\extnet.dll
0x00007ffb23c10000 - 0x00007ffb23c2b000 	C:\WINDOWS\SYSTEM32\CRYPTSP.dll
0x00007ffb23340000 - 0x00007ffb2337b000 	C:\WINDOWS\system32\rsaenh.dll
0x00007ffb239f0000 - 0x00007ffb23a1b000 	C:\WINDOWS\SYSTEM32\USERENV.dll
0x00007ffb24500000 - 0x00007ffb24526000 	C:\WINDOWS\SYSTEM32\bcrypt.dll
0x00007ffb23c00000 - 0x00007ffb23c0c000 	C:\WINDOWS\SYSTEM32\CRYPTBASE.dll
0x00007ffaf1e90000 - 0x00007ffaf1e9e000 	C:\Program Files\Java\jdk-22\bin\sunmscapi.dll
0x00007ffb24ed0000 - 0x00007ffb25047000 	C:\WINDOWS\System32\CRYPT32.dll
0x00007ffb23e20000 - 0x00007ffb23e50000 	C:\WINDOWS\SYSTEM32\ncrypt.dll
0x00007ffb23dd0000 - 0x00007ffb23e0f000 	C:\WINDOWS\SYSTEM32\NTASN1.dll
0x00007ffae9a70000 - 0x00007ffae9a78000 	C:\WINDOWS\system32\wshunix.dll

dbghelp: loaded successfully - version: 4.0.5 - missing functions: none
symbol engine: initialized successfully - sym options: 0x614 - pdb path: .;C:\Program Files\Java\jdk-22\bin;C:\WINDOWS\SYSTEM32;C:\Program Files\Avast Software\Avast;C:\WINDOWS\WinSxS\amd64_microsoft.windows.common-controls_6595b64144ccf1df_6.0.26100.6899_none_3e0efeeae32e88c1;C:\Program Files\Java\jdk-22\bin\server;C:\Users\Asus\.gradle\native\1def1411415f61bf3af743bc5b6707747c0891f09f0c88961ee8f79bc544acac\windows-amd64;C:\Users\Asus\.gradle\native\0.2.7\x86_64-windows-gnu

VM Arguments:
jvm_args: --add-opens=java.base/java.lang=ALL-UNNAMED --add-opens=java.base/java.lang.invoke=ALL-UNNAMED --add-opens=java.base/java.util=ALL-UNNAMED --add-opens=java.prefs/java.util.prefs=ALL-UNNAMED --add-exports=jdk.compiler/com.sun.tools.javac.api=ALL-UNNAMED --add-exports=jdk.compiler/com.sun.tools.javac.util=ALL-UNNAMED --add-opens=java.base/java.util=ALL-UNNAMED --add-opens=java.prefs/java.util.prefs=ALL-UNNAMED --add-opens=java.base/java.nio.charset=ALL-UNNAMED --add-opens=java.base/java.net=ALL-UNNAMED --add-opens=java.base/java.util.concurrent.atomic=ALL-UNNAMED --add-opens=java.xml/javax.xml.namespace=ALL-UNNAMED -Xmx2048m -Dfile.encoding=UTF-8 -Duser.country=ID -Duser.language=en -Duser.variant -javaagent:C:\Users\Asus\.gradle\wrapper\dists\gradle-8.13-bin\5xuhj0ry160q40clulazy9h7d\gradle-8.13\lib\agents\gradle-instrumentation-agent-8.13.jar 
java_command: org.gradle.launcher.daemon.bootstrap.GradleDaemon 8.13
java_class_path (initial): C:\Users\Asus\.gradle\wrapper\dists\gradle-8.13-bin\5xuhj0ry160q40clulazy9h7d\gradle-8.13\lib\gradle-daemon-main-8.13.jar
Launcher Type: SUN_STANDARD

[Global flags]
     intx CICompilerCount                          = 12                                        {product} {ergonomic}
     uint ConcGCThreads                            = 3                                         {product} {ergonomic}
     uint G1ConcRefinementThreads                  = 13                                        {product} {ergonomic}
   size_t G1HeapRegionSize                         = 1048576                                   {product} {ergonomic}
   size_t InitialHeapSize                          = 260046848                                 {product} {ergonomic}
   size_t MarkStackSize                            = 4194304                                   {product} {ergonomic}
   size_t MaxHeapSize                              = 2147483648                                {product} {command line}
   size_t MaxNewSize                               = 1287651328                                {product} {ergonomic}
   size_t MinHeapDeltaBytes                        = 1048576                                   {product} {ergonomic}
   size_t MinHeapSize                              = 8388608                                   {product} {ergonomic}
    uintx NonNMethodCodeHeapSize                   = 7602480                                {pd product} {ergonomic}
    uintx NonProfiledCodeHeapSize                  = 122027880                              {pd product} {ergonomic}
    uintx ProfiledCodeHeapSize                     = 122027880                              {pd product} {ergonomic}
    uintx ReservedCodeCacheSize                    = 251658240                              {pd product} {ergonomic}
     bool SegmentedCodeCache                       = true                                      {product} {ergonomic}
   size_t SoftMaxHeapSize                          = 2147483648                             {manageable} {ergonomic}
     bool UseCompressedOops                        = true                           {product lp64_product} {ergonomic}
     bool UseG1GC                                  = true                                      {product} {ergonomic}
     bool UseLargePagesIndividualAllocation        = false                                  {pd product} {ergonomic}

Logging:
Log output configuration:
 #0: stdout all=warning uptime,level,tags foldmultilines=false
 #1: stderr all=off uptime,level,tags foldmultilines=false

Environment Variables:
PATH=C:\Program Files\Google\Chrome\Application;C:\Program Files\Common Files\Oracle\Java\javapath;C:\Program Files (x86)\Common Files\Oracle\Java\java8path;C:\Program Files (x86)\Common Files\Oracle\Java\javapath;C:\Inprise\vbroker\bin;C:\PROGRA~2\Borland\CBUILD~1\Bin;C:\PROGRA~2\Borland\CBUILD~1\Projects\Bpl;C:\WINDOWS\system32;C:\WINDOWS;C:\WINDOWS\System32\Wbem;C:\WINDOWS\System32\WindowsPowerShell\v1.0\;C:\WINDOWS\System32\OpenSSH\;C:\Program Files\nodejs\;C:\ProgramData\chocolatey\bin;C:\Program Files\Git\cmd;C:\Users\Asus\AppData\Local\Programs\Python\Python313\Scripts\;C:\Users\Asus\AppData\Local\Programs\Python\Python313\;C:\Users\Asus\AppData\Local\Programs\Python\Launcher\;C:\Users\Asus\AppData\Local\Microsoft\WindowsApps;C:\Users\Asus\AppData\Local\Programs\Microsoft VS Code\bin;C:\Users\Asus\AppData\Roaming\npm;C:\Program Files\PostgreSQL\17\bin;C:\Program Files\JetBrains\DataGrip 2025.2.3\bin;c:\Users\Asus\AppData\Local\Programs\Trae\resources\app\bin\lib
USERNAME=Asus
OS=Windows_NT
PROCESSOR_IDENTIFIER=AMD64 Family 25 Model 80 Stepping 0, AuthenticAMD
TMP=C:\Users\Asus\AppData\Local\Temp
TEMP=C:\Users\Asus\AppData\Local\Temp




Periodic native trim disabled

---------------  S Y S T E M  ---------------

OS:
 Windows 11 , 64 bit Build 26100 (10.0.26100.6725)
OS uptime: 1 days 17:13 hours

CPU: total 16 (initial active 16) (16 cores per cpu, 2 threads per core) family 25 model 80 stepping 0 microcode 0xa50000d, cx8, cmov, fxsr, ht, mmx, 3dnowpref, sse, sse2, sse3, ssse3, sse4a, sse4.1, sse4.2, popcnt, lzcnt, tsc, tscinvbit, avx, avx2, aes, erms, clmul, bmi1, bmi2, adx, sha, fma, vzeroupper, clflush, clflushopt, rdtscp, rdpid, fsrm, f16c, pku, cet_ss
Processor Information for processor 0
  Max Mhz: 3201, Current Mhz: 1990, Mhz Limit: 3201
Processor Information for processor 1
  Max Mhz: 3201, Current Mhz: 1990, Mhz Limit: 3201
Processor Information for processor 2
  Max Mhz: 3201, Current Mhz: 1990, Mhz Limit: 3201
Processor Information for processor 3
  Max Mhz: 3201, Current Mhz: 3201, Mhz Limit: 3201
Processor Information for processor 4
  Max Mhz: 3201, Current Mhz: 1990, Mhz Limit: 3201
Processor Information for processor 5
  Max Mhz: 3201, Current Mhz: 1990, Mhz Limit: 3201
Processor Information for processor 6
  Max Mhz: 3201, Current Mhz: 1990, Mhz Limit: 3201
Processor Information for processor 7
  Max Mhz: 3201, Current Mhz: 3201, Mhz Limit: 3201
Processor Information for processor 8
  Max Mhz: 3201, Current Mhz: 1990, Mhz Limit: 3201
Processor Information for processor 9
  Max Mhz: 3201, Current Mhz: 1990, Mhz Limit: 3201
Processor Information for processor 10
  Max Mhz: 3201, Current Mhz: 1990, Mhz Limit: 3201
Processor Information for processor 11
  Max Mhz: 3201, Current Mhz: 1990, Mhz Limit: 3201
Processor Information for processor 12
  Max Mhz: 3201, Current Mhz: 3201, Mhz Limit: 3201
Processor Information for processor 13
  Max Mhz: 3201, Current Mhz: 3201, Mhz Limit: 3201
Processor Information for processor 14
  Max Mhz: 3201, Current Mhz: 1990, Mhz Limit: 3201
Processor Information for processor 15
  Max Mhz: 3201, Current Mhz: 1990, Mhz Limit: 3201

Memory: 4k page, system-wide physical 15775M (2545M free)
TotalPageFile size 37805M (AvailPageFile size 5M)
current process WorkingSet (physical memory assigned to process): 164M, peak: 164M
current process commit charge ("private bytes"): 395M, peak: 396M

vm_info: Java HotSpot(TM) 64-Bit Server VM (22.0.2+9-70) for windows-amd64 JRE (22.0.2+9-70), built on 2024-06-04T16:52:23Z by "mach5one" with MS VC++ 17.6 (VS2022)

END.
