#
# There is insufficient memory for the Java Runtime Environment to continue.
# Native memory allocation (malloc) failed to allocate 700576 bytes. Error detail: Chunk::new
# Possible reasons:
#   The system is out of physical RAM or swap space
#   This process is running with CompressedOops enabled, and the Java Heap may be blocking the growth of the native heap
# Possible solutions:
#   Reduce memory load on the system
#   Increase physical memory or swap space
#   Check if swap backing store is full
#   Decrease Java heap size (-Xmx/-Xms)
#   Decrease number of Java threads
#   Decrease Java thread stack sizes (-Xss)
#   Set larger code cache with -XX:ReservedCodeCacheSize=
#   JVM is running with Unscaled Compressed Oops mode in which the Java heap is
#     placed in the first 4GB address space. The Java Heap base address is the
#     maximum limit for the native heap growth. Please use -XX:HeapBaseMinAddress
#     to set the Java Heap base and to place the Java Heap above 4GB virtual address.
# This output file may be truncated or incomplete.
#
#  Out of Memory Error (arena.cpp:150), pid=12252, tid=36316
#
# JRE version: Java(TM) SE Runtime Environment (22.0.2+9) (build 22.0.2+9-70)
# Java VM: Java HotSpot(TM) 64-Bit Server VM (22.0.2+9-70, mixed mode, sharing, tiered, compressed oops, compressed class ptrs, g1 gc, windows-amd64)
# No core dump will be written. Minidumps are not enabled by default on client versions of Windows
#

---------------  S U M M A R Y ------------

Command Line: --add-opens=java.base/java.lang=ALL-UNNAMED --add-opens=java.base/java.lang.invoke=ALL-UNNAMED --add-opens=java.base/java.util=ALL-UNNAMED --add-opens=java.prefs/java.util.prefs=ALL-UNNAMED --add-exports=jdk.compiler/com.sun.tools.javac.api=ALL-UNNAMED --add-exports=jdk.compiler/com.sun.tools.javac.util=ALL-UNNAMED --add-opens=java.base/java.util=ALL-UNNAMED --add-opens=java.prefs/java.util.prefs=ALL-UNNAMED --add-opens=java.base/java.nio.charset=ALL-UNNAMED --add-opens=java.base/java.net=ALL-UNNAMED --add-opens=java.base/java.util.concurrent.atomic=ALL-UNNAMED --add-opens=java.xml/javax.xml.namespace=ALL-UNNAMED -Xmx2048m -Dfile.encoding=UTF-8 -Duser.country=ID -Duser.language=en -Duser.variant -javaagent:C:\Users\Asus\.gradle\wrapper\dists\gradle-8.13-bin\5xuhj0ry160q40clulazy9h7d\gradle-8.13\lib\agents\gradle-instrumentation-agent-8.13.jar org.gradle.launcher.daemon.bootstrap.GradleDaemon 8.13

Host: AMD Ryzen 7 5800HS with Radeon Graphics        , 16 cores, 15G,  Windows 11 , 64 bit Build 26100 (10.0.26100.6725)
Time: Sun Nov  2 01:19:24 2025 SE Asia Standard Time elapsed time: 2.130800 seconds (0d 0h 0m 2s)

---------------  T H R E A D  ---------------

Current thread (0x000001ee85c7d3b0):  JavaThread "C2 CompilerThread1" daemon [_thread_in_native, id=36316, stack(0x0000008a68400000,0x0000008a68500000) (1024K)]


Current CompileTask:
C2:2130 2876   !   4       java.lang.ClassLoader::loadClass (121 bytes)

Stack: [0x0000008a68400000,0x0000008a68500000]
Native frames: (J=compiled Java code, j=interpreted, Vv=VM code, C=native code)
V  [jvm.dll+0x6e26e9]  (no source info available)
V  [jvm.dll+0x875753]  (no source info available)
V  [jvm.dll+0x877b7e]  (no source info available)
V  [jvm.dll+0x878253]  (no source info available)
V  [jvm.dll+0x27fc86]  (no source info available)
V  [jvm.dll+0xc3d0f]  (no source info available)
V  [jvm.dll+0xc3f6b]  (no source info available)
V  [jvm.dll+0x2f3c7f]  (no source info available)
V  [jvm.dll+0x60c0fa]  (no source info available)
V  [jvm.dll+0x250c92]  (no source info available)
V  [jvm.dll+0x2492a6]  (no source info available)
V  [jvm.dll+0x246da6]  (no source info available)
V  [jvm.dll+0x1c4e80]  (no source info available)
V  [jvm.dll+0x2568f3]  (no source info available)
V  [jvm.dll+0x254baa]  (no source info available)
V  [jvm.dll+0x3f57a6]  (no source info available)
V  [jvm.dll+0x81dc0b]  (no source info available)
V  [jvm.dll+0x6e0d85]  (no source info available)
C  [ucrtbase.dll+0x37b0]  (no source info available)
C  [KERNEL32.DLL+0x2e8d7]  (no source info available)
C  [ntdll.dll+0x8c53c]  (no source info available)


---------------  P R O C E S S  ---------------

Threads class SMR info:
_java_thread_list=0x000001eeccefd140, length=29, elements={
0x000001eee6336470, 0x000001ee84f13360, 0x000001ee84f16af0, 0x000001ee84f19a30,
0x000001ee84f1c720, 0x000001ee85b61f10, 0x000001ee85b6da60, 0x000001ee85b78e80,
0x000001ee85b7c0c0, 0x000001ee85c3d0c0, 0x000001ee85b6a5e0, 0x000001ee85c7d3b0,
0x000001ee85c7dc00, 0x000001ee85b6ac70, 0x000001eecbfa1010, 0x000001eecbe8f550,
0x000001ee85b6d3d0, 0x000001ee85b6b300, 0x000001ee85b6b990, 0x000001ee85b6cd40,
0x000001eecc9e89e0, 0x000001eecc9e9700, 0x000001eecc9ec4f0, 0x000001eecc9eb140,
0x000001eecc9eb7d0, 0x000001eecc9e9d90, 0x000001eecc9e9070, 0x000001eecc9ecb80,
0x000001eecc9ed8a0
}

Java Threads: ( => current thread )
  0x000001eee6336470 JavaThread "main"                              [_thread_blocked, id=36320, stack(0x0000008a67200000,0x0000008a67300000) (1024K)]
  0x000001ee84f13360 JavaThread "Reference Handler"          daemon [_thread_blocked, id=34240, stack(0x0000008a67a00000,0x0000008a67b00000) (1024K)]
  0x000001ee84f16af0 JavaThread "Finalizer"                  daemon [_thread_blocked, id=18364, stack(0x0000008a67b00000,0x0000008a67c00000) (1024K)]
  0x000001ee84f19a30 JavaThread "Signal Dispatcher"          daemon [_thread_blocked, id=14236, stack(0x0000008a67c00000,0x0000008a67d00000) (1024K)]
  0x000001ee84f1c720 JavaThread "Attach Listener"            daemon [_thread_blocked, id=23588, stack(0x0000008a67d00000,0x0000008a67e00000) (1024K)]
  0x000001ee85b61f10 JavaThread "Service Thread"             daemon [_thread_blocked, id=18020, stack(0x0000008a67e00000,0x0000008a67f00000) (1024K)]
  0x000001ee85b6da60 JavaThread "Monitor Deflation Thread"   daemon [_thread_blocked, id=33980, stack(0x0000008a67f00000,0x0000008a68000000) (1024K)]
  0x000001ee85b78e80 JavaThread "C2 CompilerThread0"         daemon [_thread_in_native, id=32472, stack(0x0000008a68000000,0x0000008a68100000) (1024K)]
  0x000001ee85b7c0c0 JavaThread "C1 CompilerThread0"         daemon [_thread_in_native, id=11412, stack(0x0000008a68100000,0x0000008a68200000) (1024K)]
  0x000001ee85c3d0c0 JavaThread "C1 CompilerThread1"         daemon [_thread_blocked, id=31884, stack(0x0000008a68200000,0x0000008a68300000) (1024K)]
  0x000001ee85b6a5e0 JavaThread "Common-Cleaner"             daemon [_thread_blocked, id=36552, stack(0x0000008a68300000,0x0000008a68400000) (1024K)]
=>0x000001ee85c7d3b0 JavaThread "C2 CompilerThread1"         daemon [_thread_in_native, id=36316, stack(0x0000008a68400000,0x0000008a68500000) (1024K)]
  0x000001ee85c7dc00 JavaThread "C2 CompilerThread2"         daemon [_thread_in_native, id=35560, stack(0x0000008a68500000,0x0000008a68600000) (1024K)]
  0x000001ee85b6ac70 JavaThread "Notification Thread"        daemon [_thread_blocked, id=36564, stack(0x0000008a68600000,0x0000008a68700000) (1024K)]
  0x000001eecbfa1010 JavaThread "C1 CompilerThread2"         daemon [_thread_in_native, id=36076, stack(0x0000008a68c00000,0x0000008a68d00000) (1024K)]
  0x000001eecbe8f550 JavaThread "C1 CompilerThread3"         daemon [_thread_blocked, id=35084, stack(0x0000008a68d00000,0x0000008a68e00000) (1024K)]
  0x000001ee85b6d3d0 JavaThread "Daemon health stats"               [_thread_blocked, id=34088, stack(0x0000008a68700000,0x0000008a68800000) (1024K)]
  0x000001ee85b6b300 JavaThread "Incoming local TCP Connector on port 61957"        [_thread_in_native, id=31968, stack(0x0000008a69200000,0x0000008a69300000) (1024K)]
  0x000001ee85b6b990 JavaThread "Daemon periodic checks"            [_thread_blocked, id=36152, stack(0x0000008a69300000,0x0000008a69400000) (1024K)]
  0x000001ee85b6cd40 JavaThread "Daemon"                            [_thread_blocked, id=31340, stack(0x0000008a69400000,0x0000008a69500000) (1024K)]
  0x000001eecc9e89e0 JavaThread "Handler for socket connection from /127.0.0.1:61957 to /127.0.0.1:61958"        [_thread_in_native, id=16892, stack(0x0000008a69500000,0x0000008a69600000) (1024K)]
  0x000001eecc9e9700 JavaThread "Cancel handler"                    [_thread_blocked, id=30432, stack(0x0000008a69600000,0x0000008a69700000) (1024K)]
  0x000001eecc9ec4f0 JavaThread "Daemon worker"                     [_thread_in_vm, id=33096, stack(0x0000008a69700000,0x0000008a69800000) (1024K)]
  0x000001eecc9eb140 JavaThread "Asynchronous log dispatcher for DefaultDaemonConnection: socket connection from /127.0.0.1:61957 to /127.0.0.1:61958"        [_thread_blocked, id=20500, stack(0x0000008a69800000,0x0000008a69900000) (1024K)]
  0x000001eecc9eb7d0 JavaThread "Stdin handler"                     [_thread_blocked, id=33832, stack(0x0000008a69900000,0x0000008a69a00000) (1024K)]
  0x000001eecc9e9d90 JavaThread "Daemon client event forwarder"        [_thread_blocked, id=25660, stack(0x0000008a69a00000,0x0000008a69b00000) (1024K)]
  0x000001eecc9e9070 JavaThread "Cache worker for journal cache (C:\Users\Asus\.gradle\caches\journal-1)"        [_thread_blocked, id=36848, stack(0x0000008a69b00000,0x0000008a69c00000) (1024K)]
  0x000001eecc9ecb80 JavaThread "File lock request listener"        [_thread_in_native, id=34416, stack(0x0000008a69c00000,0x0000008a69d00000) (1024K)]
  0x000001eecc9ed8a0 JavaThread "Cache worker for file hash cache (C:\Users\Asus\.gradle\caches\8.13\fileHashes)"        [_thread_blocked, id=35932, stack(0x0000008a69d00000,0x0000008a69e00000) (1024K)]
Total: 29

Other Threads:
  0x000001ee84ef6db0 VMThread "VM Thread"                           [id=34552, stack(0x0000008a67900000,0x0000008a67a00000) (1024K)]
  0x000001ee84ee20b0 WatcherThread "VM Periodic Task Thread"        [id=36836, stack(0x0000008a67800000,0x0000008a67900000) (1024K)]
  0x000001eee7ed2450 WorkerThread "GC Thread#0"                     [id=33468, stack(0x0000008a67300000,0x0000008a67400000) (1024K)]
  0x000001eecb00c090 WorkerThread "GC Thread#1"                     [id=36196, stack(0x0000008a68800000,0x0000008a68900000) (1024K)]
  0x000001eecb5f7a00 WorkerThread "GC Thread#2"                     [id=35896, stack(0x0000008a68900000,0x0000008a68a00000) (1024K)]
  0x000001eecb5f7db0 WorkerThread "GC Thread#3"                     [id=35644, stack(0x0000008a68a00000,0x0000008a68b00000) (1024K)]
  0x000001eecb2aa1b0 WorkerThread "GC Thread#4"                     [id=36444, stack(0x0000008a68b00000,0x0000008a68c00000) (1024K)]
  0x000001eeccb8d330 WorkerThread "GC Thread#5"                     [id=33840, stack(0x0000008a68e00000,0x0000008a68f00000) (1024K)]
  0x000001eecc978a50 WorkerThread "GC Thread#6"                     [id=30584, stack(0x0000008a68f00000,0x0000008a69000000) (1024K)]
  0x000001eecc978e00 WorkerThread "GC Thread#7"                     [id=28240, stack(0x0000008a69000000,0x0000008a69100000) (1024K)]
  0x000001eecc9791b0 WorkerThread "GC Thread#8"                     [id=35824, stack(0x0000008a69100000,0x0000008a69200000) (1024K)]
  0x000001eee7ee4340 ConcurrentGCThread "G1 Main Marker"            [id=31880, stack(0x0000008a67400000,0x0000008a67500000) (1024K)]
  0x000001eee7ee5500 WorkerThread "G1 Conc#0"                       [id=23216, stack(0x0000008a67500000,0x0000008a67600000) (1024K)]
  0x000001ee84e349c0 ConcurrentGCThread "G1 Refine#0"               [id=22352, stack(0x0000008a67600000,0x0000008a67700000) (1024K)]
  0x000001ee84e35350 ConcurrentGCThread "G1 Service"                [id=36740, stack(0x0000008a67700000,0x0000008a67800000) (1024K)]
Total: 15

Threads with active compile tasks:
C2 CompilerThread0  2225 2918       4       java.lang.invoke.MethodType::makeImpl (109 bytes)
C1 CompilerThread0  2225 2937       3       java.lang.invoke.InvokerBytecodeGenerator::addMethod (737 bytes)
C2 CompilerThread1  2225 2876   !   4       java.lang.ClassLoader::loadClass (121 bytes)
C2 CompilerThread2  2225 2934       4       jdk.internal.org.objectweb.asm.Frame::getAbstractTypeFromDescriptor (415 bytes)
C1 CompilerThread2  2225 2941       3       java.lang.invoke.InvokerBytecodeGenerator::clinit (351 bytes)
Total: 5

VM state: not at safepoint (normal execution)

VM Mutex/Monitor currently owned by a thread:  ([mutex/lock_event])
[0x00007ff9fe99ab00] Metaspace_lock - owner thread: 0x000001eecc9ec4f0

Heap address: 0x0000000080000000, size: 2048 MB, Compressed Oops mode: 32-bit

CDS archive(s) mapped at: [0x000001ee86000000-0x000001ee86c60000-0x000001ee86c60000), size 12976128, SharedBaseAddress: 0x000001ee86000000, ArchiveRelocationMode: 1.
Compressed class space mapped at: 0x000001ee87000000-0x000001eec7000000, reserved size: 1073741824
Narrow klass base: 0x000001ee86000000, Narrow klass shift: 0, Narrow klass range: 0x41000000

GC Precious Log:
 CardTable entry size: 512
 Card Set container configuration: InlinePtr #cards 5 size 8 Array Of Cards #cards 12 size 40 Howl #buckets 4 coarsen threshold 1843 Howl Bitmap #cards 512 size 80 coarsen threshold 460 Card regions per heap region 1 cards per card region 2048
 CPUs: 16 total, 16 available
 Memory: 15775M
 Large Page Support: Disabled
 NUMA Support: Disabled
 Compressed Oops: Enabled (32-bit)
 Heap Region Size: 1M
 Heap Min Capacity: 8M
 Heap Initial Capacity: 248M
 Heap Max Capacity: 2G
 Pre-touch: Disabled
 Parallel Workers: 13
 Concurrent Workers: 3
 Concurrent Refinement Workers: 13
 Periodic GC: Disabled

Heap:
 garbage-first heap   total reserved 2097152K, committed 253952K, used 63142K [0x0000000080000000, 0x0000000100000000)
  region size 1024K, 51 young (52224K), 7 survivors (7168K)
 Metaspace       used 15577K, committed 16064K, reserved 1114112K
  class space    used 2147K, committed 2368K, reserved 1048576K

Heap Regions: E=young(eden), S=young(survivor), O=old, HS=humongous(starts), HC=humongous(continues), CS=collection set, F=free, TAMS=top-at-mark-start, PB=parsable bottom
|   0|0x0000000080000000, 0x0000000080100000, 0x0000000080100000|100%| O|  |TAMS 0x0000000080000000| PB 0x0000000080000000| Untracked |  0
|   1|0x0000000080100000, 0x0000000080200000, 0x0000000080200000|100%|HS|  |TAMS 0x0000000080100000| PB 0x0000000080100000| Complete |  0
|   2|0x0000000080200000, 0x0000000080300000, 0x0000000080300000|100%|HC|  |TAMS 0x0000000080200000| PB 0x0000000080200000| Complete |  0
|   3|0x0000000080300000, 0x0000000080400000, 0x0000000080400000|100%|HC|  |TAMS 0x0000000080300000| PB 0x0000000080300000| Complete |  0
|   4|0x0000000080400000, 0x0000000080500000, 0x0000000080500000|100%| O|  |TAMS 0x0000000080400000| PB 0x0000000080400000| Untracked |  0
|   5|0x0000000080500000, 0x0000000080600000, 0x0000000080600000|100%| O|  |TAMS 0x0000000080500000| PB 0x0000000080500000| Untracked |  0
|   6|0x0000000080600000, 0x0000000080700000, 0x0000000080700000|100%| O|  |TAMS 0x0000000080600000| PB 0x0000000080600000| Untracked |  0
|   7|0x0000000080700000, 0x0000000080800000, 0x0000000080800000|100%|HS|  |TAMS 0x0000000080700000| PB 0x0000000080700000| Complete |  0
|   8|0x0000000080800000, 0x0000000080800000, 0x0000000080900000|  0%| F|  |TAMS 0x0000000080800000| PB 0x0000000080800000| Untracked |  0
|   9|0x0000000080900000, 0x0000000080a00000, 0x0000000080a00000|100%| O|  |TAMS 0x0000000080900000| PB 0x0000000080900000| Untracked |  0
|  10|0x0000000080a00000, 0x0000000080b00000, 0x0000000080b00000|100%| O|  |TAMS 0x0000000080a00000| PB 0x0000000080a00000| Untracked |  0
|  11|0x0000000080b00000, 0x0000000080c00000, 0x0000000080c00000|100%| O|  |TAMS 0x0000000080b00000| PB 0x0000000080b00000| Untracked |  0
|  12|0x0000000080c00000, 0x0000000080d00000, 0x0000000080d00000|100%| O|  |TAMS 0x0000000080c00000| PB 0x0000000080c00000| Untracked |  0
|  13|0x0000000080d00000, 0x0000000080d74ae0, 0x0000000080e00000| 45%| O|  |TAMS 0x0000000080d00000| PB 0x0000000080d00000| Untracked |  0
|  14|0x0000000080e00000, 0x0000000080e00000, 0x0000000080f00000|  0%| F|  |TAMS 0x0000000080e00000| PB 0x0000000080e00000| Untracked |  0
|  15|0x0000000080f00000, 0x0000000080f00000, 0x0000000081000000|  0%| F|  |TAMS 0x0000000080f00000| PB 0x0000000080f00000| Untracked |  0
|  16|0x0000000081000000, 0x0000000081000000, 0x0000000081100000|  0%| F|  |TAMS 0x0000000081000000| PB 0x0000000081000000| Untracked |  0
|  17|0x0000000081100000, 0x0000000081100000, 0x0000000081200000|  0%| F|  |TAMS 0x0000000081100000| PB 0x0000000081100000| Untracked |  0
|  18|0x0000000081200000, 0x0000000081200000, 0x0000000081300000|  0%| F|  |TAMS 0x0000000081200000| PB 0x0000000081200000| Untracked |  0
|  19|0x0000000081300000, 0x0000000081300000, 0x0000000081400000|  0%| F|  |TAMS 0x0000000081300000| PB 0x0000000081300000| Untracked |  0
|  20|0x0000000081400000, 0x0000000081400000, 0x0000000081500000|  0%| F|  |TAMS 0x0000000081400000| PB 0x0000000081400000| Untracked |  0
|  21|0x0000000081500000, 0x0000000081500000, 0x0000000081600000|  0%| F|  |TAMS 0x0000000081500000| PB 0x0000000081500000| Untracked |  0
|  22|0x0000000081600000, 0x0000000081600000, 0x0000000081700000|  0%| F|  |TAMS 0x0000000081600000| PB 0x0000000081600000| Untracked |  0
|  23|0x0000000081700000, 0x0000000081700000, 0x0000000081800000|  0%| F|  |TAMS 0x0000000081700000| PB 0x0000000081700000| Untracked |  0
|  24|0x0000000081800000, 0x0000000081800000, 0x0000000081900000|  0%| F|  |TAMS 0x0000000081800000| PB 0x0000000081800000| Untracked |  0
|  25|0x0000000081900000, 0x0000000081900000, 0x0000000081a00000|  0%| F|  |TAMS 0x0000000081900000| PB 0x0000000081900000| Untracked |  0
|  26|0x0000000081a00000, 0x0000000081a00000, 0x0000000081b00000|  0%| F|  |TAMS 0x0000000081a00000| PB 0x0000000081a00000| Untracked |  0
|  27|0x0000000081b00000, 0x0000000081b00000, 0x0000000081c00000|  0%| F|  |TAMS 0x0000000081b00000| PB 0x0000000081b00000| Untracked |  0
|  28|0x0000000081c00000, 0x0000000081c00000, 0x0000000081d00000|  0%| F|  |TAMS 0x0000000081c00000| PB 0x0000000081c00000| Untracked |  0
|  29|0x0000000081d00000, 0x0000000081d00000, 0x0000000081e00000|  0%| F|  |TAMS 0x0000000081d00000| PB 0x0000000081d00000| Untracked |  0
|  30|0x0000000081e00000, 0x0000000081e00000, 0x0000000081f00000|  0%| F|  |TAMS 0x0000000081e00000| PB 0x0000000081e00000| Untracked |  0
|  31|0x0000000081f00000, 0x0000000081f00000, 0x0000000082000000|  0%| F|  |TAMS 0x0000000081f00000| PB 0x0000000081f00000| Untracked |  0
|  32|0x0000000082000000, 0x0000000082000000, 0x0000000082100000|  0%| F|  |TAMS 0x0000000082000000| PB 0x0000000082000000| Untracked |  0
|  33|0x0000000082100000, 0x0000000082100000, 0x0000000082200000|  0%| F|  |TAMS 0x0000000082100000| PB 0x0000000082100000| Untracked |  0
|  34|0x0000000082200000, 0x0000000082200000, 0x0000000082300000|  0%| F|  |TAMS 0x0000000082200000| PB 0x0000000082200000| Untracked |  0
|  35|0x0000000082300000, 0x0000000082300000, 0x0000000082400000|  0%| F|  |TAMS 0x0000000082300000| PB 0x0000000082300000| Untracked |  0
|  36|0x0000000082400000, 0x0000000082400000, 0x0000000082500000|  0%| F|  |TAMS 0x0000000082400000| PB 0x0000000082400000| Untracked |  0
|  37|0x0000000082500000, 0x0000000082500000, 0x0000000082600000|  0%| F|  |TAMS 0x0000000082500000| PB 0x0000000082500000| Untracked |  0
|  38|0x0000000082600000, 0x0000000082600000, 0x0000000082700000|  0%| F|  |TAMS 0x0000000082600000| PB 0x0000000082600000| Untracked |  0
|  39|0x0000000082700000, 0x0000000082700000, 0x0000000082800000|  0%| F|  |TAMS 0x0000000082700000| PB 0x0000000082700000| Untracked |  0
|  40|0x0000000082800000, 0x0000000082800000, 0x0000000082900000|  0%| F|  |TAMS 0x0000000082800000| PB 0x0000000082800000| Untracked |  0
|  41|0x0000000082900000, 0x0000000082900000, 0x0000000082a00000|  0%| F|  |TAMS 0x0000000082900000| PB 0x0000000082900000| Untracked |  0
|  42|0x0000000082a00000, 0x0000000082a00000, 0x0000000082b00000|  0%| F|  |TAMS 0x0000000082a00000| PB 0x0000000082a00000| Untracked |  0
|  43|0x0000000082b00000, 0x0000000082b00000, 0x0000000082c00000|  0%| F|  |TAMS 0x0000000082b00000| PB 0x0000000082b00000| Untracked |  0
|  44|0x0000000082c00000, 0x0000000082c00000, 0x0000000082d00000|  0%| F|  |TAMS 0x0000000082c00000| PB 0x0000000082c00000| Untracked |  0
|  45|0x0000000082d00000, 0x0000000082d00000, 0x0000000082e00000|  0%| F|  |TAMS 0x0000000082d00000| PB 0x0000000082d00000| Untracked |  0
|  46|0x0000000082e00000, 0x0000000082e00000, 0x0000000082f00000|  0%| F|  |TAMS 0x0000000082e00000| PB 0x0000000082e00000| Untracked |  0
|  47|0x0000000082f00000, 0x0000000082f00000, 0x0000000083000000|  0%| F|  |TAMS 0x0000000082f00000| PB 0x0000000082f00000| Untracked |  0
|  48|0x0000000083000000, 0x0000000083000000, 0x0000000083100000|  0%| F|  |TAMS 0x0000000083000000| PB 0x0000000083000000| Untracked |  0
|  49|0x0000000083100000, 0x0000000083100000, 0x0000000083200000|  0%| F|  |TAMS 0x0000000083100000| PB 0x0000000083100000| Untracked |  0
|  50|0x0000000083200000, 0x0000000083200000, 0x0000000083300000|  0%| F|  |TAMS 0x0000000083200000| PB 0x0000000083200000| Untracked |  0
|  51|0x0000000083300000, 0x0000000083300000, 0x0000000083400000|  0%| F|  |TAMS 0x0000000083300000| PB 0x0000000083300000| Untracked |  0
|  52|0x0000000083400000, 0x0000000083400000, 0x0000000083500000|  0%| F|  |TAMS 0x0000000083400000| PB 0x0000000083400000| Untracked |  0
|  53|0x0000000083500000, 0x0000000083500000, 0x0000000083600000|  0%| F|  |TAMS 0x0000000083500000| PB 0x0000000083500000| Untracked |  0
|  54|0x0000000083600000, 0x0000000083600000, 0x0000000083700000|  0%| F|  |TAMS 0x0000000083600000| PB 0x0000000083600000| Untracked |  0
|  55|0x0000000083700000, 0x0000000083700000, 0x0000000083800000|  0%| F|  |TAMS 0x0000000083700000| PB 0x0000000083700000| Untracked |  0
|  56|0x0000000083800000, 0x0000000083800000, 0x0000000083900000|  0%| F|  |TAMS 0x0000000083800000| PB 0x0000000083800000| Untracked |  0
|  57|0x0000000083900000, 0x0000000083900000, 0x0000000083a00000|  0%| F|  |TAMS 0x0000000083900000| PB 0x0000000083900000| Untracked |  0
|  58|0x0000000083a00000, 0x0000000083a00000, 0x0000000083b00000|  0%| F|  |TAMS 0x0000000083a00000| PB 0x0000000083a00000| Untracked |  0
|  59|0x0000000083b00000, 0x0000000083b00000, 0x0000000083c00000|  0%| F|  |TAMS 0x0000000083b00000| PB 0x0000000083b00000| Untracked |  0
|  60|0x0000000083c00000, 0x0000000083c00000, 0x0000000083d00000|  0%| F|  |TAMS 0x0000000083c00000| PB 0x0000000083c00000| Untracked |  0
|  61|0x0000000083d00000, 0x0000000083d00000, 0x0000000083e00000|  0%| F|  |TAMS 0x0000000083d00000| PB 0x0000000083d00000| Untracked |  0
|  62|0x0000000083e00000, 0x0000000083e00000, 0x0000000083f00000|  0%| F|  |TAMS 0x0000000083e00000| PB 0x0000000083e00000| Untracked |  0
|  63|0x0000000083f00000, 0x0000000083f00000, 0x0000000084000000|  0%| F|  |TAMS 0x0000000083f00000| PB 0x0000000083f00000| Untracked |  0
|  64|0x0000000084000000, 0x0000000084000000, 0x0000000084100000|  0%| F|  |TAMS 0x0000000084000000| PB 0x0000000084000000| Untracked |  0
|  65|0x0000000084100000, 0x0000000084100000, 0x0000000084200000|  0%| F|  |TAMS 0x0000000084100000| PB 0x0000000084100000| Untracked |  0
|  66|0x0000000084200000, 0x0000000084200000, 0x0000000084300000|  0%| F|  |TAMS 0x0000000084200000| PB 0x0000000084200000| Untracked |  0
|  67|0x0000000084300000, 0x0000000084300000, 0x0000000084400000|  0%| F|  |TAMS 0x0000000084300000| PB 0x0000000084300000| Untracked |  0
|  68|0x0000000084400000, 0x0000000084400000, 0x0000000084500000|  0%| F|  |TAMS 0x0000000084400000| PB 0x0000000084400000| Untracked |  0
|  69|0x0000000084500000, 0x0000000084500000, 0x0000000084600000|  0%| F|  |TAMS 0x0000000084500000| PB 0x0000000084500000| Untracked |  0
|  70|0x0000000084600000, 0x0000000084600000, 0x0000000084700000|  0%| F|  |TAMS 0x0000000084600000| PB 0x0000000084600000| Untracked |  0
|  71|0x0000000084700000, 0x0000000084700000, 0x0000000084800000|  0%| F|  |TAMS 0x0000000084700000| PB 0x0000000084700000| Untracked |  0
|  72|0x0000000084800000, 0x0000000084800000, 0x0000000084900000|  0%| F|  |TAMS 0x0000000084800000| PB 0x0000000084800000| Untracked |  0
|  73|0x0000000084900000, 0x0000000084900000, 0x0000000084a00000|  0%| F|  |TAMS 0x0000000084900000| PB 0x0000000084900000| Untracked |  0
|  74|0x0000000084a00000, 0x0000000084a00000, 0x0000000084b00000|  0%| F|  |TAMS 0x0000000084a00000| PB 0x0000000084a00000| Untracked |  0
|  75|0x0000000084b00000, 0x0000000084b00000, 0x0000000084c00000|  0%| F|  |TAMS 0x0000000084b00000| PB 0x0000000084b00000| Untracked |  0
|  76|0x0000000084c00000, 0x0000000084c00000, 0x0000000084d00000|  0%| F|  |TAMS 0x0000000084c00000| PB 0x0000000084c00000| Untracked |  0
|  77|0x0000000084d00000, 0x0000000084d00000, 0x0000000084e00000|  0%| F|  |TAMS 0x0000000084d00000| PB 0x0000000084d00000| Untracked |  0
|  78|0x0000000084e00000, 0x0000000084e00000, 0x0000000084f00000|  0%| F|  |TAMS 0x0000000084e00000| PB 0x0000000084e00000| Untracked |  0
|  79|0x0000000084f00000, 0x0000000084f00000, 0x0000000085000000|  0%| F|  |TAMS 0x0000000084f00000| PB 0x0000000084f00000| Untracked |  0
|  80|0x0000000085000000, 0x0000000085000000, 0x0000000085100000|  0%| F|  |TAMS 0x0000000085000000| PB 0x0000000085000000| Untracked |  0
|  81|0x0000000085100000, 0x0000000085100000, 0x0000000085200000|  0%| F|  |TAMS 0x0000000085100000| PB 0x0000000085100000| Untracked |  0
|  82|0x0000000085200000, 0x0000000085200000, 0x0000000085300000|  0%| F|  |TAMS 0x0000000085200000| PB 0x0000000085200000| Untracked |  0
|  83|0x0000000085300000, 0x0000000085300000, 0x0000000085400000|  0%| F|  |TAMS 0x0000000085300000| PB 0x0000000085300000| Untracked |  0
|  84|0x0000000085400000, 0x0000000085400000, 0x0000000085500000|  0%| F|  |TAMS 0x0000000085400000| PB 0x0000000085400000| Untracked |  0
|  85|0x0000000085500000, 0x0000000085500000, 0x0000000085600000|  0%| F|  |TAMS 0x0000000085500000| PB 0x0000000085500000| Untracked |  0
|  86|0x0000000085600000, 0x0000000085600000, 0x0000000085700000|  0%| F|  |TAMS 0x0000000085600000| PB 0x0000000085600000| Untracked |  0
|  87|0x0000000085700000, 0x0000000085700000, 0x0000000085800000|  0%| F|  |TAMS 0x0000000085700000| PB 0x0000000085700000| Untracked |  0
|  88|0x0000000085800000, 0x0000000085800000, 0x0000000085900000|  0%| F|  |TAMS 0x0000000085800000| PB 0x0000000085800000| Untracked |  0
|  89|0x0000000085900000, 0x0000000085900000, 0x0000000085a00000|  0%| F|  |TAMS 0x0000000085900000| PB 0x0000000085900000| Untracked |  0
|  90|0x0000000085a00000, 0x0000000085a00000, 0x0000000085b00000|  0%| F|  |TAMS 0x0000000085a00000| PB 0x0000000085a00000| Untracked |  0
|  91|0x0000000085b00000, 0x0000000085b00000, 0x0000000085c00000|  0%| F|  |TAMS 0x0000000085b00000| PB 0x0000000085b00000| Untracked |  0
|  92|0x0000000085c00000, 0x0000000085c00000, 0x0000000085d00000|  0%| F|  |TAMS 0x0000000085c00000| PB 0x0000000085c00000| Untracked |  0
|  93|0x0000000085d00000, 0x0000000085d00000, 0x0000000085e00000|  0%| F|  |TAMS 0x0000000085d00000| PB 0x0000000085d00000| Untracked |  0
|  94|0x0000000085e00000, 0x0000000085e00000, 0x0000000085f00000|  0%| F|  |TAMS 0x0000000085e00000| PB 0x0000000085e00000| Untracked |  0
|  95|0x0000000085f00000, 0x0000000085f00000, 0x0000000086000000|  0%| F|  |TAMS 0x0000000085f00000| PB 0x0000000085f00000| Untracked |  0
|  96|0x0000000086000000, 0x0000000086000000, 0x0000000086100000|  0%| F|  |TAMS 0x0000000086000000| PB 0x0000000086000000| Untracked |  0
|  97|0x0000000086100000, 0x0000000086100000, 0x0000000086200000|  0%| F|  |TAMS 0x0000000086100000| PB 0x0000000086100000| Untracked |  0
|  98|0x0000000086200000, 0x0000000086200000, 0x0000000086300000|  0%| F|  |TAMS 0x0000000086200000| PB 0x0000000086200000| Untracked |  0
|  99|0x0000000086300000, 0x0000000086300000, 0x0000000086400000|  0%| F|  |TAMS 0x0000000086300000| PB 0x0000000086300000| Untracked |  0
| 100|0x0000000086400000, 0x0000000086400000, 0x0000000086500000|  0%| F|  |TAMS 0x0000000086400000| PB 0x0000000086400000| Untracked |  0
| 101|0x0000000086500000, 0x0000000086500000, 0x0000000086600000|  0%| F|  |TAMS 0x0000000086500000| PB 0x0000000086500000| Untracked |  0
| 102|0x0000000086600000, 0x0000000086600000, 0x0000000086700000|  0%| F|  |TAMS 0x0000000086600000| PB 0x0000000086600000| Untracked |  0
| 103|0x0000000086700000, 0x0000000086700000, 0x0000000086800000|  0%| F|  |TAMS 0x0000000086700000| PB 0x0000000086700000| Untracked |  0
| 104|0x0000000086800000, 0x0000000086800000, 0x0000000086900000|  0%| F|  |TAMS 0x0000000086800000| PB 0x0000000086800000| Untracked |  0
| 105|0x0000000086900000, 0x0000000086900000, 0x0000000086a00000|  0%| F|  |TAMS 0x0000000086900000| PB 0x0000000086900000| Untracked |  0
| 106|0x0000000086a00000, 0x0000000086a00000, 0x0000000086b00000|  0%| F|  |TAMS 0x0000000086a00000| PB 0x0000000086a00000| Untracked |  0
| 107|0x0000000086b00000, 0x0000000086b00000, 0x0000000086c00000|  0%| F|  |TAMS 0x0000000086b00000| PB 0x0000000086b00000| Untracked |  0
| 108|0x0000000086c00000, 0x0000000086c00000, 0x0000000086d00000|  0%| F|  |TAMS 0x0000000086c00000| PB 0x0000000086c00000| Untracked |  0
| 109|0x0000000086d00000, 0x0000000086d00000, 0x0000000086e00000|  0%| F|  |TAMS 0x0000000086d00000| PB 0x0000000086d00000| Untracked |  0
| 110|0x0000000086e00000, 0x0000000086e00000, 0x0000000086f00000|  0%| F|  |TAMS 0x0000000086e00000| PB 0x0000000086e00000| Untracked |  0
| 111|0x0000000086f00000, 0x0000000086f00000, 0x0000000087000000|  0%| F|  |TAMS 0x0000000086f00000| PB 0x0000000086f00000| Untracked |  0
| 112|0x0000000087000000, 0x0000000087000000, 0x0000000087100000|  0%| F|  |TAMS 0x0000000087000000| PB 0x0000000087000000| Untracked |  0
| 113|0x0000000087100000, 0x0000000087100000, 0x0000000087200000|  0%| F|  |TAMS 0x0000000087100000| PB 0x0000000087100000| Untracked |  0
| 114|0x0000000087200000, 0x0000000087200000, 0x0000000087300000|  0%| F|  |TAMS 0x0000000087200000| PB 0x0000000087200000| Untracked |  0
| 115|0x0000000087300000, 0x0000000087300000, 0x0000000087400000|  0%| F|  |TAMS 0x0000000087300000| PB 0x0000000087300000| Untracked |  0
| 116|0x0000000087400000, 0x0000000087400000, 0x0000000087500000|  0%| F|  |TAMS 0x0000000087400000| PB 0x0000000087400000| Untracked |  0
| 117|0x0000000087500000, 0x0000000087500000, 0x0000000087600000|  0%| F|  |TAMS 0x0000000087500000| PB 0x0000000087500000| Untracked |  0
| 118|0x0000000087600000, 0x0000000087600000, 0x0000000087700000|  0%| F|  |TAMS 0x0000000087600000| PB 0x0000000087600000| Untracked |  0
| 119|0x0000000087700000, 0x0000000087700000, 0x0000000087800000|  0%| F|  |TAMS 0x0000000087700000| PB 0x0000000087700000| Untracked |  0
| 120|0x0000000087800000, 0x0000000087800000, 0x0000000087900000|  0%| F|  |TAMS 0x0000000087800000| PB 0x0000000087800000| Untracked |  0
| 121|0x0000000087900000, 0x0000000087900000, 0x0000000087a00000|  0%| F|  |TAMS 0x0000000087900000| PB 0x0000000087900000| Untracked |  0
| 122|0x0000000087a00000, 0x0000000087a00000, 0x0000000087b00000|  0%| F|  |TAMS 0x0000000087a00000| PB 0x0000000087a00000| Untracked |  0
| 123|0x0000000087b00000, 0x0000000087b00000, 0x0000000087c00000|  0%| F|  |TAMS 0x0000000087b00000| PB 0x0000000087b00000| Untracked |  0
| 124|0x0000000087c00000, 0x0000000087c00000, 0x0000000087d00000|  0%| F|  |TAMS 0x0000000087c00000| PB 0x0000000087c00000| Untracked |  0
| 125|0x0000000087d00000, 0x0000000087d00000, 0x0000000087e00000|  0%| F|  |TAMS 0x0000000087d00000| PB 0x0000000087d00000| Untracked |  0
| 126|0x0000000087e00000, 0x0000000087e00000, 0x0000000087f00000|  0%| F|  |TAMS 0x0000000087e00000| PB 0x0000000087e00000| Untracked |  0
| 127|0x0000000087f00000, 0x0000000087f00000, 0x0000000088000000|  0%| F|  |TAMS 0x0000000087f00000| PB 0x0000000087f00000| Untracked |  0
| 128|0x0000000088000000, 0x0000000088000000, 0x0000000088100000|  0%| F|  |TAMS 0x0000000088000000| PB 0x0000000088000000| Untracked |  0
| 129|0x0000000088100000, 0x0000000088100000, 0x0000000088200000|  0%| F|  |TAMS 0x0000000088100000| PB 0x0000000088100000| Untracked |  0
| 130|0x0000000088200000, 0x0000000088200000, 0x0000000088300000|  0%| F|  |TAMS 0x0000000088200000| PB 0x0000000088200000| Untracked |  0
| 131|0x0000000088300000, 0x0000000088300000, 0x0000000088400000|  0%| F|  |TAMS 0x0000000088300000| PB 0x0000000088300000| Untracked |  0
| 132|0x0000000088400000, 0x0000000088400000, 0x0000000088500000|  0%| F|  |TAMS 0x0000000088400000| PB 0x0000000088400000| Untracked |  0
| 133|0x0000000088500000, 0x0000000088500000, 0x0000000088600000|  0%| F|  |TAMS 0x0000000088500000| PB 0x0000000088500000| Untracked |  0
| 134|0x0000000088600000, 0x0000000088600000, 0x0000000088700000|  0%| F|  |TAMS 0x0000000088600000| PB 0x0000000088600000| Untracked |  0
| 135|0x0000000088700000, 0x0000000088700000, 0x0000000088800000|  0%| F|  |TAMS 0x0000000088700000| PB 0x0000000088700000| Untracked |  0
| 136|0x0000000088800000, 0x0000000088800000, 0x0000000088900000|  0%| F|  |TAMS 0x0000000088800000| PB 0x0000000088800000| Untracked |  0
| 137|0x0000000088900000, 0x0000000088900000, 0x0000000088a00000|  0%| F|  |TAMS 0x0000000088900000| PB 0x0000000088900000| Untracked |  0
| 138|0x0000000088a00000, 0x0000000088a00000, 0x0000000088b00000|  0%| F|  |TAMS 0x0000000088a00000| PB 0x0000000088a00000| Untracked |  0
| 139|0x0000000088b00000, 0x0000000088b00000, 0x0000000088c00000|  0%| F|  |TAMS 0x0000000088b00000| PB 0x0000000088b00000| Untracked |  0
| 140|0x0000000088c00000, 0x0000000088c00000, 0x0000000088d00000|  0%| F|  |TAMS 0x0000000088c00000| PB 0x0000000088c00000| Untracked |  0
| 141|0x0000000088d00000, 0x0000000088d00000, 0x0000000088e00000|  0%| F|  |TAMS 0x0000000088d00000| PB 0x0000000088d00000| Untracked |  0
| 142|0x0000000088e00000, 0x0000000088e00000, 0x0000000088f00000|  0%| F|  |TAMS 0x0000000088e00000| PB 0x0000000088e00000| Untracked |  0
| 143|0x0000000088f00000, 0x0000000088f00000, 0x0000000089000000|  0%| F|  |TAMS 0x0000000088f00000| PB 0x0000000088f00000| Untracked |  0
| 144|0x0000000089000000, 0x0000000089000000, 0x0000000089100000|  0%| F|  |TAMS 0x0000000089000000| PB 0x0000000089000000| Untracked |  0
| 145|0x0000000089100000, 0x0000000089100000, 0x0000000089200000|  0%| F|  |TAMS 0x0000000089100000| PB 0x0000000089100000| Untracked |  0
| 146|0x0000000089200000, 0x0000000089200000, 0x0000000089300000|  0%| F|  |TAMS 0x0000000089200000| PB 0x0000000089200000| Untracked |  0
| 147|0x0000000089300000, 0x0000000089300000, 0x0000000089400000|  0%| F|  |TAMS 0x0000000089300000| PB 0x0000000089300000| Untracked |  0
| 148|0x0000000089400000, 0x0000000089400000, 0x0000000089500000|  0%| F|  |TAMS 0x0000000089400000| PB 0x0000000089400000| Untracked |  0
| 149|0x0000000089500000, 0x0000000089500000, 0x0000000089600000|  0%| F|  |TAMS 0x0000000089500000| PB 0x0000000089500000| Untracked |  0
| 150|0x0000000089600000, 0x0000000089600000, 0x0000000089700000|  0%| F|  |TAMS 0x0000000089600000| PB 0x0000000089600000| Untracked |  0
| 151|0x0000000089700000, 0x0000000089700000, 0x0000000089800000|  0%| F|  |TAMS 0x0000000089700000| PB 0x0000000089700000| Untracked |  0
| 152|0x0000000089800000, 0x0000000089800000, 0x0000000089900000|  0%| F|  |TAMS 0x0000000089800000| PB 0x0000000089800000| Untracked |  0
| 153|0x0000000089900000, 0x0000000089900000, 0x0000000089a00000|  0%| F|  |TAMS 0x0000000089900000| PB 0x0000000089900000| Untracked |  0
| 154|0x0000000089a00000, 0x0000000089a00000, 0x0000000089b00000|  0%| F|  |TAMS 0x0000000089a00000| PB 0x0000000089a00000| Untracked |  0
| 155|0x0000000089b00000, 0x0000000089b00000, 0x0000000089c00000|  0%| F|  |TAMS 0x0000000089b00000| PB 0x0000000089b00000| Untracked |  0
| 156|0x0000000089c00000, 0x0000000089c00000, 0x0000000089d00000|  0%| F|  |TAMS 0x0000000089c00000| PB 0x0000000089c00000| Untracked |  0
| 157|0x0000000089d00000, 0x0000000089d00000, 0x0000000089e00000|  0%| F|  |TAMS 0x0000000089d00000| PB 0x0000000089d00000| Untracked |  0
| 158|0x0000000089e00000, 0x0000000089e00000, 0x0000000089f00000|  0%| F|  |TAMS 0x0000000089e00000| PB 0x0000000089e00000| Untracked |  0
| 159|0x0000000089f00000, 0x0000000089f00000, 0x000000008a000000|  0%| F|  |TAMS 0x0000000089f00000| PB 0x0000000089f00000| Untracked |  0
| 160|0x000000008a000000, 0x000000008a000000, 0x000000008a100000|  0%| F|  |TAMS 0x000000008a000000| PB 0x000000008a000000| Untracked |  0
| 161|0x000000008a100000, 0x000000008a100000, 0x000000008a200000|  0%| F|  |TAMS 0x000000008a100000| PB 0x000000008a100000| Untracked |  0
| 162|0x000000008a200000, 0x000000008a200000, 0x000000008a300000|  0%| F|  |TAMS 0x000000008a200000| PB 0x000000008a200000| Untracked |  0
| 163|0x000000008a300000, 0x000000008a300000, 0x000000008a400000|  0%| F|  |TAMS 0x000000008a300000| PB 0x000000008a300000| Untracked |  0
| 164|0x000000008a400000, 0x000000008a400000, 0x000000008a500000|  0%| F|  |TAMS 0x000000008a400000| PB 0x000000008a400000| Untracked |  0
| 165|0x000000008a500000, 0x000000008a500000, 0x000000008a600000|  0%| F|  |TAMS 0x000000008a500000| PB 0x000000008a500000| Untracked |  0
| 166|0x000000008a600000, 0x000000008a600000, 0x000000008a700000|  0%| F|  |TAMS 0x000000008a600000| PB 0x000000008a600000| Untracked |  0
| 167|0x000000008a700000, 0x000000008a700000, 0x000000008a800000|  0%| F|  |TAMS 0x000000008a700000| PB 0x000000008a700000| Untracked |  0
| 168|0x000000008a800000, 0x000000008a800000, 0x000000008a900000|  0%| F|  |TAMS 0x000000008a800000| PB 0x000000008a800000| Untracked |  0
| 169|0x000000008a900000, 0x000000008a900000, 0x000000008aa00000|  0%| F|  |TAMS 0x000000008a900000| PB 0x000000008a900000| Untracked |  0
| 170|0x000000008aa00000, 0x000000008aa00000, 0x000000008ab00000|  0%| F|  |TAMS 0x000000008aa00000| PB 0x000000008aa00000| Untracked |  0
| 171|0x000000008ab00000, 0x000000008ab00000, 0x000000008ac00000|  0%| F|  |TAMS 0x000000008ab00000| PB 0x000000008ab00000| Untracked |  0
| 172|0x000000008ac00000, 0x000000008ac00000, 0x000000008ad00000|  0%| F|  |TAMS 0x000000008ac00000| PB 0x000000008ac00000| Untracked |  0
| 173|0x000000008ad00000, 0x000000008ad00000, 0x000000008ae00000|  0%| F|  |TAMS 0x000000008ad00000| PB 0x000000008ad00000| Untracked |  0
| 174|0x000000008ae00000, 0x000000008ae00000, 0x000000008af00000|  0%| F|  |TAMS 0x000000008ae00000| PB 0x000000008ae00000| Untracked |  0
| 175|0x000000008af00000, 0x000000008af00000, 0x000000008b000000|  0%| F|  |TAMS 0x000000008af00000| PB 0x000000008af00000| Untracked |  0
| 176|0x000000008b000000, 0x000000008b000000, 0x000000008b100000|  0%| F|  |TAMS 0x000000008b000000| PB 0x000000008b000000| Untracked |  0
| 177|0x000000008b100000, 0x000000008b100000, 0x000000008b200000|  0%| F|  |TAMS 0x000000008b100000| PB 0x000000008b100000| Untracked |  0
| 178|0x000000008b200000, 0x000000008b200000, 0x000000008b300000|  0%| F|  |TAMS 0x000000008b200000| PB 0x000000008b200000| Untracked |  0
| 179|0x000000008b300000, 0x000000008b300000, 0x000000008b400000|  0%| F|  |TAMS 0x000000008b300000| PB 0x000000008b300000| Untracked |  0
| 180|0x000000008b400000, 0x000000008b400000, 0x000000008b500000|  0%| F|  |TAMS 0x000000008b400000| PB 0x000000008b400000| Untracked |  0
| 181|0x000000008b500000, 0x000000008b500000, 0x000000008b600000|  0%| F|  |TAMS 0x000000008b500000| PB 0x000000008b500000| Untracked |  0
| 182|0x000000008b600000, 0x000000008b600000, 0x000000008b700000|  0%| F|  |TAMS 0x000000008b600000| PB 0x000000008b600000| Untracked |  0
| 183|0x000000008b700000, 0x000000008b700000, 0x000000008b800000|  0%| F|  |TAMS 0x000000008b700000| PB 0x000000008b700000| Untracked |  0
| 184|0x000000008b800000, 0x000000008b800000, 0x000000008b900000|  0%| F|  |TAMS 0x000000008b800000| PB 0x000000008b800000| Untracked |  0
| 185|0x000000008b900000, 0x000000008b900000, 0x000000008ba00000|  0%| F|  |TAMS 0x000000008b900000| PB 0x000000008b900000| Untracked |  0
| 186|0x000000008ba00000, 0x000000008ba350f0, 0x000000008bb00000| 20%| S|CS|TAMS 0x000000008ba00000| PB 0x000000008ba00000| Complete |  0
| 187|0x000000008bb00000, 0x000000008bc00000, 0x000000008bc00000|100%| S|CS|TAMS 0x000000008bb00000| PB 0x000000008bb00000| Complete |  0
| 188|0x000000008bc00000, 0x000000008bd00000, 0x000000008bd00000|100%| S|CS|TAMS 0x000000008bc00000| PB 0x000000008bc00000| Complete |  0
| 189|0x000000008bd00000, 0x000000008be00000, 0x000000008be00000|100%| S|CS|TAMS 0x000000008bd00000| PB 0x000000008bd00000| Complete |  0
| 190|0x000000008be00000, 0x000000008bf00000, 0x000000008bf00000|100%| S|CS|TAMS 0x000000008be00000| PB 0x000000008be00000| Complete |  0
| 191|0x000000008bf00000, 0x000000008c000000, 0x000000008c000000|100%| S|CS|TAMS 0x000000008bf00000| PB 0x000000008bf00000| Complete |  0
| 192|0x000000008c000000, 0x000000008c100000, 0x000000008c100000|100%| S|CS|TAMS 0x000000008c000000| PB 0x000000008c000000| Complete |  0
| 193|0x000000008c100000, 0x000000008c100000, 0x000000008c200000|  0%| F|  |TAMS 0x000000008c100000| PB 0x000000008c100000| Untracked |  0
| 194|0x000000008c200000, 0x000000008c200000, 0x000000008c300000|  0%| F|  |TAMS 0x000000008c200000| PB 0x000000008c200000| Untracked |  0
| 195|0x000000008c300000, 0x000000008c300000, 0x000000008c400000|  0%| F|  |TAMS 0x000000008c300000| PB 0x000000008c300000| Untracked |  0
| 196|0x000000008c400000, 0x000000008c400000, 0x000000008c500000|  0%| F|  |TAMS 0x000000008c400000| PB 0x000000008c400000| Untracked |  0
| 197|0x000000008c500000, 0x000000008c500000, 0x000000008c600000|  0%| F|  |TAMS 0x000000008c500000| PB 0x000000008c500000| Untracked |  0
| 198|0x000000008c600000, 0x000000008c600000, 0x000000008c700000|  0%| F|  |TAMS 0x000000008c600000| PB 0x000000008c600000| Untracked |  0
| 199|0x000000008c700000, 0x000000008c700000, 0x000000008c800000|  0%| F|  |TAMS 0x000000008c700000| PB 0x000000008c700000| Untracked |  0
| 200|0x000000008c800000, 0x000000008c800000, 0x000000008c900000|  0%| F|  |TAMS 0x000000008c800000| PB 0x000000008c800000| Untracked |  0
| 201|0x000000008c900000, 0x000000008c900000, 0x000000008ca00000|  0%| F|  |TAMS 0x000000008c900000| PB 0x000000008c900000| Untracked |  0
| 202|0x000000008ca00000, 0x000000008ca00000, 0x000000008cb00000|  0%| F|  |TAMS 0x000000008ca00000| PB 0x000000008ca00000| Untracked |  0
| 203|0x000000008cb00000, 0x000000008cb00000, 0x000000008cc00000|  0%| F|  |TAMS 0x000000008cb00000| PB 0x000000008cb00000| Untracked |  0
| 204|0x000000008cc00000, 0x000000008cd00000, 0x000000008cd00000|100%| E|  |TAMS 0x000000008cc00000| PB 0x000000008cc00000| Complete |  0
| 205|0x000000008cd00000, 0x000000008ce00000, 0x000000008ce00000|100%| E|CS|TAMS 0x000000008cd00000| PB 0x000000008cd00000| Complete |  0
| 206|0x000000008ce00000, 0x000000008cf00000, 0x000000008cf00000|100%| E|CS|TAMS 0x000000008ce00000| PB 0x000000008ce00000| Complete |  0
| 207|0x000000008cf00000, 0x000000008d000000, 0x000000008d000000|100%| E|CS|TAMS 0x000000008cf00000| PB 0x000000008cf00000| Complete |  0
| 208|0x000000008d000000, 0x000000008d100000, 0x000000008d100000|100%| E|CS|TAMS 0x000000008d000000| PB 0x000000008d000000| Complete |  0
| 209|0x000000008d100000, 0x000000008d200000, 0x000000008d200000|100%| E|CS|TAMS 0x000000008d100000| PB 0x000000008d100000| Complete |  0
| 210|0x000000008d200000, 0x000000008d300000, 0x000000008d300000|100%| E|CS|TAMS 0x000000008d200000| PB 0x000000008d200000| Complete |  0
| 211|0x000000008d300000, 0x000000008d400000, 0x000000008d400000|100%| E|CS|TAMS 0x000000008d300000| PB 0x000000008d300000| Complete |  0
| 212|0x000000008d400000, 0x000000008d500000, 0x000000008d500000|100%| E|CS|TAMS 0x000000008d400000| PB 0x000000008d400000| Complete |  0
| 213|0x000000008d500000, 0x000000008d600000, 0x000000008d600000|100%| E|CS|TAMS 0x000000008d500000| PB 0x000000008d500000| Complete |  0
| 214|0x000000008d600000, 0x000000008d700000, 0x000000008d700000|100%| E|CS|TAMS 0x000000008d600000| PB 0x000000008d600000| Complete |  0
| 215|0x000000008d700000, 0x000000008d800000, 0x000000008d800000|100%| E|CS|TAMS 0x000000008d700000| PB 0x000000008d700000| Complete |  0
| 216|0x000000008d800000, 0x000000008d900000, 0x000000008d900000|100%| E|CS|TAMS 0x000000008d800000| PB 0x000000008d800000| Complete |  0
| 217|0x000000008d900000, 0x000000008da00000, 0x000000008da00000|100%| E|CS|TAMS 0x000000008d900000| PB 0x000000008d900000| Complete |  0
| 218|0x000000008da00000, 0x000000008db00000, 0x000000008db00000|100%| E|CS|TAMS 0x000000008da00000| PB 0x000000008da00000| Complete |  0
| 219|0x000000008db00000, 0x000000008dc00000, 0x000000008dc00000|100%| E|CS|TAMS 0x000000008db00000| PB 0x000000008db00000| Complete |  0
| 220|0x000000008dc00000, 0x000000008dd00000, 0x000000008dd00000|100%| E|CS|TAMS 0x000000008dc00000| PB 0x000000008dc00000| Complete |  0
| 221|0x000000008dd00000, 0x000000008de00000, 0x000000008de00000|100%| E|CS|TAMS 0x000000008dd00000| PB 0x000000008dd00000| Complete |  0
| 222|0x000000008de00000, 0x000000008df00000, 0x000000008df00000|100%| E|CS|TAMS 0x000000008de00000| PB 0x000000008de00000| Complete |  0
| 223|0x000000008df00000, 0x000000008e000000, 0x000000008e000000|100%| E|CS|TAMS 0x000000008df00000| PB 0x000000008df00000| Complete |  0
| 224|0x000000008e000000, 0x000000008e100000, 0x000000008e100000|100%| E|CS|TAMS 0x000000008e000000| PB 0x000000008e000000| Complete |  0
| 225|0x000000008e100000, 0x000000008e200000, 0x000000008e200000|100%| E|CS|TAMS 0x000000008e100000| PB 0x000000008e100000| Complete |  0
| 226|0x000000008e200000, 0x000000008e300000, 0x000000008e300000|100%| E|CS|TAMS 0x000000008e200000| PB 0x000000008e200000| Complete |  0
| 227|0x000000008e300000, 0x000000008e400000, 0x000000008e400000|100%| E|CS|TAMS 0x000000008e300000| PB 0x000000008e300000| Complete |  0
| 228|0x000000008e400000, 0x000000008e500000, 0x000000008e500000|100%| E|CS|TAMS 0x000000008e400000| PB 0x000000008e400000| Complete |  0
| 229|0x000000008e500000, 0x000000008e600000, 0x000000008e600000|100%| E|CS|TAMS 0x000000008e500000| PB 0x000000008e500000| Complete |  0
| 230|0x000000008e600000, 0x000000008e700000, 0x000000008e700000|100%| E|CS|TAMS 0x000000008e600000| PB 0x000000008e600000| Complete |  0
| 231|0x000000008e700000, 0x000000008e800000, 0x000000008e800000|100%| E|CS|TAMS 0x000000008e700000| PB 0x000000008e700000| Complete |  0
| 232|0x000000008e800000, 0x000000008e900000, 0x000000008e900000|100%| E|CS|TAMS 0x000000008e800000| PB 0x000000008e800000| Complete |  0
| 233|0x000000008e900000, 0x000000008ea00000, 0x000000008ea00000|100%| E|CS|TAMS 0x000000008e900000| PB 0x000000008e900000| Complete |  0
| 234|0x000000008ea00000, 0x000000008eb00000, 0x000000008eb00000|100%| E|CS|TAMS 0x000000008ea00000| PB 0x000000008ea00000| Complete |  0
| 235|0x000000008eb00000, 0x000000008ec00000, 0x000000008ec00000|100%| E|CS|TAMS 0x000000008eb00000| PB 0x000000008eb00000| Complete |  0
| 236|0x000000008ec00000, 0x000000008ed00000, 0x000000008ed00000|100%| E|CS|TAMS 0x000000008ec00000| PB 0x000000008ec00000| Complete |  0
| 237|0x000000008ed00000, 0x000000008ee00000, 0x000000008ee00000|100%| E|CS|TAMS 0x000000008ed00000| PB 0x000000008ed00000| Complete |  0
| 238|0x000000008ee00000, 0x000000008ef00000, 0x000000008ef00000|100%| E|CS|TAMS 0x000000008ee00000| PB 0x000000008ee00000| Complete |  0
| 239|0x000000008ef00000, 0x000000008f000000, 0x000000008f000000|100%| E|CS|TAMS 0x000000008ef00000| PB 0x000000008ef00000| Complete |  0
| 240|0x000000008f000000, 0x000000008f100000, 0x000000008f100000|100%| E|CS|TAMS 0x000000008f000000| PB 0x000000008f000000| Complete |  0
| 241|0x000000008f100000, 0x000000008f200000, 0x000000008f200000|100%| E|CS|TAMS 0x000000008f100000| PB 0x000000008f100000| Complete |  0
| 242|0x000000008f200000, 0x000000008f300000, 0x000000008f300000|100%| E|CS|TAMS 0x000000008f200000| PB 0x000000008f200000| Complete |  0
| 243|0x000000008f300000, 0x000000008f400000, 0x000000008f400000|100%| E|CS|TAMS 0x000000008f300000| PB 0x000000008f300000| Complete |  0
| 244|0x000000008f400000, 0x000000008f500000, 0x000000008f500000|100%| E|CS|TAMS 0x000000008f400000| PB 0x000000008f400000| Complete |  0
| 245|0x000000008f500000, 0x000000008f600000, 0x000000008f600000|100%| E|CS|TAMS 0x000000008f500000| PB 0x000000008f500000| Complete |  0
| 246|0x000000008f600000, 0x000000008f700000, 0x000000008f700000|100%| E|CS|TAMS 0x000000008f600000| PB 0x000000008f600000| Complete |  0
| 247|0x000000008f700000, 0x000000008f800000, 0x000000008f800000|100%| E|CS|TAMS 0x000000008f700000| PB 0x000000008f700000| Complete |  0

Card table byte_map: [0x000001ee80620000,0x000001ee80a20000] _byte_map_base: 0x000001ee80220000

Marking Bits: (CMBitMap*) 0x000001eee7ed2a70
 Bits: [0x000001ee80a20000, 0x000001ee82a20000)

Polling page: 0x000001eee65e0000

Metaspace:

Usage:
  Non-class:     13.11 MB used.
      Class:      2.10 MB used.
       Both:     15.21 MB used.

Virtual space:
  Non-class space:       64.00 MB reserved,      13.38 MB ( 21%) committed,  1 nodes.
      Class space:        1.00 GB reserved,       2.31 MB ( <1%) committed,  1 nodes.
             Both:        1.06 GB reserved,      15.69 MB (  1%) committed. 

Chunk freelists:
   Non-Class:  2.62 MB
       Class:  13.72 MB
        Both:  16.35 MB

MaxMetaspaceSize: unlimited
CompressedClassSpaceSize: 1.00 GB
Initial GC threshold: 21.00 MB
Current GC threshold: 21.00 MB
CDS: on
 - commit_granule_bytes: 65536.
 - commit_granule_words: 8192.
 - virtual_space_node_default_size: 8388608.
 - enlarge_chunks_in_place: 1.
 - use_allocation_guard: 0.


Internal statistics:

num_allocs_failed_limit: 0.
num_arena_births: 536.
num_arena_deaths: 0.
num_vsnodes_births: 2.
num_vsnodes_deaths: 0.
num_space_committed: 251.
num_space_uncommitted: 0.
num_chunks_returned_to_freelist: 0.
num_chunks_taken_from_freelist: 1050.
num_chunk_merges: 0.
num_chunk_splits: 677.
num_chunks_enlarged: 475.
num_inconsistent_stats: 0.

CodeHeap 'non-profiled nmethods': size=119168Kb used=1324Kb max_used=1324Kb free=117843Kb
 bounds [0x000001eef7db0000, 0x000001eef8020000, 0x000001eeff210000]
CodeHeap 'profiled nmethods': size=119104Kb used=5910Kb max_used=5910Kb free=113194Kb
 bounds [0x000001eef0210000, 0x000001eef07e0000, 0x000001eef7660000]
CodeHeap 'non-nmethods': size=7488Kb used=3181Kb max_used=3195Kb free=4307Kb
 bounds [0x000001eef7660000, 0x000001eef7990000, 0x000001eef7db0000]
 total_blobs=3515 nmethods=2944 adapters=472
 compilation: enabled
              stopped_count=0, restarted_count=0
 full_count=0

Compilation events (20 events):
Event: 2.122 Thread 0x000001ee85c7dc00 2919       4       java.util.concurrent.ConcurrentHashMap::get (162 bytes)
Event: 2.122 Thread 0x000001eecbe8f550 nmethod 2916 0x000001eef07ba710 code [0x000001eef07ba980, 0x000001eef07bb6a8]
Event: 2.123 Thread 0x000001eecbe8f550 2920       3       java.lang.reflect.Method::setMethodAccessor (20 bytes)
Event: 2.123 Thread 0x000001eecbe8f550 nmethod 2920 0x000001eef07bba90 code [0x000001eef07bbc40, 0x000001eef07bbf00]
Event: 2.125 Thread 0x000001eecbe8f550 2921       3       java.lang.reflect.Method::isVarArgs (5 bytes)
Event: 2.125 Thread 0x000001eecbe8f550 nmethod 2921 0x000001eef07bc010 code [0x000001eef07bc1c0, 0x000001eef07bc398]
Event: 2.126 Thread 0x000001ee85c7dc00 nmethod 2919 0x000001eef7ef9e90 code [0x000001eef7efa040, 0x000001eef7efa348]
Event: 2.127 Thread 0x000001ee85b7c0c0 2922       3       com.google.common.collect.ImmutableList$Builder::getReadyToExpandTo (66 bytes)
Event: 2.127 Thread 0x000001eecbfa1010 2923       3       com.google.common.collect.ImmutableList$Builder::add (34 bytes)
Event: 2.127 Thread 0x000001eecbe8f550 2924       3       com.google.common.collect.ImmutableList$Builder::add (6 bytes)
Event: 2.127 Thread 0x000001eecbe8f550 nmethod 2924 0x000001eef07bc490 code [0x000001eef07bc640, 0x000001eef07bc778]
Event: 2.127 Thread 0x000001eecbfa1010 nmethod 2923 0x000001eef07bc810 code [0x000001eef07bc9e0, 0x000001eef07bce30]
Event: 2.127 Thread 0x000001ee85b7c0c0 nmethod 2922 0x000001eef07bd010 code [0x000001eef07bd200, 0x000001eef07bd640]
Event: 2.127 Thread 0x000001eecbe8f550 2925       3       org.gradle.internal.file.FilePathUtil::sizeOfCommonPrefix (142 bytes)
Event: 2.128 Thread 0x000001ee85c3d0c0 2926       3       org.gradle.internal.file.FileHierarchySet$Node::sizeOfCommonPrefix (10 bytes)
Event: 2.128 Thread 0x000001eecbfa1010 2927       3       org.gradle.internal.file.FilePathUtil::sizeOfCommonPrefix (10 bytes)
Event: 2.128 Thread 0x000001eecbfa1010 nmethod 2927 0x000001eef07bd810 code [0x000001eef07bd9c0, 0x000001eef07bdae0]
Event: 2.128 Thread 0x000001ee85c3d0c0 nmethod 2926 0x000001eef07bdb90 code [0x000001eef07bdd40, 0x000001eef07bded8]
Event: 2.128 Thread 0x000001ee85c3d0c0 2928       3       org.gradle.internal.file.FileHierarchySet$Node::plusWithCommonPrefixLength (341 bytes)
Event: 2.129 Thread 0x000001eecbe8f550 nmethod 2925 0x000001eef07bdf90 code [0x000001eef07be3c0, 0x000001eef07c0490]

GC Heap History (6 events):
Event: 0.414 GC heap before
{Heap before GC invocations=0 (full 0):
 garbage-first heap   total reserved 2097152K, committed 253952K, used 23552K [0x0000000080000000, 0x0000000100000000)
  region size 1024K, 24 young (24576K), 0 survivors (0K)
 Metaspace       used 1085K, committed 1216K, reserved 1114112K
  class space    used 77K, committed 128K, reserved 1048576K
}
Event: 0.418 GC heap after
{Heap after GC invocations=1 (full 0):
 garbage-first heap   total reserved 2097152K, committed 253952K, used 3196K [0x0000000080000000, 0x0000000100000000)
  region size 1024K, 3 young (3072K), 3 survivors (3072K)
 Metaspace       used 1085K, committed 1216K, reserved 1114112K
  class space    used 77K, committed 128K, reserved 1048576K
}
Event: 0.923 GC heap before
{Heap before GC invocations=1 (full 0):
 garbage-first heap   total reserved 2097152K, committed 253952K, used 42108K [0x0000000080000000, 0x0000000100000000)
  region size 1024K, 39 young (39936K), 3 survivors (3072K)
 Metaspace       used 4412K, committed 4608K, reserved 1114112K
  class space    used 549K, committed 640K, reserved 1048576K
}
Event: 0.927 GC heap after
{Heap after GC invocations=2 (full 0):
 garbage-first heap   total reserved 2097152K, committed 253952K, used 11402K [0x0000000080000000, 0x0000000100000000)
  region size 1024K, 5 young (5120K), 5 survivors (5120K)
 Metaspace       used 4412K, committed 4608K, reserved 1114112K
  class space    used 549K, committed 640K, reserved 1048576K
}
Event: 1.474 GC heap before
{Heap before GC invocations=2 (full 0):
 garbage-first heap   total reserved 2097152K, committed 253952K, used 63626K [0x0000000080000000, 0x0000000100000000)
  region size 1024K, 55 young (56320K), 5 survivors (5120K)
 Metaspace       used 7202K, committed 7488K, reserved 1114112K
  class space    used 969K, committed 1088K, reserved 1048576K
}
Event: 1.478 GC heap after
{Heap after GC invocations=3 (full 0):
 garbage-first heap   total reserved 2097152K, committed 253952K, used 19110K [0x0000000080000000, 0x0000000100000000)
  region size 1024K, 7 young (7168K), 7 survivors (7168K)
 Metaspace       used 7202K, committed 7488K, reserved 1114112K
  class space    used 969K, committed 1088K, reserved 1048576K
}

Dll operation events (15 events):
Event: 0.010 Loaded shared library C:\Program Files\Java\jdk-22\bin\java.dll
Event: 0.034 Loaded shared library C:\Program Files\Java\jdk-22\bin\jsvml.dll
Event: 0.069 Loaded shared library C:\Program Files\Java\jdk-22\bin\zip.dll
Event: 0.076 Loaded shared library C:\Program Files\Java\jdk-22\bin\instrument.dll
Event: 0.080 Loaded shared library C:\Program Files\Java\jdk-22\bin\net.dll
Event: 0.084 Loaded shared library C:\Program Files\Java\jdk-22\bin\nio.dll
Event: 0.087 Loaded shared library C:\Program Files\Java\jdk-22\bin\zip.dll
Event: 0.346 Loaded shared library C:\Program Files\Java\jdk-22\bin\jimage.dll
Event: 0.486 Loaded shared library C:\Program Files\Java\jdk-22\bin\verify.dll
Event: 0.559 Loaded shared library C:\Users\Asus\.gradle\native\1def1411415f61bf3af743bc5b6707747c0891f09f0c88961ee8f79bc544acac\windows-amd64\native-platform.dll
Event: 0.573 Loaded shared library C:\Users\Asus\.gradle\native\0.2.7\x86_64-windows-gnu\gradle-fileevents.dll
Event: 1.396 Loaded shared library C:\Program Files\Java\jdk-22\bin\management.dll
Event: 1.399 Loaded shared library C:\Program Files\Java\jdk-22\bin\management_ext.dll
Event: 1.521 Loaded shared library C:\Program Files\Java\jdk-22\bin\extnet.dll
Event: 1.714 Loaded shared library C:\Program Files\Java\jdk-22\bin\sunmscapi.dll

Deoptimization events (20 events):
Event: 1.895 Thread 0x000001eecc9ec4f0 Uncommon trap: trap_request=0xffffffc6 fr.pc=0x000001eef7e4a800 relative=0x00000000000003a0
Event: 1.895 Thread 0x000001eecc9ec4f0 Uncommon trap: reason=bimorphic_or_optimized_type_check action=maybe_recompile pc=0x000001eef7e4a800 method=java.util.concurrent.ConcurrentHashMap.get(Ljava/lang/Object;)Ljava/lang/Object; @ 149 c2
Event: 1.895 Thread 0x000001eecc9ec4f0 DEOPT PACKING pc=0x000001eef7e4a800 sp=0x0000008a697fc330
Event: 1.895 Thread 0x000001eecc9ec4f0 DEOPT UNPACKING pc=0x000001eef76b46a2 sp=0x0000008a697fc2a0 mode 2
Event: 1.896 Thread 0x000001eecc9ec4f0 Uncommon trap: trap_request=0xffffff45 fr.pc=0x000001eef7e4a7ac relative=0x000000000000034c
Event: 1.896 Thread 0x000001eecc9ec4f0 Uncommon trap: reason=unstable_if action=reinterpret pc=0x000001eef7e4a7ac method=java.util.concurrent.ConcurrentHashMap.get(Ljava/lang/Object;)Ljava/lang/Object; @ 76 c2
Event: 1.896 Thread 0x000001eecc9ec4f0 DEOPT PACKING pc=0x000001eef7e4a7ac sp=0x0000008a697fbde0
Event: 1.896 Thread 0x000001eecc9ec4f0 DEOPT UNPACKING pc=0x000001eef76b46a2 sp=0x0000008a697fbd58 mode 2
Event: 1.970 Thread 0x000001eecc9ec4f0 Uncommon trap: trap_request=0xffffff45 fr.pc=0x000001eef7edcf60 relative=0x0000000000000e20
Event: 1.970 Thread 0x000001eecc9ec4f0 Uncommon trap: reason=unstable_if action=reinterpret pc=0x000001eef7edcf60 method=java.lang.invoke.LambdaForm$Name.replaceNames([Ljava/lang/invoke/LambdaForm$Name;[Ljava/lang/invoke/LambdaForm$Name;II)Ljava/lang/invoke/LambdaForm$Name; @ 3 c2
Event: 1.970 Thread 0x000001eecc9ec4f0 DEOPT PACKING pc=0x000001eef7edcf60 sp=0x0000008a697fd450
Event: 1.970 Thread 0x000001eecc9ec4f0 DEOPT UNPACKING pc=0x000001eef76b46a2 sp=0x0000008a697fd418 mode 2
Event: 2.083 Thread 0x000001eecc9ecb80 Uncommon trap: trap_request=0xffffff45 fr.pc=0x000001eef7ea4a9c relative=0x000000000000017c
Event: 2.083 Thread 0x000001eecc9ecb80 Uncommon trap: reason=unstable_if action=reinterpret pc=0x000001eef7ea4a9c method=java.util.concurrent.locks.ReentrantLock$NonfairSync.initialTryLock()Z @ 25 c2
Event: 2.083 Thread 0x000001eecc9ecb80 DEOPT PACKING pc=0x000001eef7ea4a9c sp=0x0000008a69cfee50
Event: 2.083 Thread 0x000001eecc9ecb80 DEOPT UNPACKING pc=0x000001eef76b46a2 sp=0x0000008a69cfedf0 mode 2
Event: 2.114 Thread 0x000001eecc9ec4f0 Uncommon trap: trap_request=0xffffff45 fr.pc=0x000001eef7eb4a2c relative=0x000000000000008c
Event: 2.114 Thread 0x000001eecc9ec4f0 Uncommon trap: reason=unstable_if action=reinterpret pc=0x000001eef7eb4a2c method=jdk.internal.misc.Unsafe.convEndian(ZI)I @ 4 c2
Event: 2.114 Thread 0x000001eecc9ec4f0 DEOPT PACKING pc=0x000001eef7eb4a2c sp=0x0000008a697fb220
Event: 2.114 Thread 0x000001eecc9ec4f0 DEOPT UNPACKING pc=0x000001eef76b46a2 sp=0x0000008a697fb128 mode 2

Classes loaded (20 events):
Event: 2.059 Loading class java/nio/file/attribute/PosixFilePermissions$1
Event: 2.059 Loading class java/nio/file/attribute/PosixFilePermissions$1 done
Event: 2.074 Loading class java/util/concurrent/ArrayBlockingQueue
Event: 2.075 Loading class java/util/concurrent/ArrayBlockingQueue done
Event: 2.075 Loading class java/util/concurrent/locks/ReentrantLock$FairSync
Event: 2.075 Loading class java/util/concurrent/locks/ReentrantLock$FairSync done
Event: 2.078 Loading class sun/misc/Unsafe
Event: 2.078 Loading class sun/misc/Unsafe done
Event: 2.083 Loading class java/net/DatagramPacket
Event: 2.084 Loading class java/net/DatagramPacket done
Event: 2.084 Loading class sun/nio/ch/DatagramChannelImpl$DatagramPackets
Event: 2.084 Loading class sun/nio/ch/DatagramChannelImpl$DatagramPackets done
Event: 2.111 Loading class sun/security/provider/MD5
Event: 2.111 Loading class sun/security/provider/MD5 done
Event: 2.112 Loading class sun/security/provider/SHA5$SHA512
Event: 2.112 Loading class sun/security/provider/SHA5
Event: 2.112 Loading class sun/security/provider/SHA5 done
Event: 2.112 Loading class sun/security/provider/SHA5$SHA512 done
Event: 2.114 Loading class sun/security/provider/ByteArrayAccess$LE
Event: 2.114 Loading class sun/security/provider/ByteArrayAccess$LE done

Classes unloaded (0 events):
No events

Classes redefined (0 events):
No events

Internal exceptions (20 events):
Event: 1.535 Thread 0x000001eee6336470 Exception <a 'java/lang/NoSuchMethodError'{0x000000008f6d9988}: 'java.lang.Object java.lang.invoke.DirectMethodHandle$Holder.invokeVirtual(java.lang.Object, java.lang.Object, java.lang.Object, java.lang.Object, java.lang.Object, java.lang.Object, java.lang.Object)'> (0x000000008f6d9988) 
thrown [s\open\src\hotspot\share\interpreter\linkResolver.cpp, line 774]
Event: 1.542 Thread 0x000001eee6336470 Exception <a 'java/lang/NoSuchMethodError'{0x000000008f569080}: 'java.lang.Object java.lang.invoke.DirectMethodHandle$Holder.invokeVirtual(java.lang.Object, java.lang.Object, java.lang.Object, java.lang.Object, java.lang.Object, java.lang.Object, java.lang.Object, java.lang.Object, java.lang.Object)'> (0x000000008f569080) 
thrown [s\open\src\hotspot\share\interpreter\linkResolver.cpp, line 774]
Event: 1.585 Thread 0x000001eee6336470 Exception <a 'java/lang/NoSuchMethodError'{0x000000008f33cce0}: 'java.lang.Object java.lang.invoke.DirectMethodHandle$Holder.invokeStaticInit(java.lang.Object, int, int, int, int)'> (0x000000008f33cce0) 
thrown [s\open\src\hotspot\share\interpreter\linkResolver.cpp, line 774]
Event: 1.607 Thread 0x000001eee6336470 Exception <a 'java/lang/NoSuchMethodError'{0x000000008f205aa8}: 'java.lang.Object java.lang.invoke.DirectMethodHandle$Holder.invokeStaticInit(java.lang.Object, java.lang.Object, int, int, int, int)'> (0x000000008f205aa8) 
thrown [s\open\src\hotspot\share\interpreter\linkResolver.cpp, line 774]
Event: 1.668 Thread 0x000001eee6336470 Exception <a 'java/io/IOException'{0x000000008ef5e7d8}> (0x000000008ef5e7d8) 
thrown [s\open\src\hotspot\share\prims\jni.cpp, line 520]
Event: 1.673 Thread 0x000001eee6336470 Implicit null exception at 0x000001eef7e04f24 to 0x000001eef7e0556c
Event: 1.676 Thread 0x000001eee6336470 Exception <a 'java/lang/NoSuchMethodError'{0x000000008efcf628}: 'java.lang.Object java.lang.invoke.DirectMethodHandle$Holder.newInvokeSpecial(java.lang.Object, java.lang.Object, java.lang.Object, java.lang.Object, java.lang.Object)'> (0x000000008efcf628) 
thrown [s\open\src\hotspot\share\interpreter\linkResolver.cpp, line 774]
Event: 1.769 Thread 0x000001ee85b6cd40 Exception <a 'java/lang/NoSuchMethodError'{0x000000008ec65888}: 'void java.lang.invoke.DirectMethodHandle$Holder.invokeSpecial(java.lang.Object, java.lang.Object, java.lang.Object)'> (0x000000008ec65888) 
thrown [s\open\src\hotspot\share\interpreter\linkResolver.cpp, line 774]
Event: 1.819 Thread 0x000001eecc9ec4f0 Exception <a 'java/lang/NoSuchMethodError'{0x000000008e5af260}: 'long java.lang.invoke.DirectMethodHandle$Holder.invokeInterface(java.lang.Object, java.lang.Object)'> (0x000000008e5af260) 
thrown [s\open\src\hotspot\share\interpreter\linkResolver.cpp, line 774]
Event: 1.867 Thread 0x000001eecc9ec4f0 Exception <a 'java/lang/NoSuchMethodError'{0x000000008e1ba840}: 'void java.lang.invoke.DirectMethodHandle$Holder.invokeStatic(java.lang.Object, java.lang.Object)'> (0x000000008e1ba840) 
thrown [s\open\src\hotspot\share\interpreter\linkResolver.cpp, line 774]
Event: 1.870 Thread 0x000001eecc9ec4f0 Exception <a 'java/lang/NoSuchMethodError'{0x000000008e1f3fb8}: 'java.lang.Object java.lang.invoke.DirectMethodHandle$Holder.invokeVirtual(java.lang.Object, java.lang.Object, java.lang.Object, java.lang.Object, java.lang.Object, java.lang.Object, java.lang.Object, java.lang.Object, java.lang.Object, java.lang.Object, java.lang.Object, java.lang.Object)'> (0x000000008e1f3fb8) 
thrown [s\open\src\hotspot\share\interpreter\linkResolver.cpp, line 774]
Event: 1.871 Thread 0x000001eecc9ec4f0 Exception <a 'java/lang/NoSuchMethodError'{0x000000008e1f90f8}: 'java.lang.Object java.lang.invoke.DirectMethodHandle$Holder.invokeSpecial(java.lang.Object, java.lang.Object, java.lang.Object, java.lang.Object, java.lang.Object, java.lang.Object, java.lang.Object, java.lang.Object, java.lang.Object, java.lang.Object, java.lang.Object, java.lang.Object, java.lang.Object)'> (0x000000008e1f90f8) 
thrown [s\open\src\hotspot\share\interpreter\linkResolver.cpp, line 774]
Event: 1.901 Thread 0x000001eecc9ec4f0 Exception <a 'java/lang/NoSuchMethodError'{0x000000008dfeba68}: 'int java.lang.invoke.DirectMethodHandle$Holder.invokeVirtual(java.lang.Object, java.lang.Object, java.lang.Object)'> (0x000000008dfeba68) 
thrown [s\open\src\hotspot\share\interpreter\linkResolver.cpp, line 774]
Event: 1.929 Thread 0x000001eecc9ec4f0 Exception <a 'java/lang/NoSuchMethodError'{0x000000008dc4e588}: 'java.lang.Object java.lang.invoke.DirectMethodHandle$Holder.newInvokeSpecial(java.lang.Object, java.lang.Object, java.lang.Object, java.lang.Object, java.lang.Object, java.lang.Object)'> (0x000000008dc4e588) 
thrown [s\open\src\hotspot\share\interpreter\linkResolver.cpp, line 774]
Event: 1.968 Thread 0x000001eecc9ec4f0 Exception <a 'java/lang/NoSuchMethodError'{0x000000008d9243e0}: 'void java.lang.invoke.DelegatingMethodHandle$Holder.reinvoke_L(java.lang.Object, java.lang.Object, java.lang.Object, java.lang.Object, java.lang.Object, java.lang.Object, java.lang.Object, java.lang.Object, java.lang.Object, java.lang.Object)'> (0x000000008d9243e0) 
thrown [s\open\src\hotspot\share\interpreter\linkResolver.cpp, line 774]
Event: 1.968 Thread 0x000001eecc9ec4f0 Exception <a 'java/lang/NoSuchMethodError'{0x000000008d92bea0}: 'java.lang.Object java.lang.invoke.Invokers$Holder.invoker(java.lang.Object, java.lang.Object, java.lang.Object, java.lang.Object, java.lang.Object, java.lang.Object, java.lang.Object, java.lang.Object, java.lang.Object, java.lang.Object)'> (0x000000008d92bea0) 
thrown [s\open\src\hotspot\share\interpreter\linkResolver.cpp, line 774]
Event: 2.061 Thread 0x000001eecc9ec4f0 Exception <a 'java/lang/NoSuchMethodError'{0x000000008d350890}: 'void java.lang.invoke.DirectMethodHandle$Holder.invokeInterface(java.lang.Object, java.lang.Object)'> (0x000000008d350890) 
thrown [s\open\src\hotspot\share\interpreter\linkResolver.cpp, line 774]
Event: 2.061 Thread 0x000001eecc9ec4f0 Exception <a 'java/lang/IncompatibleClassChangeError'{0x000000008d353e00}: Found class java.lang.Object, but interface was expected> (0x000000008d353e00) 
thrown [s\open\src\hotspot\share\interpreter\linkResolver.cpp, line 841]
Event: 2.077 Thread 0x000001eecc9ec4f0 Exception <a 'java/lang/NoSuchMethodError'{0x000000008d276128}: 'java.lang.Object java.lang.invoke.DirectMethodHandle$Holder.newInvokeSpecial(java.lang.Object, java.lang.Object, int)'> (0x000000008d276128) 
thrown [s\open\src\hotspot\share\interpreter\linkResolver.cpp, line 774]
Event: 2.121 Thread 0x000001eecc9ec4f0 Exception <a 'java/lang/NoSuchMethodError'{0x000000008cef4bf8}: 'java.lang.Object java.lang.invoke.DirectMethodHandle$Holder.invokeVirtual(java.lang.Object, java.lang.Object, java.lang.Object, java.lang.Object, java.lang.Object, java.lang.Object, java.lang.Object, java.lang.Object)'> (0x000000008cef4bf8) 
thrown [s\open\src\hotspot\share\interpreter\linkResolver.cpp, line 774]

ZGC Phase Switch (0 events):
No events

VM Operations (20 events):
Event: 1.433 Executing VM operation: HandshakeAllThreads (Deoptimize)
Event: 1.433 Executing VM operation: HandshakeAllThreads (Deoptimize) done
Event: 1.433 Executing VM operation: HandshakeAllThreads (Deoptimize)
Event: 1.433 Executing VM operation: HandshakeAllThreads (Deoptimize) done
Event: 1.461 Executing VM operation: HandshakeAllThreads (Deoptimize)
Event: 1.461 Executing VM operation: HandshakeAllThreads (Deoptimize) done
Event: 1.474 Executing VM operation: G1CollectForAllocation (G1 Evacuation Pause)
Event: 1.478 Executing VM operation: G1CollectForAllocation (G1 Evacuation Pause) done
Event: 1.533 Executing VM operation: HandshakeAllThreads (Deoptimize)
Event: 1.533 Executing VM operation: HandshakeAllThreads (Deoptimize) done
Event: 1.557 Executing VM operation: HandshakeAllThreads (Deoptimize)
Event: 1.557 Executing VM operation: HandshakeAllThreads (Deoptimize) done
Event: 1.600 Executing VM operation: HandshakeAllThreads (Deoptimize)
Event: 1.600 Executing VM operation: HandshakeAllThreads (Deoptimize) done
Event: 1.691 Executing VM operation: HandshakeAllThreads (Deoptimize)
Event: 1.691 Executing VM operation: HandshakeAllThreads (Deoptimize) done
Event: 1.793 Executing VM operation: ICBufferFull
Event: 1.793 Executing VM operation: ICBufferFull done
Event: 2.075 Executing VM operation: HandshakeAllThreads (Deoptimize)
Event: 2.075 Executing VM operation: HandshakeAllThreads (Deoptimize) done

Memory protections (0 events):
No events

Nmethod flushes (0 events):
No events

Events (20 events):
Event: 0.059 Thread 0x000001ee85c3d0c0 Thread added: 0x000001ee85c7d3b0
Event: 0.059 Thread 0x000001ee85b7c0c0 Thread added: 0x000001ee85c7dc00
Event: 0.100 Thread 0x000001eee6336470 Thread added: 0x000001ee85b6ac70
Event: 0.346 Thread 0x000001ee85b7c0c0 Thread added: 0x000001ee85e6a6f0
Event: 0.635 Thread 0x000001ee85b7c0c0 Thread added: 0x000001eecbfa1010
Event: 0.635 Thread 0x000001ee85b7c0c0 Thread added: 0x000001eecbe8f550
Event: 0.646 Thread 0x000001ee85e6a6f0 Thread exited: 0x000001ee85e6a6f0
Event: 1.433 Thread 0x000001eee6336470 Thread added: 0x000001ee85b6d3d0
Event: 1.619 Thread 0x000001eee6336470 Thread added: 0x000001ee85b6b300
Event: 1.680 Thread 0x000001eee6336470 Thread added: 0x000001ee85b6b990
Event: 1.734 Thread 0x000001ee85b6b300 Thread added: 0x000001ee85b6cd40
Event: 1.736 Thread 0x000001ee85b6cd40 Thread added: 0x000001eecc9e89e0
Event: 1.763 Thread 0x000001ee85b6cd40 Thread added: 0x000001eecc9e9700
Event: 1.770 Thread 0x000001ee85b6cd40 Thread added: 0x000001eecc9ec4f0
Event: 1.779 Thread 0x000001eecc9ec4f0 Thread added: 0x000001eecc9eb140
Event: 1.782 Thread 0x000001eecc9ec4f0 Thread added: 0x000001eecc9eb7d0
Event: 1.783 Thread 0x000001eecc9ec4f0 Thread added: 0x000001eecc9e9d90
Event: 2.076 Thread 0x000001eecc9ec4f0 Thread added: 0x000001eecc9e9070
Event: 2.083 Thread 0x000001eecc9ec4f0 Thread added: 0x000001eecc9ecb80
Event: 2.106 Thread 0x000001eecc9ec4f0 Thread added: 0x000001eecc9ed8a0


Dynamic libraries:
0x00007ff67e980000 - 0x00007ff67e990000 	C:\Program Files\Java\jdk-22\bin\java.exe
0x00007ffb27480000 - 0x00007ffb276e8000 	C:\WINDOWS\SYSTEM32\ntdll.dll
0x00007ffaf59d0000 - 0x00007ffaf59f0000 	C:\Program Files\Avast Software\Avast\aswhook.dll
0x00007ffb257b0000 - 0x00007ffb25879000 	C:\WINDOWS\System32\KERNEL32.DLL
0x00007ffb24700000 - 0x00007ffb24af2000 	C:\WINDOWS\System32\KERNELBASE.dll
0x00007ffb21190000 - 0x00007ffb2122f000 	C:\WINDOWS\SYSTEM32\apphelp.dll
0x00007ffb25100000 - 0x00007ffb2524b000 	C:\WINDOWS\System32\ucrtbase.dll
0x00007ffb034a0000 - 0x00007ffb034b7000 	C:\Program Files\Java\jdk-22\bin\jli.dll
0x00007ffaf35b0000 - 0x00007ffaf35cb000 	C:\Program Files\Java\jdk-22\bin\VCRUNTIME140.dll
0x00007ffb26b10000 - 0x00007ffb26cd5000 	C:\WINDOWS\System32\USER32.dll
0x00007ffb246d0000 - 0x00007ffb246f7000 	C:\WINDOWS\System32\win32u.dll
0x00007ffb25880000 - 0x00007ffb258ab000 	C:\WINDOWS\System32\GDI32.dll
0x00007ffb126e0000 - 0x00007ffb12973000 	C:\WINDOWS\WinSxS\amd64_microsoft.windows.common-controls_6595b64144ccf1df_6.0.26100.6899_none_3e0efeeae32e88c1\COMCTL32.dll
0x00007ffb24ba0000 - 0x00007ffb24ccd000 	C:\WINDOWS\System32\gdi32full.dll
0x00007ffb258b0000 - 0x00007ffb25959000 	C:\WINDOWS\System32\msvcrt.dll
0x00007ffb25050000 - 0x00007ffb250f3000 	C:\WINDOWS\System32\msvcp_win.dll
0x00007ffb26630000 - 0x00007ffb2665f000 	C:\WINDOWS\System32\IMM32.DLL
0x00007ffb160a0000 - 0x00007ffb160ac000 	C:\Program Files\Java\jdk-22\bin\vcruntime140_1.dll
0x00007ffac9ca0000 - 0x00007ffac9d2e000 	C:\Program Files\Java\jdk-22\bin\msvcp140.dll
0x00007ff9fdd30000 - 0x00007ff9fea79000 	C:\Program Files\Java\jdk-22\bin\server\jvm.dll
0x00007ffb26e70000 - 0x00007ffb26f24000 	C:\WINDOWS\System32\ADVAPI32.dll
0x00007ffb25380000 - 0x00007ffb25426000 	C:\WINDOWS\System32\sechost.dll
0x00007ffb26430000 - 0x00007ffb26548000 	C:\WINDOWS\System32\RPCRT4.dll
0x00007ffb26140000 - 0x00007ffb261b4000 	C:\WINDOWS\System32\WS2_32.dll
0x00007ffb24470000 - 0x00007ffb244ce000 	C:\WINDOWS\SYSTEM32\POWRPROF.dll
0x00007ffb1d700000 - 0x00007ffb1d70b000 	C:\WINDOWS\SYSTEM32\VERSION.dll
0x00007ffb1d660000 - 0x00007ffb1d695000 	C:\WINDOWS\SYSTEM32\WINMM.dll
0x00007ffb24450000 - 0x00007ffb24464000 	C:\WINDOWS\SYSTEM32\UMPDC.dll
0x00007ffb233e0000 - 0x00007ffb233fb000 	C:\WINDOWS\SYSTEM32\kernel.appcore.dll
0x00007ffb149c0000 - 0x00007ffb149ca000 	C:\Program Files\Java\jdk-22\bin\jimage.dll
0x00007ffb21c20000 - 0x00007ffb21e62000 	C:\WINDOWS\SYSTEM32\DBGHELP.DLL
0x00007ffb25430000 - 0x00007ffb257ab000 	C:\WINDOWS\System32\combase.dll
0x00007ffb26550000 - 0x00007ffb26627000 	C:\WINDOWS\System32\OLEAUT32.dll
0x00007ffb13c80000 - 0x00007ffb13cbc000 	C:\WINDOWS\SYSTEM32\dbgcore.DLL
0x00007ffb24b00000 - 0x00007ffb24b98000 	C:\WINDOWS\System32\bcryptPrimitives.dll
0x00007ffb130c0000 - 0x00007ffb130cf000 	C:\Program Files\Java\jdk-22\bin\instrument.dll
0x00007ffaeffc0000 - 0x00007ffaeffde000 	C:\Program Files\Java\jdk-22\bin\java.dll
0x00007ffb25960000 - 0x00007ffb260ad000 	C:\WINDOWS\System32\SHELL32.dll
0x00007ffb24d60000 - 0x00007ffb24ecb000 	C:\WINDOWS\System32\wintypes.dll
0x00007ffb27110000 - 0x00007ffb272a8000 	C:\WINDOWS\System32\ole32.dll
0x00007ffb22280000 - 0x00007ffb22add000 	C:\WINDOWS\SYSTEM32\windows.storage.dll
0x00007ffb26320000 - 0x00007ffb26412000 	C:\WINDOWS\System32\SHCORE.dll
0x00007ffb260c0000 - 0x00007ffb26122000 	C:\WINDOWS\System32\shlwapi.dll
0x00007ffb24530000 - 0x00007ffb24559000 	C:\WINDOWS\SYSTEM32\profapi.dll
0x00007ffaa2bf0000 - 0x00007ffaa2cc7000 	C:\Program Files\Java\jdk-22\bin\jsvml.dll
0x00007ffae5390000 - 0x00007ffae53a7000 	C:\Program Files\Java\jdk-22\bin\zip.dll
0x00007ffb087f0000 - 0x00007ffb08800000 	C:\Program Files\Java\jdk-22\bin\net.dll
0x00007ffb23950000 - 0x00007ffb239bb000 	C:\WINDOWS\system32\mswsock.dll
0x00007ffae52a0000 - 0x00007ffae52b6000 	C:\Program Files\Java\jdk-22\bin\nio.dll
0x00007ffb01540000 - 0x00007ffb01550000 	C:\Program Files\Java\jdk-22\bin\verify.dll
0x00007ffaf4470000 - 0x00007ffaf4497000 	C:\Users\Asus\.gradle\native\1def1411415f61bf3af743bc5b6707747c0891f09f0c88961ee8f79bc544acac\windows-amd64\native-platform.dll
0x00007ffab7320000 - 0x00007ffab7398000 	C:\Users\Asus\.gradle\native\0.2.7\x86_64-windows-gnu\gradle-fileevents.dll
0x00007ffaf7f70000 - 0x00007ffaf7f7a000 	C:\Program Files\Java\jdk-22\bin\management.dll
0x00007ffaf7e20000 - 0x00007ffaf7e2b000 	C:\Program Files\Java\jdk-22\bin\management_ext.dll
0x00007ffb26b00000 - 0x00007ffb26b08000 	C:\WINDOWS\System32\PSAPI.DLL
0x00007ffb22f50000 - 0x00007ffb22f84000 	C:\WINDOWS\SYSTEM32\IPHLPAPI.DLL
0x00007ffb26420000 - 0x00007ffb2642a000 	C:\WINDOWS\System32\NSI.dll
0x00007ffaf4460000 - 0x00007ffaf4469000 	C:\Program Files\Java\jdk-22\bin\extnet.dll
0x00007ffb23c10000 - 0x00007ffb23c2b000 	C:\WINDOWS\SYSTEM32\CRYPTSP.dll
0x00007ffb23340000 - 0x00007ffb2337b000 	C:\WINDOWS\system32\rsaenh.dll
0x00007ffb239f0000 - 0x00007ffb23a1b000 	C:\WINDOWS\SYSTEM32\USERENV.dll
0x00007ffb24500000 - 0x00007ffb24526000 	C:\WINDOWS\SYSTEM32\bcrypt.dll
0x00007ffb23c00000 - 0x00007ffb23c0c000 	C:\WINDOWS\SYSTEM32\CRYPTBASE.dll
0x00007ffaf1e90000 - 0x00007ffaf1e9e000 	C:\Program Files\Java\jdk-22\bin\sunmscapi.dll
0x00007ffb24ed0000 - 0x00007ffb25047000 	C:\WINDOWS\System32\CRYPT32.dll
0x00007ffb23e20000 - 0x00007ffb23e50000 	C:\WINDOWS\SYSTEM32\ncrypt.dll
0x00007ffb23dd0000 - 0x00007ffb23e0f000 	C:\WINDOWS\SYSTEM32\NTASN1.dll
0x00007ffae9a70000 - 0x00007ffae9a78000 	C:\WINDOWS\system32\wshunix.dll

dbghelp: loaded successfully - version: 4.0.5 - missing functions: none
symbol engine: initialized successfully - sym options: 0x614 - pdb path: .;C:\Program Files\Java\jdk-22\bin;C:\WINDOWS\SYSTEM32;C:\Program Files\Avast Software\Avast;C:\WINDOWS\WinSxS\amd64_microsoft.windows.common-controls_6595b64144ccf1df_6.0.26100.6899_none_3e0efeeae32e88c1;C:\Program Files\Java\jdk-22\bin\server;C:\Users\Asus\.gradle\native\1def1411415f61bf3af743bc5b6707747c0891f09f0c88961ee8f79bc544acac\windows-amd64;C:\Users\Asus\.gradle\native\0.2.7\x86_64-windows-gnu

VM Arguments:
jvm_args: --add-opens=java.base/java.lang=ALL-UNNAMED --add-opens=java.base/java.lang.invoke=ALL-UNNAMED --add-opens=java.base/java.util=ALL-UNNAMED --add-opens=java.prefs/java.util.prefs=ALL-UNNAMED --add-exports=jdk.compiler/com.sun.tools.javac.api=ALL-UNNAMED --add-exports=jdk.compiler/com.sun.tools.javac.util=ALL-UNNAMED --add-opens=java.base/java.util=ALL-UNNAMED --add-opens=java.prefs/java.util.prefs=ALL-UNNAMED --add-opens=java.base/java.nio.charset=ALL-UNNAMED --add-opens=java.base/java.net=ALL-UNNAMED --add-opens=java.base/java.util.concurrent.atomic=ALL-UNNAMED --add-opens=java.xml/javax.xml.namespace=ALL-UNNAMED -Xmx2048m -Dfile.encoding=UTF-8 -Duser.country=ID -Duser.language=en -Duser.variant -javaagent:C:\Users\Asus\.gradle\wrapper\dists\gradle-8.13-bin\5xuhj0ry160q40clulazy9h7d\gradle-8.13\lib\agents\gradle-instrumentation-agent-8.13.jar 
java_command: org.gradle.launcher.daemon.bootstrap.GradleDaemon 8.13
java_class_path (initial): C:\Users\Asus\.gradle\wrapper\dists\gradle-8.13-bin\5xuhj0ry160q40clulazy9h7d\gradle-8.13\lib\gradle-daemon-main-8.13.jar
Launcher Type: SUN_STANDARD

[Global flags]
     intx CICompilerCount                          = 12                                        {product} {ergonomic}
     uint ConcGCThreads                            = 3                                         {product} {ergonomic}
     uint G1ConcRefinementThreads                  = 13                                        {product} {ergonomic}
   size_t G1HeapRegionSize                         = 1048576                                   {product} {ergonomic}
   size_t InitialHeapSize                          = 260046848                                 {product} {ergonomic}
   size_t MarkStackSize                            = 4194304                                   {product} {ergonomic}
   size_t MaxHeapSize                              = 2147483648                                {product} {command line}
   size_t MaxNewSize                               = 1287651328                                {product} {ergonomic}
   size_t MinHeapDeltaBytes                        = 1048576                                   {product} {ergonomic}
   size_t MinHeapSize                              = 8388608                                   {product} {ergonomic}
    uintx NonNMethodCodeHeapSize                   = 7602480                                {pd product} {ergonomic}
    uintx NonProfiledCodeHeapSize                  = 122027880                              {pd product} {ergonomic}
    uintx ProfiledCodeHeapSize                     = 122027880                              {pd product} {ergonomic}
    uintx ReservedCodeCacheSize                    = 251658240                              {pd product} {ergonomic}
     bool SegmentedCodeCache                       = true                                      {product} {ergonomic}
   size_t SoftMaxHeapSize                          = 2147483648                             {manageable} {ergonomic}
     bool UseCompressedOops                        = true                           {product lp64_product} {ergonomic}
     bool UseG1GC                                  = true                                      {product} {ergonomic}
     bool UseLargePagesIndividualAllocation        = false                                  {pd product} {ergonomic}

Logging:
Log output configuration:
 #0: stdout all=warning uptime,level,tags foldmultilines=false
 #1: stderr all=off uptime,level,tags foldmultilines=false

Environment Variables:
PATH=C:\Program Files\Google\Chrome\Application;C:\Program Files\Common Files\Oracle\Java\javapath;C:\Program Files (x86)\Common Files\Oracle\Java\java8path;C:\Program Files (x86)\Common Files\Oracle\Java\javapath;C:\Inprise\vbroker\bin;C:\PROGRA~2\Borland\CBUILD~1\Bin;C:\PROGRA~2\Borland\CBUILD~1\Projects\Bpl;C:\WINDOWS\system32;C:\WINDOWS;C:\WINDOWS\System32\Wbem;C:\WINDOWS\System32\WindowsPowerShell\v1.0\;C:\WINDOWS\System32\OpenSSH\;C:\Program Files\nodejs\;C:\ProgramData\chocolatey\bin;C:\Program Files\Git\cmd;C:\Users\Asus\AppData\Local\Programs\Python\Python313\Scripts\;C:\Users\Asus\AppData\Local\Programs\Python\Python313\;C:\Users\Asus\AppData\Local\Programs\Python\Launcher\;C:\Users\Asus\AppData\Local\Microsoft\WindowsApps;C:\Users\Asus\AppData\Local\Programs\Microsoft VS Code\bin;C:\Users\Asus\AppData\Roaming\npm;C:\Program Files\PostgreSQL\17\bin;C:\Program Files\JetBrains\DataGrip 2025.2.3\bin;c:\Users\Asus\AppData\Local\Programs\Trae\resources\app\bin\lib
USERNAME=Asus
OS=Windows_NT
PROCESSOR_IDENTIFIER=AMD64 Family 25 Model 80 Stepping 0, AuthenticAMD
TMP=C:\Users\Asus\AppData\Local\Temp
TEMP=C:\Users\Asus\AppData\Local\Temp




Periodic native trim disabled

---------------  S Y S T E M  ---------------

OS:
 Windows 11 , 64 bit Build 26100 (10.0.26100.6725)
OS uptime: 1 days 17:13 hours

CPU: total 16 (initial active 16) (16 cores per cpu, 2 threads per core) family 25 model 80 stepping 0 microcode 0xa50000d, cx8, cmov, fxsr, ht, mmx, 3dnowpref, sse, sse2, sse3, ssse3, sse4a, sse4.1, sse4.2, popcnt, lzcnt, tsc, tscinvbit, avx, avx2, aes, erms, clmul, bmi1, bmi2, adx, sha, fma, vzeroupper, clflush, clflushopt, rdtscp, rdpid, fsrm, f16c, pku, cet_ss
Processor Information for processor 0
  Max Mhz: 3201, Current Mhz: 3201, Mhz Limit: 3201
Processor Information for processor 1
  Max Mhz: 3201, Current Mhz: 3201, Mhz Limit: 3201
Processor Information for processor 2
  Max Mhz: 3201, Current Mhz: 3201, Mhz Limit: 3201
Processor Information for processor 3
  Max Mhz: 3201, Current Mhz: 1990, Mhz Limit: 3201
Processor Information for processor 4
  Max Mhz: 3201, Current Mhz: 3201, Mhz Limit: 3201
Processor Information for processor 5
  Max Mhz: 3201, Current Mhz: 3201, Mhz Limit: 3201
Processor Information for processor 6
  Max Mhz: 3201, Current Mhz: 3201, Mhz Limit: 3201
Processor Information for processor 7
  Max Mhz: 3201, Current Mhz: 1990, Mhz Limit: 3201
Processor Information for processor 8
  Max Mhz: 3201, Current Mhz: 3201, Mhz Limit: 3201
Processor Information for processor 9
  Max Mhz: 3201, Current Mhz: 1990, Mhz Limit: 3201
Processor Information for processor 10
  Max Mhz: 3201, Current Mhz: 3201, Mhz Limit: 3201
Processor Information for processor 11
  Max Mhz: 3201, Current Mhz: 1990, Mhz Limit: 3201
Processor Information for processor 12
  Max Mhz: 3201, Current Mhz: 3201, Mhz Limit: 3201
Processor Information for processor 13
  Max Mhz: 3201, Current Mhz: 3201, Mhz Limit: 3201
Processor Information for processor 14
  Max Mhz: 3201, Current Mhz: 3201, Mhz Limit: 3201
Processor Information for processor 15
  Max Mhz: 3201, Current Mhz: 3201, Mhz Limit: 3201

Memory: 4k page, system-wide physical 15775M (1777M free)
TotalPageFile size 37805M (AvailPageFile size 4M)
current process WorkingSet (physical memory assigned to process): 177M, peak: 177M
current process commit charge ("private bytes"): 407M, peak: 407M

vm_info: Java HotSpot(TM) 64-Bit Server VM (22.0.2+9-70) for windows-amd64 JRE (22.0.2+9-70), built on 2024-06-04T16:52:23Z by "mach5one" with MS VC++ 17.6 (VS2022)

END.
